<?xml version="1.0" encoding="UTF-8"?>
<testng-results ignored="0" total="94" passed="85" failed="1" skipped="8">
  <reporter-output>
  </reporter-output>
  <suite started-at="2024-12-24T18:38:31 PKT" name="Ai4Lyf" finished-at="2024-12-24T19:02:35 PKT" duration-ms="1444509">
    <groups>
    </groups>
    <test started-at="2024-12-24T18:38:31 PKT" name="Regression Testing 1.0" finished-at="2024-12-24T19:02:35 PKT" duration-ms="1444509">
      <class name="co.ai4lyf.Testcases.OnBoardingWaterLogTestcases">
        <test-method is-config="true" signature="setUp()[pri:0, instance:co.ai4lyf.Testcases.OnBoardingWaterLogTestcases@2cd76f31]" started-at="2024-12-24T18:39:53 PKT" name="setUp" finished-at="2024-12-24T18:40:01 PKT" duration-ms="8617" status="PASS">
          <reporter-output>
          </reporter-output>
        </test-method> <!-- setUp -->
        <test-method signature="WaterLogoVerification()[pri:1, instance:co.ai4lyf.Testcases.OnBoardingWaterLogTestcases@2cd76f31]" started-at="2024-12-24T18:40:01 PKT" name="WaterLogoVerification" finished-at="2024-12-24T18:40:02 PKT" duration-ms="1010" status="PASS">
          <reporter-output>
          </reporter-output>
        </test-method> <!-- WaterLogoVerification -->
        <test-method is-config="true" signature="tearDown()[pri:0, instance:co.ai4lyf.Testcases.OnBoardingWaterLogTestcases@2cd76f31]" started-at="2024-12-24T18:40:02 PKT" name="tearDown" finished-at="2024-12-24T18:40:03 PKT" duration-ms="384" status="PASS">
          <reporter-output>
          </reporter-output>
        </test-method> <!-- tearDown -->
        <test-method is-config="true" signature="setUp()[pri:0, instance:co.ai4lyf.Testcases.OnBoardingWaterLogTestcases@2cd76f31]" started-at="2024-12-24T18:40:03 PKT" name="setUp" finished-at="2024-12-24T18:40:11 PKT" duration-ms="8722" status="PASS">
          <reporter-output>
          </reporter-output>
        </test-method> <!-- setUp -->
        <test-method signature="HeadText()[pri:2, instance:co.ai4lyf.Testcases.OnBoardingWaterLogTestcases@2cd76f31]" started-at="2024-12-24T18:40:11 PKT" name="HeadText" finished-at="2024-12-24T18:40:12 PKT" duration-ms="1144" status="PASS">
          <reporter-output>
          </reporter-output>
        </test-method> <!-- HeadText -->
        <test-method is-config="true" signature="tearDown()[pri:0, instance:co.ai4lyf.Testcases.OnBoardingWaterLogTestcases@2cd76f31]" started-at="2024-12-24T18:40:12 PKT" name="tearDown" finished-at="2024-12-24T18:40:13 PKT" duration-ms="368" status="PASS">
          <reporter-output>
          </reporter-output>
        </test-method> <!-- tearDown -->
        <test-method is-config="true" signature="setUp()[pri:0, instance:co.ai4lyf.Testcases.OnBoardingWaterLogTestcases@2cd76f31]" started-at="2024-12-24T18:40:13 PKT" name="setUp" finished-at="2024-12-24T18:40:21 PKT" duration-ms="8468" status="PASS">
          <reporter-output>
          </reporter-output>
        </test-method> <!-- setUp -->
        <test-method signature="ParaText1()[pri:3, instance:co.ai4lyf.Testcases.OnBoardingWaterLogTestcases@2cd76f31]" started-at="2024-12-24T18:40:21 PKT" name="ParaText1" finished-at="2024-12-24T18:40:22 PKT" duration-ms="1111" status="PASS">
          <reporter-output>
          </reporter-output>
        </test-method> <!-- ParaText1 -->
        <test-method is-config="true" signature="tearDown()[pri:0, instance:co.ai4lyf.Testcases.OnBoardingWaterLogTestcases@2cd76f31]" started-at="2024-12-24T18:40:22 PKT" name="tearDown" finished-at="2024-12-24T18:40:23 PKT" duration-ms="373" status="PASS">
          <reporter-output>
          </reporter-output>
        </test-method> <!-- tearDown -->
        <test-method is-config="true" signature="setUp()[pri:0, instance:co.ai4lyf.Testcases.OnBoardingWaterLogTestcases@2cd76f31]" started-at="2024-12-24T18:40:23 PKT" name="setUp" finished-at="2024-12-24T18:40:31 PKT" duration-ms="8207" status="PASS">
          <reporter-output>
          </reporter-output>
        </test-method> <!-- setUp -->
        <test-method signature="ParaText2()[pri:4, instance:co.ai4lyf.Testcases.OnBoardingWaterLogTestcases@2cd76f31]" started-at="2024-12-24T18:40:31 PKT" name="ParaText2" finished-at="2024-12-24T18:40:31 PKT" duration-ms="118" status="PASS">
          <reporter-output>
          </reporter-output>
        </test-method> <!-- ParaText2 -->
        <test-method is-config="true" signature="tearDown()[pri:0, instance:co.ai4lyf.Testcases.OnBoardingWaterLogTestcases@2cd76f31]" started-at="2024-12-24T18:40:31 PKT" name="tearDown" finished-at="2024-12-24T18:40:31 PKT" duration-ms="318" status="PASS">
          <reporter-output>
          </reporter-output>
        </test-method> <!-- tearDown -->
        <test-method is-config="true" signature="setUp()[pri:0, instance:co.ai4lyf.Testcases.OnBoardingWaterLogTestcases@2cd76f31]" started-at="2024-12-24T18:40:31 PKT" name="setUp" finished-at="2024-12-24T18:40:41 PKT" duration-ms="9790" status="PASS">
          <reporter-output>
          </reporter-output>
        </test-method> <!-- setUp -->
        <test-method signature="Skiptext()[pri:5, instance:co.ai4lyf.Testcases.OnBoardingWaterLogTestcases@2cd76f31]" started-at="2024-12-24T18:40:41 PKT" name="Skiptext" finished-at="2024-12-24T18:40:42 PKT" duration-ms="982" status="PASS">
          <reporter-output>
          </reporter-output>
        </test-method> <!-- Skiptext -->
        <test-method is-config="true" signature="tearDown()[pri:0, instance:co.ai4lyf.Testcases.OnBoardingWaterLogTestcases@2cd76f31]" started-at="2024-12-24T18:40:42 PKT" name="tearDown" finished-at="2024-12-24T18:40:43 PKT" duration-ms="430" status="PASS">
          <reporter-output>
          </reporter-output>
        </test-method> <!-- tearDown -->
        <test-method is-config="true" signature="setUp()[pri:0, instance:co.ai4lyf.Testcases.OnBoardingWaterLogTestcases@2cd76f31]" started-at="2024-12-24T18:40:43 PKT" name="setUp" finished-at="2024-12-24T18:40:56 PKT" duration-ms="13670" status="PASS">
          <reporter-output>
          </reporter-output>
        </test-method> <!-- setUp -->
        <test-method signature="Nexttext()[pri:6, instance:co.ai4lyf.Testcases.OnBoardingWaterLogTestcases@2cd76f31]" started-at="2024-12-24T18:40:56 PKT" name="Nexttext" finished-at="2024-12-24T18:40:57 PKT" duration-ms="1011" status="PASS">
          <reporter-output>
          </reporter-output>
        </test-method> <!-- Nexttext -->
        <test-method is-config="true" signature="tearDown()[pri:0, instance:co.ai4lyf.Testcases.OnBoardingWaterLogTestcases@2cd76f31]" started-at="2024-12-24T18:40:57 PKT" name="tearDown" finished-at="2024-12-24T18:40:58 PKT" duration-ms="363" status="PASS">
          <reporter-output>
          </reporter-output>
        </test-method> <!-- tearDown -->
        <test-method is-config="true" signature="setUp()[pri:0, instance:co.ai4lyf.Testcases.OnBoardingWaterLogTestcases@2cd76f31]" started-at="2024-12-24T18:40:58 PKT" name="setUp" finished-at="2024-12-24T18:41:07 PKT" duration-ms="8837" status="PASS">
          <reporter-output>
          </reporter-output>
        </test-method> <!-- setUp -->
        <test-method signature="ClickSkip()[pri:7, instance:co.ai4lyf.Testcases.OnBoardingWaterLogTestcases@2cd76f31]" started-at="2024-12-24T18:41:07 PKT" name="ClickSkip" finished-at="2024-12-24T18:41:12 PKT" duration-ms="5511" status="PASS">
          <reporter-output>
          </reporter-output>
        </test-method> <!-- ClickSkip -->
        <test-method is-config="true" signature="tearDown()[pri:0, instance:co.ai4lyf.Testcases.OnBoardingWaterLogTestcases@2cd76f31]" started-at="2024-12-24T18:41:12 PKT" name="tearDown" finished-at="2024-12-24T18:41:13 PKT" duration-ms="569" status="PASS">
          <reporter-output>
          </reporter-output>
        </test-method> <!-- tearDown -->
        <test-method is-config="true" signature="setUp()[pri:0, instance:co.ai4lyf.Testcases.OnBoardingWaterLogTestcases@2cd76f31]" started-at="2024-12-24T18:41:13 PKT" name="setUp" finished-at="2024-12-24T18:41:21 PKT" duration-ms="8869" status="PASS">
          <reporter-output>
          </reporter-output>
        </test-method> <!-- setUp -->
        <test-method signature="ClickNext()[pri:8, instance:co.ai4lyf.Testcases.OnBoardingWaterLogTestcases@2cd76f31]" started-at="2024-12-24T18:41:21 PKT" name="ClickNext" finished-at="2024-12-24T18:41:24 PKT" duration-ms="2741" status="PASS">
          <reporter-output>
          </reporter-output>
        </test-method> <!-- ClickNext -->
        <test-method is-config="true" signature="tearDown()[pri:0, instance:co.ai4lyf.Testcases.OnBoardingWaterLogTestcases@2cd76f31]" started-at="2024-12-24T18:41:24 PKT" name="tearDown" finished-at="2024-12-24T18:41:25 PKT" duration-ms="410" status="PASS">
          <reporter-output>
          </reporter-output>
        </test-method> <!-- tearDown -->
      </class> <!-- co.ai4lyf.Testcases.OnBoardingWaterLogTestcases -->
      <class name="co.ai4lyf.Testcases.OnBoardingInhalerTestcases">
        <test-method is-config="true" signature="setup()[pri:0, instance:co.ai4lyf.Testcases.OnBoardingInhalerTestcases@367ffa75]" started-at="2024-12-24T18:41:25 PKT" name="setup" finished-at="2024-12-24T18:41:34 PKT" duration-ms="9697" status="PASS">
          <reporter-output>
          </reporter-output>
        </test-method> <!-- setup -->
        <test-method signature="LogoVerification()[pri:1, instance:co.ai4lyf.Testcases.OnBoardingInhalerTestcases@367ffa75]" started-at="2024-12-24T18:41:34 PKT" name="LogoVerification" finished-at="2024-12-24T18:41:36 PKT" duration-ms="1225" status="PASS">
          <reporter-output>
          </reporter-output>
        </test-method> <!-- LogoVerification -->
        <test-method is-config="true" signature="tearDown()[pri:0, instance:co.ai4lyf.Testcases.OnBoardingInhalerTestcases@367ffa75]" started-at="2024-12-24T18:41:36 PKT" name="tearDown" finished-at="2024-12-24T18:41:36 PKT" duration-ms="324" status="PASS">
          <reporter-output>
          </reporter-output>
        </test-method> <!-- tearDown -->
        <test-method is-config="true" signature="setup()[pri:0, instance:co.ai4lyf.Testcases.OnBoardingInhalerTestcases@367ffa75]" started-at="2024-12-24T18:41:36 PKT" name="setup" finished-at="2024-12-24T18:41:49 PKT" duration-ms="12642" status="PASS">
          <reporter-output>
          </reporter-output>
        </test-method> <!-- setup -->
        <test-method signature="HeadText()[pri:2, instance:co.ai4lyf.Testcases.OnBoardingInhalerTestcases@367ffa75]" started-at="2024-12-24T18:41:49 PKT" name="HeadText" finished-at="2024-12-24T18:41:50 PKT" duration-ms="1446" status="PASS">
          <reporter-output>
          </reporter-output>
        </test-method> <!-- HeadText -->
        <test-method is-config="true" signature="tearDown()[pri:0, instance:co.ai4lyf.Testcases.OnBoardingInhalerTestcases@367ffa75]" started-at="2024-12-24T18:41:50 PKT" name="tearDown" finished-at="2024-12-24T18:41:50 PKT" duration-ms="407" status="PASS">
          <reporter-output>
          </reporter-output>
        </test-method> <!-- tearDown -->
        <test-method is-config="true" signature="setup()[pri:0, instance:co.ai4lyf.Testcases.OnBoardingInhalerTestcases@367ffa75]" started-at="2024-12-24T18:41:50 PKT" name="setup" finished-at="2024-12-24T18:42:00 PKT" duration-ms="9957" status="PASS">
          <reporter-output>
          </reporter-output>
        </test-method> <!-- setup -->
        <test-method signature="ParaText1()[pri:3, instance:co.ai4lyf.Testcases.OnBoardingInhalerTestcases@367ffa75]" started-at="2024-12-24T18:42:00 PKT" name="ParaText1" finished-at="2024-12-24T18:42:02 PKT" duration-ms="1374" status="PASS">
          <reporter-output>
          </reporter-output>
        </test-method> <!-- ParaText1 -->
        <test-method is-config="true" signature="tearDown()[pri:0, instance:co.ai4lyf.Testcases.OnBoardingInhalerTestcases@367ffa75]" started-at="2024-12-24T18:42:02 PKT" name="tearDown" finished-at="2024-12-24T18:42:02 PKT" duration-ms="349" status="PASS">
          <reporter-output>
          </reporter-output>
        </test-method> <!-- tearDown -->
        <test-method is-config="true" signature="setup()[pri:0, instance:co.ai4lyf.Testcases.OnBoardingInhalerTestcases@367ffa75]" started-at="2024-12-24T18:42:02 PKT" name="setup" finished-at="2024-12-24T18:42:33 PKT" duration-ms="31204" status="FAIL">
          <exception class="java.lang.NullPointerException">
            <message>
              <![CDATA[Cannot invoke "org.openqa.selenium.SearchContext.findElement(org.openqa.selenium.By)" because "this.searchContext" is null]]>
            </message>
            <full-stacktrace>
              <![CDATA[java.lang.NullPointerException: Cannot invoke "org.openqa.selenium.SearchContext.findElement(org.openqa.selenium.By)" because "this.searchContext" is null
at org.openqa.selenium.support.pagefactory.DefaultElementLocator.findElement(DefaultElementLocator.java:68)
at org.openqa.selenium.support.pagefactory.internal.LocatingElementHandler.invoke(LocatingElementHandler.java:38)
at jdk.proxy2/jdk.proxy2.$Proxy13.isDisplayed(Unknown Source)
at org.openqa.selenium.support.ui.ExpectedConditions.elementIfVisible(ExpectedConditions.java:304)
at org.openqa.selenium.support.ui.ExpectedConditions$10.apply(ExpectedConditions.java:290)
at org.openqa.selenium.support.ui.ExpectedConditions$10.apply(ExpectedConditions.java:287)
at org.openqa.selenium.support.ui.ExpectedConditions$23.apply(ExpectedConditions.java:656)
at org.openqa.selenium.support.ui.ExpectedConditions$23.apply(ExpectedConditions.java:652)
at org.openqa.selenium.support.ui.FluentWait.until(FluentWait.java:203)
at co.Ai4Lyf.Objects.WelcomeScreenObjects.ClickContinueBtn(WelcomeScreenObjects.java:60)
at co.ai4lyf.Testcases.OnBoardingInhalerTestcases.setup(OnBoardingInhalerTestcases.java:36)
at java.base/jdk.internal.reflect.DirectMethodHandleAccessor.invoke(DirectMethodHandleAccessor.java:103)
at java.base/java.lang.reflect.Method.invoke(Method.java:580)
at org.testng.internal.MethodInvocationHelper.invokeMethod(MethodInvocationHelper.java:133)
at org.testng.internal.MethodInvocationHelper.invokeMethodConsideringTimeout(MethodInvocationHelper.java:62)
at org.testng.internal.ConfigInvoker.invokeConfigurationMethod(ConfigInvoker.java:385)
at org.testng.internal.ConfigInvoker.invokeConfigurations(ConfigInvoker.java:321)
at org.testng.internal.TestInvoker.runConfigMethods(TestInvoker.java:700)
at org.testng.internal.TestInvoker.invokeMethod(TestInvoker.java:527)
at org.testng.internal.TestInvoker.invokeTestMethod(TestInvoker.java:173)
at org.testng.internal.MethodRunner.runInSequence(MethodRunner.java:46)
at org.testng.internal.TestInvoker$MethodInvocationAgent.invoke(TestInvoker.java:824)
at org.testng.internal.TestInvoker.invokeTestMethods(TestInvoker.java:146)
at org.testng.internal.TestMethodWorker.invokeTestMethods(TestMethodWorker.java:146)
at org.testng.internal.TestMethodWorker.run(TestMethodWorker.java:128)
at java.base/java.util.ArrayList.forEach(ArrayList.java:1597)
at org.testng.TestRunner.privateRun(TestRunner.java:794)
at org.testng.TestRunner.run(TestRunner.java:596)
at org.testng.SuiteRunner.runTest(SuiteRunner.java:377)
at org.testng.SuiteRunner.runSequentially(SuiteRunner.java:371)
at org.testng.SuiteRunner.privateRun(SuiteRunner.java:332)
at org.testng.SuiteRunner.run(SuiteRunner.java:276)
at org.testng.SuiteRunnerWorker.runSuite(SuiteRunnerWorker.java:53)
at org.testng.SuiteRunnerWorker.run(SuiteRunnerWorker.java:96)
at org.testng.TestNG.runSuitesSequentially(TestNG.java:1212)
at org.testng.TestNG.runSuitesLocally(TestNG.java:1134)
at org.testng.TestNG.runSuites(TestNG.java:1063)
at org.testng.TestNG.run(TestNG.java:1031)
at org.testng.remote.AbstractRemoteTestNG.run(AbstractRemoteTestNG.java:115)
at org.testng.remote.RemoteTestNG.initAndRun(RemoteTestNG.java:293)
at org.testng.remote.RemoteTestNG.main(RemoteTestNG.java:91)
]]>
            </full-stacktrace>
          </exception> <!-- java.lang.NullPointerException -->
          <reporter-output>
          </reporter-output>
        </test-method> <!-- setup -->
        <test-method signature="ParaText2()[pri:4, instance:co.ai4lyf.Testcases.OnBoardingInhalerTestcases@367ffa75]" started-at="2024-12-24T18:42:33 PKT" name="ParaText2" finished-at="2024-12-24T18:42:33 PKT" duration-ms="0" status="SKIP">
          <exception class="java.lang.NullPointerException">
            <message>
              <![CDATA[Cannot invoke "org.openqa.selenium.SearchContext.findElement(org.openqa.selenium.By)" because "this.searchContext" is null]]>
            </message>
            <full-stacktrace>
              <![CDATA[java.lang.NullPointerException: Cannot invoke "org.openqa.selenium.SearchContext.findElement(org.openqa.selenium.By)" because "this.searchContext" is null
at org.openqa.selenium.support.pagefactory.DefaultElementLocator.findElement(DefaultElementLocator.java:68)
at org.openqa.selenium.support.pagefactory.internal.LocatingElementHandler.invoke(LocatingElementHandler.java:38)
at jdk.proxy2/jdk.proxy2.$Proxy13.isDisplayed(Unknown Source)
at org.openqa.selenium.support.ui.ExpectedConditions.elementIfVisible(ExpectedConditions.java:304)
at org.openqa.selenium.support.ui.ExpectedConditions$10.apply(ExpectedConditions.java:290)
at org.openqa.selenium.support.ui.ExpectedConditions$10.apply(ExpectedConditions.java:287)
at org.openqa.selenium.support.ui.ExpectedConditions$23.apply(ExpectedConditions.java:656)
at org.openqa.selenium.support.ui.ExpectedConditions$23.apply(ExpectedConditions.java:652)
at org.openqa.selenium.support.ui.FluentWait.until(FluentWait.java:203)
at co.Ai4Lyf.Objects.WelcomeScreenObjects.ClickContinueBtn(WelcomeScreenObjects.java:60)
at co.ai4lyf.Testcases.OnBoardingInhalerTestcases.setup(OnBoardingInhalerTestcases.java:36)
at java.base/jdk.internal.reflect.DirectMethodHandleAccessor.invoke(DirectMethodHandleAccessor.java:103)
at java.base/java.lang.reflect.Method.invoke(Method.java:580)
at org.testng.internal.MethodInvocationHelper.invokeMethod(MethodInvocationHelper.java:133)
at org.testng.internal.MethodInvocationHelper.invokeMethodConsideringTimeout(MethodInvocationHelper.java:62)
at org.testng.internal.ConfigInvoker.invokeConfigurationMethod(ConfigInvoker.java:385)
at org.testng.internal.ConfigInvoker.invokeConfigurations(ConfigInvoker.java:321)
at org.testng.internal.TestInvoker.runConfigMethods(TestInvoker.java:700)
at org.testng.internal.TestInvoker.invokeMethod(TestInvoker.java:527)
at org.testng.internal.TestInvoker.invokeTestMethod(TestInvoker.java:173)
at org.testng.internal.MethodRunner.runInSequence(MethodRunner.java:46)
at org.testng.internal.TestInvoker$MethodInvocationAgent.invoke(TestInvoker.java:824)
at org.testng.internal.TestInvoker.invokeTestMethods(TestInvoker.java:146)
at org.testng.internal.TestMethodWorker.invokeTestMethods(TestMethodWorker.java:146)
at org.testng.internal.TestMethodWorker.run(TestMethodWorker.java:128)
at java.base/java.util.ArrayList.forEach(ArrayList.java:1597)
at org.testng.TestRunner.privateRun(TestRunner.java:794)
at org.testng.TestRunner.run(TestRunner.java:596)
at org.testng.SuiteRunner.runTest(SuiteRunner.java:377)
at org.testng.SuiteRunner.runSequentially(SuiteRunner.java:371)
at org.testng.SuiteRunner.privateRun(SuiteRunner.java:332)
at org.testng.SuiteRunner.run(SuiteRunner.java:276)
at org.testng.SuiteRunnerWorker.runSuite(SuiteRunnerWorker.java:53)
at org.testng.SuiteRunnerWorker.run(SuiteRunnerWorker.java:96)
at org.testng.TestNG.runSuitesSequentially(TestNG.java:1212)
at org.testng.TestNG.runSuitesLocally(TestNG.java:1134)
at org.testng.TestNG.runSuites(TestNG.java:1063)
at org.testng.TestNG.run(TestNG.java:1031)
at org.testng.remote.AbstractRemoteTestNG.run(AbstractRemoteTestNG.java:115)
at org.testng.remote.RemoteTestNG.initAndRun(RemoteTestNG.java:293)
at org.testng.remote.RemoteTestNG.main(RemoteTestNG.java:91)
]]>
            </full-stacktrace>
          </exception> <!-- java.lang.NullPointerException -->
          <reporter-output>
          </reporter-output>
        </test-method> <!-- ParaText2 -->
        <test-method is-config="true" signature="tearDown()[pri:0, instance:co.ai4lyf.Testcases.OnBoardingInhalerTestcases@367ffa75]" started-at="2024-12-24T18:42:33 PKT" name="tearDown" finished-at="1970-01-01T05:00:00 PKT" duration-ms="-1735047753760" status="SKIP">
          <reporter-output>
          </reporter-output>
        </test-method> <!-- tearDown -->
        <test-method is-config="true" signature="setup()[pri:0, instance:co.ai4lyf.Testcases.OnBoardingInhalerTestcases@367ffa75]" started-at="2024-12-24T18:42:33 PKT" name="setup" finished-at="1970-01-01T05:00:00 PKT" duration-ms="-1735047753761" status="SKIP">
          <reporter-output>
          </reporter-output>
        </test-method> <!-- setup -->
        <test-method signature="SkipText()[pri:5, instance:co.ai4lyf.Testcases.OnBoardingInhalerTestcases@367ffa75]" started-at="2024-12-24T18:42:33 PKT" name="SkipText" finished-at="2024-12-24T18:42:33 PKT" duration-ms="0" status="SKIP">
          <exception class="java.lang.NullPointerException">
            <message>
              <![CDATA[Cannot invoke "org.openqa.selenium.SearchContext.findElement(org.openqa.selenium.By)" because "this.searchContext" is null]]>
            </message>
            <full-stacktrace>
              <![CDATA[java.lang.NullPointerException: Cannot invoke "org.openqa.selenium.SearchContext.findElement(org.openqa.selenium.By)" because "this.searchContext" is null
at org.openqa.selenium.support.pagefactory.DefaultElementLocator.findElement(DefaultElementLocator.java:68)
at org.openqa.selenium.support.pagefactory.internal.LocatingElementHandler.invoke(LocatingElementHandler.java:38)
at jdk.proxy2/jdk.proxy2.$Proxy13.isDisplayed(Unknown Source)
at org.openqa.selenium.support.ui.ExpectedConditions.elementIfVisible(ExpectedConditions.java:304)
at org.openqa.selenium.support.ui.ExpectedConditions$10.apply(ExpectedConditions.java:290)
at org.openqa.selenium.support.ui.ExpectedConditions$10.apply(ExpectedConditions.java:287)
at org.openqa.selenium.support.ui.ExpectedConditions$23.apply(ExpectedConditions.java:656)
at org.openqa.selenium.support.ui.ExpectedConditions$23.apply(ExpectedConditions.java:652)
at org.openqa.selenium.support.ui.FluentWait.until(FluentWait.java:203)
at co.Ai4Lyf.Objects.WelcomeScreenObjects.ClickContinueBtn(WelcomeScreenObjects.java:60)
at co.ai4lyf.Testcases.OnBoardingInhalerTestcases.setup(OnBoardingInhalerTestcases.java:36)
at java.base/jdk.internal.reflect.DirectMethodHandleAccessor.invoke(DirectMethodHandleAccessor.java:103)
at java.base/java.lang.reflect.Method.invoke(Method.java:580)
at org.testng.internal.MethodInvocationHelper.invokeMethod(MethodInvocationHelper.java:133)
at org.testng.internal.MethodInvocationHelper.invokeMethodConsideringTimeout(MethodInvocationHelper.java:62)
at org.testng.internal.ConfigInvoker.invokeConfigurationMethod(ConfigInvoker.java:385)
at org.testng.internal.ConfigInvoker.invokeConfigurations(ConfigInvoker.java:321)
at org.testng.internal.TestInvoker.runConfigMethods(TestInvoker.java:700)
at org.testng.internal.TestInvoker.invokeMethod(TestInvoker.java:527)
at org.testng.internal.TestInvoker.invokeTestMethod(TestInvoker.java:173)
at org.testng.internal.MethodRunner.runInSequence(MethodRunner.java:46)
at org.testng.internal.TestInvoker$MethodInvocationAgent.invoke(TestInvoker.java:824)
at org.testng.internal.TestInvoker.invokeTestMethods(TestInvoker.java:146)
at org.testng.internal.TestMethodWorker.invokeTestMethods(TestMethodWorker.java:146)
at org.testng.internal.TestMethodWorker.run(TestMethodWorker.java:128)
at java.base/java.util.ArrayList.forEach(ArrayList.java:1597)
at org.testng.TestRunner.privateRun(TestRunner.java:794)
at org.testng.TestRunner.run(TestRunner.java:596)
at org.testng.SuiteRunner.runTest(SuiteRunner.java:377)
at org.testng.SuiteRunner.runSequentially(SuiteRunner.java:371)
at org.testng.SuiteRunner.privateRun(SuiteRunner.java:332)
at org.testng.SuiteRunner.run(SuiteRunner.java:276)
at org.testng.SuiteRunnerWorker.runSuite(SuiteRunnerWorker.java:53)
at org.testng.SuiteRunnerWorker.run(SuiteRunnerWorker.java:96)
at org.testng.TestNG.runSuitesSequentially(TestNG.java:1212)
at org.testng.TestNG.runSuitesLocally(TestNG.java:1134)
at org.testng.TestNG.runSuites(TestNG.java:1063)
at org.testng.TestNG.run(TestNG.java:1031)
at org.testng.remote.AbstractRemoteTestNG.run(AbstractRemoteTestNG.java:115)
at org.testng.remote.RemoteTestNG.initAndRun(RemoteTestNG.java:293)
at org.testng.remote.RemoteTestNG.main(RemoteTestNG.java:91)
]]>
            </full-stacktrace>
          </exception> <!-- java.lang.NullPointerException -->
          <reporter-output>
          </reporter-output>
        </test-method> <!-- SkipText -->
        <test-method is-config="true" signature="tearDown()[pri:0, instance:co.ai4lyf.Testcases.OnBoardingInhalerTestcases@367ffa75]" started-at="2024-12-24T18:42:33 PKT" name="tearDown" finished-at="1970-01-01T05:00:00 PKT" duration-ms="-1735047753764" status="SKIP">
          <reporter-output>
          </reporter-output>
        </test-method> <!-- tearDown -->
        <test-method is-config="true" signature="setup()[pri:0, instance:co.ai4lyf.Testcases.OnBoardingInhalerTestcases@367ffa75]" started-at="2024-12-24T18:42:33 PKT" name="setup" finished-at="1970-01-01T05:00:00 PKT" duration-ms="-1735047753765" status="SKIP">
          <reporter-output>
          </reporter-output>
        </test-method> <!-- setup -->
        <test-method signature="NextText()[pri:6, instance:co.ai4lyf.Testcases.OnBoardingInhalerTestcases@367ffa75]" started-at="2024-12-24T18:42:33 PKT" name="NextText" finished-at="2024-12-24T18:42:33 PKT" duration-ms="0" status="SKIP">
          <exception class="java.lang.NullPointerException">
            <message>
              <![CDATA[Cannot invoke "org.openqa.selenium.SearchContext.findElement(org.openqa.selenium.By)" because "this.searchContext" is null]]>
            </message>
            <full-stacktrace>
              <![CDATA[java.lang.NullPointerException: Cannot invoke "org.openqa.selenium.SearchContext.findElement(org.openqa.selenium.By)" because "this.searchContext" is null
at org.openqa.selenium.support.pagefactory.DefaultElementLocator.findElement(DefaultElementLocator.java:68)
at org.openqa.selenium.support.pagefactory.internal.LocatingElementHandler.invoke(LocatingElementHandler.java:38)
at jdk.proxy2/jdk.proxy2.$Proxy13.isDisplayed(Unknown Source)
at org.openqa.selenium.support.ui.ExpectedConditions.elementIfVisible(ExpectedConditions.java:304)
at org.openqa.selenium.support.ui.ExpectedConditions$10.apply(ExpectedConditions.java:290)
at org.openqa.selenium.support.ui.ExpectedConditions$10.apply(ExpectedConditions.java:287)
at org.openqa.selenium.support.ui.ExpectedConditions$23.apply(ExpectedConditions.java:656)
at org.openqa.selenium.support.ui.ExpectedConditions$23.apply(ExpectedConditions.java:652)
at org.openqa.selenium.support.ui.FluentWait.until(FluentWait.java:203)
at co.Ai4Lyf.Objects.WelcomeScreenObjects.ClickContinueBtn(WelcomeScreenObjects.java:60)
at co.ai4lyf.Testcases.OnBoardingInhalerTestcases.setup(OnBoardingInhalerTestcases.java:36)
at java.base/jdk.internal.reflect.DirectMethodHandleAccessor.invoke(DirectMethodHandleAccessor.java:103)
at java.base/java.lang.reflect.Method.invoke(Method.java:580)
at org.testng.internal.MethodInvocationHelper.invokeMethod(MethodInvocationHelper.java:133)
at org.testng.internal.MethodInvocationHelper.invokeMethodConsideringTimeout(MethodInvocationHelper.java:62)
at org.testng.internal.ConfigInvoker.invokeConfigurationMethod(ConfigInvoker.java:385)
at org.testng.internal.ConfigInvoker.invokeConfigurations(ConfigInvoker.java:321)
at org.testng.internal.TestInvoker.runConfigMethods(TestInvoker.java:700)
at org.testng.internal.TestInvoker.invokeMethod(TestInvoker.java:527)
at org.testng.internal.TestInvoker.invokeTestMethod(TestInvoker.java:173)
at org.testng.internal.MethodRunner.runInSequence(MethodRunner.java:46)
at org.testng.internal.TestInvoker$MethodInvocationAgent.invoke(TestInvoker.java:824)
at org.testng.internal.TestInvoker.invokeTestMethods(TestInvoker.java:146)
at org.testng.internal.TestMethodWorker.invokeTestMethods(TestMethodWorker.java:146)
at org.testng.internal.TestMethodWorker.run(TestMethodWorker.java:128)
at java.base/java.util.ArrayList.forEach(ArrayList.java:1597)
at org.testng.TestRunner.privateRun(TestRunner.java:794)
at org.testng.TestRunner.run(TestRunner.java:596)
at org.testng.SuiteRunner.runTest(SuiteRunner.java:377)
at org.testng.SuiteRunner.runSequentially(SuiteRunner.java:371)
at org.testng.SuiteRunner.privateRun(SuiteRunner.java:332)
at org.testng.SuiteRunner.run(SuiteRunner.java:276)
at org.testng.SuiteRunnerWorker.runSuite(SuiteRunnerWorker.java:53)
at org.testng.SuiteRunnerWorker.run(SuiteRunnerWorker.java:96)
at org.testng.TestNG.runSuitesSequentially(TestNG.java:1212)
at org.testng.TestNG.runSuitesLocally(TestNG.java:1134)
at org.testng.TestNG.runSuites(TestNG.java:1063)
at org.testng.TestNG.run(TestNG.java:1031)
at org.testng.remote.AbstractRemoteTestNG.run(AbstractRemoteTestNG.java:115)
at org.testng.remote.RemoteTestNG.initAndRun(RemoteTestNG.java:293)
at org.testng.remote.RemoteTestNG.main(RemoteTestNG.java:91)
]]>
            </full-stacktrace>
          </exception> <!-- java.lang.NullPointerException -->
          <reporter-output>
          </reporter-output>
        </test-method> <!-- NextText -->
        <test-method is-config="true" signature="tearDown()[pri:0, instance:co.ai4lyf.Testcases.OnBoardingInhalerTestcases@367ffa75]" started-at="2024-12-24T18:42:33 PKT" name="tearDown" finished-at="1970-01-01T05:00:00 PKT" duration-ms="-1735047753767" status="SKIP">
          <reporter-output>
          </reporter-output>
        </test-method> <!-- tearDown -->
        <test-method is-config="true" signature="setup()[pri:0, instance:co.ai4lyf.Testcases.OnBoardingInhalerTestcases@367ffa75]" started-at="2024-12-24T18:42:33 PKT" name="setup" finished-at="1970-01-01T05:00:00 PKT" duration-ms="-1735047753768" status="SKIP">
          <reporter-output>
          </reporter-output>
        </test-method> <!-- setup -->
        <test-method signature="ClickSkipText()[pri:7, instance:co.ai4lyf.Testcases.OnBoardingInhalerTestcases@367ffa75]" started-at="2024-12-24T18:42:33 PKT" name="ClickSkipText" finished-at="2024-12-24T18:42:33 PKT" duration-ms="0" status="SKIP">
          <exception class="java.lang.NullPointerException">
            <message>
              <![CDATA[Cannot invoke "org.openqa.selenium.SearchContext.findElement(org.openqa.selenium.By)" because "this.searchContext" is null]]>
            </message>
            <full-stacktrace>
              <![CDATA[java.lang.NullPointerException: Cannot invoke "org.openqa.selenium.SearchContext.findElement(org.openqa.selenium.By)" because "this.searchContext" is null
at org.openqa.selenium.support.pagefactory.DefaultElementLocator.findElement(DefaultElementLocator.java:68)
at org.openqa.selenium.support.pagefactory.internal.LocatingElementHandler.invoke(LocatingElementHandler.java:38)
at jdk.proxy2/jdk.proxy2.$Proxy13.isDisplayed(Unknown Source)
at org.openqa.selenium.support.ui.ExpectedConditions.elementIfVisible(ExpectedConditions.java:304)
at org.openqa.selenium.support.ui.ExpectedConditions$10.apply(ExpectedConditions.java:290)
at org.openqa.selenium.support.ui.ExpectedConditions$10.apply(ExpectedConditions.java:287)
at org.openqa.selenium.support.ui.ExpectedConditions$23.apply(ExpectedConditions.java:656)
at org.openqa.selenium.support.ui.ExpectedConditions$23.apply(ExpectedConditions.java:652)
at org.openqa.selenium.support.ui.FluentWait.until(FluentWait.java:203)
at co.Ai4Lyf.Objects.WelcomeScreenObjects.ClickContinueBtn(WelcomeScreenObjects.java:60)
at co.ai4lyf.Testcases.OnBoardingInhalerTestcases.setup(OnBoardingInhalerTestcases.java:36)
at java.base/jdk.internal.reflect.DirectMethodHandleAccessor.invoke(DirectMethodHandleAccessor.java:103)
at java.base/java.lang.reflect.Method.invoke(Method.java:580)
at org.testng.internal.MethodInvocationHelper.invokeMethod(MethodInvocationHelper.java:133)
at org.testng.internal.MethodInvocationHelper.invokeMethodConsideringTimeout(MethodInvocationHelper.java:62)
at org.testng.internal.ConfigInvoker.invokeConfigurationMethod(ConfigInvoker.java:385)
at org.testng.internal.ConfigInvoker.invokeConfigurations(ConfigInvoker.java:321)
at org.testng.internal.TestInvoker.runConfigMethods(TestInvoker.java:700)
at org.testng.internal.TestInvoker.invokeMethod(TestInvoker.java:527)
at org.testng.internal.TestInvoker.invokeTestMethod(TestInvoker.java:173)
at org.testng.internal.MethodRunner.runInSequence(MethodRunner.java:46)
at org.testng.internal.TestInvoker$MethodInvocationAgent.invoke(TestInvoker.java:824)
at org.testng.internal.TestInvoker.invokeTestMethods(TestInvoker.java:146)
at org.testng.internal.TestMethodWorker.invokeTestMethods(TestMethodWorker.java:146)
at org.testng.internal.TestMethodWorker.run(TestMethodWorker.java:128)
at java.base/java.util.ArrayList.forEach(ArrayList.java:1597)
at org.testng.TestRunner.privateRun(TestRunner.java:794)
at org.testng.TestRunner.run(TestRunner.java:596)
at org.testng.SuiteRunner.runTest(SuiteRunner.java:377)
at org.testng.SuiteRunner.runSequentially(SuiteRunner.java:371)
at org.testng.SuiteRunner.privateRun(SuiteRunner.java:332)
at org.testng.SuiteRunner.run(SuiteRunner.java:276)
at org.testng.SuiteRunnerWorker.runSuite(SuiteRunnerWorker.java:53)
at org.testng.SuiteRunnerWorker.run(SuiteRunnerWorker.java:96)
at org.testng.TestNG.runSuitesSequentially(TestNG.java:1212)
at org.testng.TestNG.runSuitesLocally(TestNG.java:1134)
at org.testng.TestNG.runSuites(TestNG.java:1063)
at org.testng.TestNG.run(TestNG.java:1031)
at org.testng.remote.AbstractRemoteTestNG.run(AbstractRemoteTestNG.java:115)
at org.testng.remote.RemoteTestNG.initAndRun(RemoteTestNG.java:293)
at org.testng.remote.RemoteTestNG.main(RemoteTestNG.java:91)
]]>
            </full-stacktrace>
          </exception> <!-- java.lang.NullPointerException -->
          <reporter-output>
          </reporter-output>
        </test-method> <!-- ClickSkipText -->
        <test-method is-config="true" signature="tearDown()[pri:0, instance:co.ai4lyf.Testcases.OnBoardingInhalerTestcases@367ffa75]" started-at="2024-12-24T18:42:33 PKT" name="tearDown" finished-at="1970-01-01T05:00:00 PKT" duration-ms="-1735047753771" status="SKIP">
          <reporter-output>
          </reporter-output>
        </test-method> <!-- tearDown -->
        <test-method signature="ClickNextText()[pri:8, instance:co.ai4lyf.Testcases.OnBoardingInhalerTestcases@367ffa75]" started-at="2024-12-24T18:42:33 PKT" name="ClickNextText" finished-at="2024-12-24T18:42:33 PKT" duration-ms="0" status="SKIP">
          <exception class="java.lang.NullPointerException">
            <message>
              <![CDATA[Cannot invoke "org.openqa.selenium.SearchContext.findElement(org.openqa.selenium.By)" because "this.searchContext" is null]]>
            </message>
            <full-stacktrace>
              <![CDATA[java.lang.NullPointerException: Cannot invoke "org.openqa.selenium.SearchContext.findElement(org.openqa.selenium.By)" because "this.searchContext" is null
at org.openqa.selenium.support.pagefactory.DefaultElementLocator.findElement(DefaultElementLocator.java:68)
at org.openqa.selenium.support.pagefactory.internal.LocatingElementHandler.invoke(LocatingElementHandler.java:38)
at jdk.proxy2/jdk.proxy2.$Proxy13.isDisplayed(Unknown Source)
at org.openqa.selenium.support.ui.ExpectedConditions.elementIfVisible(ExpectedConditions.java:304)
at org.openqa.selenium.support.ui.ExpectedConditions$10.apply(ExpectedConditions.java:290)
at org.openqa.selenium.support.ui.ExpectedConditions$10.apply(ExpectedConditions.java:287)
at org.openqa.selenium.support.ui.ExpectedConditions$23.apply(ExpectedConditions.java:656)
at org.openqa.selenium.support.ui.ExpectedConditions$23.apply(ExpectedConditions.java:652)
at org.openqa.selenium.support.ui.FluentWait.until(FluentWait.java:203)
at co.Ai4Lyf.Objects.WelcomeScreenObjects.ClickContinueBtn(WelcomeScreenObjects.java:60)
at co.ai4lyf.Testcases.OnBoardingInhalerTestcases.setup(OnBoardingInhalerTestcases.java:36)
at java.base/jdk.internal.reflect.DirectMethodHandleAccessor.invoke(DirectMethodHandleAccessor.java:103)
at java.base/java.lang.reflect.Method.invoke(Method.java:580)
at org.testng.internal.MethodInvocationHelper.invokeMethod(MethodInvocationHelper.java:133)
at org.testng.internal.MethodInvocationHelper.invokeMethodConsideringTimeout(MethodInvocationHelper.java:62)
at org.testng.internal.ConfigInvoker.invokeConfigurationMethod(ConfigInvoker.java:385)
at org.testng.internal.ConfigInvoker.invokeConfigurations(ConfigInvoker.java:321)
at org.testng.internal.TestInvoker.runConfigMethods(TestInvoker.java:700)
at org.testng.internal.TestInvoker.invokeMethod(TestInvoker.java:527)
at org.testng.internal.TestInvoker.invokeTestMethod(TestInvoker.java:173)
at org.testng.internal.MethodRunner.runInSequence(MethodRunner.java:46)
at org.testng.internal.TestInvoker$MethodInvocationAgent.invoke(TestInvoker.java:824)
at org.testng.internal.TestInvoker.invokeTestMethods(TestInvoker.java:146)
at org.testng.internal.TestMethodWorker.invokeTestMethods(TestMethodWorker.java:146)
at org.testng.internal.TestMethodWorker.run(TestMethodWorker.java:128)
at java.base/java.util.ArrayList.forEach(ArrayList.java:1597)
at org.testng.TestRunner.privateRun(TestRunner.java:794)
at org.testng.TestRunner.run(TestRunner.java:596)
at org.testng.SuiteRunner.runTest(SuiteRunner.java:377)
at org.testng.SuiteRunner.runSequentially(SuiteRunner.java:371)
at org.testng.SuiteRunner.privateRun(SuiteRunner.java:332)
at org.testng.SuiteRunner.run(SuiteRunner.java:276)
at org.testng.SuiteRunnerWorker.runSuite(SuiteRunnerWorker.java:53)
at org.testng.SuiteRunnerWorker.run(SuiteRunnerWorker.java:96)
at org.testng.TestNG.runSuitesSequentially(TestNG.java:1212)
at org.testng.TestNG.runSuitesLocally(TestNG.java:1134)
at org.testng.TestNG.runSuites(TestNG.java:1063)
at org.testng.TestNG.run(TestNG.java:1031)
at org.testng.remote.AbstractRemoteTestNG.run(AbstractRemoteTestNG.java:115)
at org.testng.remote.RemoteTestNG.initAndRun(RemoteTestNG.java:293)
at org.testng.remote.RemoteTestNG.main(RemoteTestNG.java:91)
]]>
            </full-stacktrace>
          </exception> <!-- java.lang.NullPointerException -->
          <reporter-output>
          </reporter-output>
        </test-method> <!-- ClickNextText -->
        <test-method is-config="true" signature="setup()[pri:0, instance:co.ai4lyf.Testcases.OnBoardingInhalerTestcases@367ffa75]" started-at="2024-12-24T18:42:33 PKT" name="setup" finished-at="1970-01-01T05:00:00 PKT" duration-ms="-1735047753772" status="SKIP">
          <reporter-output>
          </reporter-output>
        </test-method> <!-- setup -->
        <test-method is-config="true" signature="tearDown()[pri:0, instance:co.ai4lyf.Testcases.OnBoardingInhalerTestcases@367ffa75]" started-at="2024-12-24T18:42:33 PKT" name="tearDown" finished-at="1970-01-01T05:00:00 PKT" duration-ms="-1735047753774" status="SKIP">
          <reporter-output>
          </reporter-output>
        </test-method> <!-- tearDown -->
      </class> <!-- co.ai4lyf.Testcases.OnBoardingInhalerTestcases -->
      <class name="co.ai4lyf.Testcases.SignUpTestcases">
        <test-method is-config="true" signature="setup()[pri:0, instance:co.ai4lyf.Testcases.SignUpTestcases@1b6e1eff]" started-at="2024-12-24T18:56:43 PKT" name="setup" finished-at="2024-12-24T18:57:01 PKT" duration-ms="18670" status="PASS">
          <reporter-output>
          </reporter-output>
        </test-method> <!-- setup -->
        <test-method signature="HeadingVerification()[pri:1, instance:co.ai4lyf.Testcases.SignUpTestcases@1b6e1eff]" started-at="2024-12-24T18:57:01 PKT" name="HeadingVerification" finished-at="2024-12-24T18:57:03 PKT" duration-ms="1885" status="PASS">
          <reporter-output>
          </reporter-output>
        </test-method> <!-- HeadingVerification -->
        <test-method is-config="true" signature="tearDown()[pri:0, instance:co.ai4lyf.Testcases.SignUpTestcases@1b6e1eff]" started-at="2024-12-24T18:57:03 PKT" name="tearDown" finished-at="2024-12-24T18:57:03 PKT" duration-ms="303" status="PASS">
          <reporter-output>
          </reporter-output>
        </test-method> <!-- tearDown -->
        <test-method is-config="true" signature="setup()[pri:0, instance:co.ai4lyf.Testcases.SignUpTestcases@1b6e1eff]" started-at="2024-12-24T18:57:03 PKT" name="setup" finished-at="2024-12-24T18:57:24 PKT" duration-ms="21060" status="PASS">
          <reporter-output>
          </reporter-output>
        </test-method> <!-- setup -->
        <test-method signature="NameLabelVerification()[pri:2, instance:co.ai4lyf.Testcases.SignUpTestcases@1b6e1eff]" started-at="2024-12-24T18:57:24 PKT" name="NameLabelVerification" finished-at="2024-12-24T18:57:26 PKT" duration-ms="1985" status="PASS">
          <reporter-output>
          </reporter-output>
        </test-method> <!-- NameLabelVerification -->
        <test-method is-config="true" signature="tearDown()[pri:0, instance:co.ai4lyf.Testcases.SignUpTestcases@1b6e1eff]" started-at="2024-12-24T18:57:26 PKT" name="tearDown" finished-at="2024-12-24T18:57:27 PKT" duration-ms="289" status="PASS">
          <reporter-output>
          </reporter-output>
        </test-method> <!-- tearDown -->
        <test-method is-config="true" signature="setup()[pri:0, instance:co.ai4lyf.Testcases.SignUpTestcases@1b6e1eff]" started-at="2024-12-24T18:57:27 PKT" name="setup" finished-at="2024-12-24T18:57:46 PKT" duration-ms="19529" status="PASS">
          <reporter-output>
          </reporter-output>
        </test-method> <!-- setup -->
        <test-method signature="NamePlaceHolderVerification()[pri:3, instance:co.ai4lyf.Testcases.SignUpTestcases@1b6e1eff]" started-at="2024-12-24T18:57:46 PKT" name="NamePlaceHolderVerification" finished-at="2024-12-24T18:57:48 PKT" duration-ms="1829" status="PASS">
          <reporter-output>
          </reporter-output>
        </test-method> <!-- NamePlaceHolderVerification -->
        <test-method is-config="true" signature="tearDown()[pri:0, instance:co.ai4lyf.Testcases.SignUpTestcases@1b6e1eff]" started-at="2024-12-24T18:57:48 PKT" name="tearDown" finished-at="2024-12-24T18:57:48 PKT" duration-ms="323" status="PASS">
          <reporter-output>
          </reporter-output>
        </test-method> <!-- tearDown -->
        <test-method is-config="true" signature="setup()[pri:0, instance:co.ai4lyf.Testcases.SignUpTestcases@1b6e1eff]" started-at="2024-12-24T18:57:48 PKT" name="setup" finished-at="2024-12-24T18:58:08 PKT" duration-ms="19411" status="PASS">
          <reporter-output>
          </reporter-output>
        </test-method> <!-- setup -->
        <test-method signature="EthnicityLabelVerification()[pri:4, instance:co.ai4lyf.Testcases.SignUpTestcases@1b6e1eff]" started-at="2024-12-24T18:58:08 PKT" name="EthnicityLabelVerification" finished-at="2024-12-24T18:58:10 PKT" duration-ms="2534" status="PASS">
          <reporter-output>
          </reporter-output>
        </test-method> <!-- EthnicityLabelVerification -->
        <test-method is-config="true" signature="tearDown()[pri:0, instance:co.ai4lyf.Testcases.SignUpTestcases@1b6e1eff]" started-at="2024-12-24T18:58:10 PKT" name="tearDown" finished-at="2024-12-24T18:58:11 PKT" duration-ms="590" status="PASS">
          <reporter-output>
          </reporter-output>
        </test-method> <!-- tearDown -->
        <test-method is-config="true" signature="setup()[pri:0, instance:co.ai4lyf.Testcases.SignUpTestcases@1b6e1eff]" started-at="2024-12-24T18:58:11 PKT" name="setup" finished-at="2024-12-24T18:58:30 PKT" duration-ms="19051" status="PASS">
          <reporter-output>
          </reporter-output>
        </test-method> <!-- setup -->
        <test-method signature="EthnicityPlaceHolderVerification()[pri:5, instance:co.ai4lyf.Testcases.SignUpTestcases@1b6e1eff]" started-at="2024-12-24T18:58:30 PKT" name="EthnicityPlaceHolderVerification" finished-at="2024-12-24T18:58:32 PKT" duration-ms="1937" status="PASS">
          <reporter-output>
          </reporter-output>
        </test-method> <!-- EthnicityPlaceHolderVerification -->
        <test-method is-config="true" signature="tearDown()[pri:0, instance:co.ai4lyf.Testcases.SignUpTestcases@1b6e1eff]" started-at="2024-12-24T18:58:32 PKT" name="tearDown" finished-at="2024-12-24T18:58:32 PKT" duration-ms="301" status="PASS">
          <reporter-output>
          </reporter-output>
        </test-method> <!-- tearDown -->
        <test-method is-config="true" signature="setup()[pri:0, instance:co.ai4lyf.Testcases.SignUpTestcases@1b6e1eff]" started-at="2024-12-24T18:58:32 PKT" name="setup" finished-at="2024-12-24T18:58:53 PKT" duration-ms="20918" status="PASS">
          <reporter-output>
          </reporter-output>
        </test-method> <!-- setup -->
        <test-method signature="EthnicityInformativeLogoVerification()[pri:6, instance:co.ai4lyf.Testcases.SignUpTestcases@1b6e1eff]" started-at="2024-12-24T18:58:53 PKT" name="EthnicityInformativeLogoVerification" finished-at="2024-12-24T18:58:55 PKT" duration-ms="1830" status="PASS">
          <reporter-output>
          </reporter-output>
        </test-method> <!-- EthnicityInformativeLogoVerification -->
        <test-method is-config="true" signature="tearDown()[pri:0, instance:co.ai4lyf.Testcases.SignUpTestcases@1b6e1eff]" started-at="2024-12-24T18:58:55 PKT" name="tearDown" finished-at="2024-12-24T18:58:55 PKT" duration-ms="374" status="PASS">
          <reporter-output>
          </reporter-output>
        </test-method> <!-- tearDown -->
        <test-method is-config="true" signature="setup()[pri:0, instance:co.ai4lyf.Testcases.SignUpTestcases@1b6e1eff]" started-at="2024-12-24T18:58:55 PKT" name="setup" finished-at="2024-12-24T18:59:15 PKT" duration-ms="20000" status="PASS">
          <reporter-output>
          </reporter-output>
        </test-method> <!-- setup -->
        <test-method signature="MedicalConditionLabelVerification()[pri:7, instance:co.ai4lyf.Testcases.SignUpTestcases@1b6e1eff]" started-at="2024-12-24T18:59:15 PKT" name="MedicalConditionLabelVerification" finished-at="2024-12-24T18:59:17 PKT" duration-ms="1724" status="PASS">
          <reporter-output>
          </reporter-output>
        </test-method> <!-- MedicalConditionLabelVerification -->
        <test-method is-config="true" signature="tearDown()[pri:0, instance:co.ai4lyf.Testcases.SignUpTestcases@1b6e1eff]" started-at="2024-12-24T18:59:17 PKT" name="tearDown" finished-at="2024-12-24T18:59:17 PKT" duration-ms="317" status="PASS">
          <reporter-output>
          </reporter-output>
        </test-method> <!-- tearDown -->
        <test-method is-config="true" signature="setup()[pri:0, instance:co.ai4lyf.Testcases.SignUpTestcases@1b6e1eff]" started-at="2024-12-24T18:59:17 PKT" name="setup" finished-at="2024-12-24T18:59:36 PKT" duration-ms="18759" status="PASS">
          <reporter-output>
          </reporter-output>
        </test-method> <!-- setup -->
        <test-method signature="MedicalConditionPlaceHolderVerification()[pri:8, instance:co.ai4lyf.Testcases.SignUpTestcases@1b6e1eff]" started-at="2024-12-24T18:59:36 PKT" name="MedicalConditionPlaceHolderVerification" finished-at="2024-12-24T18:59:38 PKT" duration-ms="1891" status="PASS">
          <reporter-output>
          </reporter-output>
        </test-method> <!-- MedicalConditionPlaceHolderVerification -->
        <test-method is-config="true" signature="tearDown()[pri:0, instance:co.ai4lyf.Testcases.SignUpTestcases@1b6e1eff]" started-at="2024-12-24T18:59:38 PKT" name="tearDown" finished-at="2024-12-24T18:59:39 PKT" duration-ms="899" status="PASS">
          <reporter-output>
          </reporter-output>
        </test-method> <!-- tearDown -->
        <test-method is-config="true" signature="setup()[pri:0, instance:co.ai4lyf.Testcases.SignUpTestcases@1b6e1eff]" started-at="2024-12-24T18:59:39 PKT" name="setup" finished-at="2024-12-24T18:59:59 PKT" duration-ms="20293" status="PASS">
          <reporter-output>
          </reporter-output>
        </test-method> <!-- setup -->
        <test-method signature="MedicalConditionInformativeLogoVerification()[pri:9, instance:co.ai4lyf.Testcases.SignUpTestcases@1b6e1eff]" started-at="2024-12-24T18:59:59 PKT" name="MedicalConditionInformativeLogoVerification" finished-at="2024-12-24T19:00:01 PKT" duration-ms="2186" status="PASS">
          <reporter-output>
          </reporter-output>
        </test-method> <!-- MedicalConditionInformativeLogoVerification -->
        <test-method is-config="true" signature="tearDown()[pri:0, instance:co.ai4lyf.Testcases.SignUpTestcases@1b6e1eff]" started-at="2024-12-24T19:00:01 PKT" name="tearDown" finished-at="2024-12-24T19:00:02 PKT" duration-ms="312" status="PASS">
          <reporter-output>
          </reporter-output>
        </test-method> <!-- tearDown -->
        <test-method is-config="true" signature="setup()[pri:0, instance:co.ai4lyf.Testcases.SignUpTestcases@1b6e1eff]" started-at="2024-12-24T19:00:02 PKT" name="setup" finished-at="2024-12-24T19:00:22 PKT" duration-ms="20352" status="PASS">
          <reporter-output>
          </reporter-output>
        </test-method> <!-- setup -->
        <test-method signature="EmptyName()[pri:10, instance:co.ai4lyf.Testcases.SignUpTestcases@1b6e1eff]" started-at="2024-12-24T19:00:22 PKT" name="EmptyName" finished-at="2024-12-24T19:00:25 PKT" duration-ms="2634" status="PASS">
          <reporter-output>
          </reporter-output>
        </test-method> <!-- EmptyName -->
        <test-method is-config="true" signature="tearDown()[pri:0, instance:co.ai4lyf.Testcases.SignUpTestcases@1b6e1eff]" started-at="2024-12-24T19:00:25 PKT" name="tearDown" finished-at="2024-12-24T19:00:25 PKT" duration-ms="323" status="PASS">
          <reporter-output>
          </reporter-output>
        </test-method> <!-- tearDown -->
        <test-method is-config="true" signature="setup()[pri:0, instance:co.ai4lyf.Testcases.SignUpTestcases@1b6e1eff]" started-at="2024-12-24T19:00:25 PKT" name="setup" finished-at="2024-12-24T19:00:44 PKT" duration-ms="19295" status="PASS">
          <reporter-output>
          </reporter-output>
        </test-method> <!-- setup -->
        <test-method signature="EnterName()[pri:11, instance:co.ai4lyf.Testcases.SignUpTestcases@1b6e1eff]" started-at="2024-12-24T19:00:44 PKT" name="EnterName" finished-at="2024-12-24T19:00:50 PKT" duration-ms="5530" status="PASS">
          <reporter-output>
          </reporter-output>
        </test-method> <!-- EnterName -->
        <test-method is-config="true" signature="tearDown()[pri:0, instance:co.ai4lyf.Testcases.SignUpTestcases@1b6e1eff]" started-at="2024-12-24T19:00:50 PKT" name="tearDown" finished-at="2024-12-24T19:00:50 PKT" duration-ms="390" status="PASS">
          <reporter-output>
          </reporter-output>
        </test-method> <!-- tearDown -->
        <test-method is-config="true" signature="setup()[pri:0, instance:co.ai4lyf.Testcases.SignUpTestcases@1b6e1eff]" started-at="2024-12-24T19:00:50 PKT" name="setup" finished-at="2024-12-24T19:01:11 PKT" duration-ms="20296" status="PASS">
          <reporter-output>
          </reporter-output>
        </test-method> <!-- setup -->
        <test-method signature="NumericName()[pri:12, instance:co.ai4lyf.Testcases.SignUpTestcases@1b6e1eff]" started-at="2024-12-24T19:01:11 PKT" name="NumericName" finished-at="2024-12-24T19:01:16 PKT" duration-ms="5610" status="PASS">
          <reporter-output>
          </reporter-output>
        </test-method> <!-- NumericName -->
        <test-method is-config="true" signature="tearDown()[pri:0, instance:co.ai4lyf.Testcases.SignUpTestcases@1b6e1eff]" started-at="2024-12-24T19:01:16 PKT" name="tearDown" finished-at="2024-12-24T19:01:17 PKT" duration-ms="359" status="PASS">
          <reporter-output>
          </reporter-output>
        </test-method> <!-- tearDown -->
        <test-method is-config="true" signature="setup()[pri:0, instance:co.ai4lyf.Testcases.SignUpTestcases@1b6e1eff]" started-at="2024-12-24T19:01:17 PKT" name="setup" finished-at="2024-12-24T19:01:36 PKT" duration-ms="19410" status="PASS">
          <reporter-output>
          </reporter-output>
        </test-method> <!-- setup -->
        <test-method signature="SpecialCharaterName()[pri:13, instance:co.ai4lyf.Testcases.SignUpTestcases@1b6e1eff]" started-at="2024-12-24T19:01:36 PKT" name="SpecialCharaterName" finished-at="2024-12-24T19:01:42 PKT" duration-ms="6479" status="PASS">
          <reporter-output>
          </reporter-output>
        </test-method> <!-- SpecialCharaterName -->
        <test-method is-config="true" signature="tearDown()[pri:0, instance:co.ai4lyf.Testcases.SignUpTestcases@1b6e1eff]" started-at="2024-12-24T19:01:42 PKT" name="tearDown" finished-at="2024-12-24T19:01:43 PKT" duration-ms="360" status="PASS">
          <reporter-output>
          </reporter-output>
        </test-method> <!-- tearDown -->
        <test-method is-config="true" signature="setup()[pri:0, instance:co.ai4lyf.Testcases.SignUpTestcases@1b6e1eff]" started-at="2024-12-24T19:01:43 PKT" name="setup" finished-at="2024-12-24T19:02:03 PKT" duration-ms="20655" status="PASS">
          <reporter-output>
          </reporter-output>
        </test-method> <!-- setup -->
        <test-method signature="NameMinValidation()[pri:14, instance:co.ai4lyf.Testcases.SignUpTestcases@1b6e1eff]" started-at="2024-12-24T19:02:03 PKT" name="NameMinValidation" finished-at="2024-12-24T19:02:08 PKT" duration-ms="5047" status="PASS">
          <reporter-output>
          </reporter-output>
        </test-method> <!-- NameMinValidation -->
        <test-method is-config="true" signature="tearDown()[pri:0, instance:co.ai4lyf.Testcases.SignUpTestcases@1b6e1eff]" started-at="2024-12-24T19:02:08 PKT" name="tearDown" finished-at="2024-12-24T19:02:09 PKT" duration-ms="837" status="PASS">
          <reporter-output>
          </reporter-output>
        </test-method> <!-- tearDown -->
        <test-method is-config="true" signature="setup()[pri:0, instance:co.ai4lyf.Testcases.SignUpTestcases@1b6e1eff]" started-at="2024-12-24T19:02:09 PKT" name="setup" finished-at="2024-12-24T19:02:30 PKT" duration-ms="20962" status="PASS">
          <reporter-output>
          </reporter-output>
        </test-method> <!-- setup -->
        <test-method signature="NameMaxValidation()[pri:15, instance:co.ai4lyf.Testcases.SignUpTestcases@1b6e1eff]" started-at="2024-12-24T19:02:30 PKT" name="NameMaxValidation" finished-at="2024-12-24T19:02:35 PKT" duration-ms="4741" status="PASS">
          <reporter-output>
          </reporter-output>
        </test-method> <!-- NameMaxValidation -->
        <test-method is-config="true" signature="tearDown()[pri:0, instance:co.ai4lyf.Testcases.SignUpTestcases@1b6e1eff]" started-at="2024-12-24T19:02:35 PKT" name="tearDown" finished-at="2024-12-24T19:02:35 PKT" duration-ms="370" status="PASS">
          <reporter-output>
          </reporter-output>
        </test-method> <!-- tearDown -->
      </class> <!-- co.ai4lyf.Testcases.SignUpTestcases -->
      <class name="co.ai4lyf.Testcases.OnBoardingCoughTrackerTestcases">
        <test-method is-config="true" signature="setup()[pri:0, instance:co.ai4lyf.Testcases.OnBoardingCoughTrackerTestcases@49438269]" started-at="2024-12-24T18:42:33 PKT" name="setup" finished-at="2024-12-24T18:42:41 PKT" duration-ms="7520" status="PASS">
          <reporter-output>
          </reporter-output>
        </test-method> <!-- setup -->
        <test-method signature="LogoVerification()[pri:1, instance:co.ai4lyf.Testcases.OnBoardingCoughTrackerTestcases@49438269]" started-at="2024-12-24T18:42:41 PKT" name="LogoVerification" finished-at="2024-12-24T18:42:42 PKT" duration-ms="1374" status="PASS">
          <reporter-output>
          </reporter-output>
        </test-method> <!-- LogoVerification -->
        <test-method is-config="true" signature="tearDown()[pri:0, instance:co.ai4lyf.Testcases.OnBoardingCoughTrackerTestcases@49438269]" started-at="2024-12-24T18:42:42 PKT" name="tearDown" finished-at="2024-12-24T18:42:43 PKT" duration-ms="732" status="PASS">
          <reporter-output>
          </reporter-output>
        </test-method> <!-- tearDown -->
        <test-method is-config="true" signature="setup()[pri:0, instance:co.ai4lyf.Testcases.OnBoardingCoughTrackerTestcases@49438269]" started-at="2024-12-24T18:42:43 PKT" name="setup" finished-at="2024-12-24T18:42:55 PKT" duration-ms="11651" status="PASS">
          <reporter-output>
          </reporter-output>
        </test-method> <!-- setup -->
        <test-method signature="HeadText()[pri:2, instance:co.ai4lyf.Testcases.OnBoardingCoughTrackerTestcases@49438269]" started-at="2024-12-24T18:42:55 PKT" name="HeadText" finished-at="2024-12-24T18:42:56 PKT" duration-ms="1342" status="PASS">
          <reporter-output>
          </reporter-output>
        </test-method> <!-- HeadText -->
        <test-method is-config="true" signature="tearDown()[pri:0, instance:co.ai4lyf.Testcases.OnBoardingCoughTrackerTestcases@49438269]" started-at="2024-12-24T18:42:56 PKT" name="tearDown" finished-at="2024-12-24T18:42:56 PKT" duration-ms="316" status="PASS">
          <reporter-output>
          </reporter-output>
        </test-method> <!-- tearDown -->
        <test-method is-config="true" signature="setup()[pri:0, instance:co.ai4lyf.Testcases.OnBoardingCoughTrackerTestcases@49438269]" started-at="2024-12-24T18:42:56 PKT" name="setup" finished-at="2024-12-24T18:43:07 PKT" duration-ms="10891" status="PASS">
          <reporter-output>
          </reporter-output>
        </test-method> <!-- setup -->
        <test-method signature="ParaText1()[pri:3, instance:co.ai4lyf.Testcases.OnBoardingCoughTrackerTestcases@49438269]" started-at="2024-12-24T18:43:07 PKT" name="ParaText1" finished-at="2024-12-24T18:43:09 PKT" duration-ms="1718" status="PASS">
          <reporter-output>
          </reporter-output>
        </test-method> <!-- ParaText1 -->
        <test-method is-config="true" signature="tearDown()[pri:0, instance:co.ai4lyf.Testcases.OnBoardingCoughTrackerTestcases@49438269]" started-at="2024-12-24T18:43:09 PKT" name="tearDown" finished-at="2024-12-24T18:43:10 PKT" duration-ms="1091" status="PASS">
          <reporter-output>
          </reporter-output>
        </test-method> <!-- tearDown -->
        <test-method is-config="true" signature="setup()[pri:0, instance:co.ai4lyf.Testcases.OnBoardingCoughTrackerTestcases@49438269]" started-at="2024-12-24T18:43:10 PKT" name="setup" finished-at="2024-12-24T18:43:23 PKT" duration-ms="13211" status="PASS">
          <reporter-output>
          </reporter-output>
        </test-method> <!-- setup -->
        <test-method signature="ParaText2()[pri:4, instance:co.ai4lyf.Testcases.OnBoardingCoughTrackerTestcases@49438269]" started-at="2024-12-24T18:43:23 PKT" name="ParaText2" finished-at="2024-12-24T18:43:23 PKT" duration-ms="188" status="PASS">
          <reporter-output>
          </reporter-output>
        </test-method> <!-- ParaText2 -->
        <test-method is-config="true" signature="tearDown()[pri:0, instance:co.ai4lyf.Testcases.OnBoardingCoughTrackerTestcases@49438269]" started-at="2024-12-24T18:43:23 PKT" name="tearDown" finished-at="2024-12-24T18:43:24 PKT" duration-ms="359" status="PASS">
          <reporter-output>
          </reporter-output>
        </test-method> <!-- tearDown -->
        <test-method is-config="true" signature="setup()[pri:0, instance:co.ai4lyf.Testcases.OnBoardingCoughTrackerTestcases@49438269]" started-at="2024-12-24T18:43:24 PKT" name="setup" finished-at="2024-12-24T18:43:34 PKT" duration-ms="10628" status="PASS">
          <reporter-output>
          </reporter-output>
        </test-method> <!-- setup -->
        <test-method signature="SkipText()[pri:5, instance:co.ai4lyf.Testcases.OnBoardingCoughTrackerTestcases@49438269]" started-at="2024-12-24T18:43:34 PKT" name="SkipText" finished-at="2024-12-24T18:43:36 PKT" duration-ms="1253" status="PASS">
          <reporter-output>
          </reporter-output>
        </test-method> <!-- SkipText -->
        <test-method is-config="true" signature="tearDown()[pri:0, instance:co.ai4lyf.Testcases.OnBoardingCoughTrackerTestcases@49438269]" started-at="2024-12-24T18:43:36 PKT" name="tearDown" finished-at="2024-12-24T18:43:36 PKT" duration-ms="318" status="PASS">
          <reporter-output>
          </reporter-output>
        </test-method> <!-- tearDown -->
        <test-method is-config="true" signature="setup()[pri:0, instance:co.ai4lyf.Testcases.OnBoardingCoughTrackerTestcases@49438269]" started-at="2024-12-24T18:43:36 PKT" name="setup" finished-at="2024-12-24T18:43:48 PKT" duration-ms="11632" status="PASS">
          <reporter-output>
          </reporter-output>
        </test-method> <!-- setup -->
        <test-method signature="NextText()[pri:6, instance:co.ai4lyf.Testcases.OnBoardingCoughTrackerTestcases@49438269]" started-at="2024-12-24T18:43:48 PKT" name="NextText" finished-at="2024-12-24T18:43:49 PKT" duration-ms="1302" status="PASS">
          <reporter-output>
          </reporter-output>
        </test-method> <!-- NextText -->
        <test-method is-config="true" signature="tearDown()[pri:0, instance:co.ai4lyf.Testcases.OnBoardingCoughTrackerTestcases@49438269]" started-at="2024-12-24T18:43:49 PKT" name="tearDown" finished-at="2024-12-24T18:43:49 PKT" duration-ms="320" status="PASS">
          <reporter-output>
          </reporter-output>
        </test-method> <!-- tearDown -->
        <test-method is-config="true" signature="setup()[pri:0, instance:co.ai4lyf.Testcases.OnBoardingCoughTrackerTestcases@49438269]" started-at="2024-12-24T18:43:49 PKT" name="setup" finished-at="2024-12-24T18:44:00 PKT" duration-ms="10757" status="PASS">
          <reporter-output>
          </reporter-output>
        </test-method> <!-- setup -->
        <test-method signature="ClickSkipText()[pri:7, instance:co.ai4lyf.Testcases.OnBoardingCoughTrackerTestcases@49438269]" started-at="2024-12-24T18:44:00 PKT" name="ClickSkipText" finished-at="2024-12-24T18:44:02 PKT" duration-ms="2317" status="PASS">
          <reporter-output>
          </reporter-output>
        </test-method> <!-- ClickSkipText -->
        <test-method is-config="true" signature="tearDown()[pri:0, instance:co.ai4lyf.Testcases.OnBoardingCoughTrackerTestcases@49438269]" started-at="2024-12-24T18:44:02 PKT" name="tearDown" finished-at="2024-12-24T18:44:03 PKT" duration-ms="300" status="PASS">
          <reporter-output>
          </reporter-output>
        </test-method> <!-- tearDown -->
        <test-method is-config="true" signature="setup()[pri:0, instance:co.ai4lyf.Testcases.OnBoardingCoughTrackerTestcases@49438269]" started-at="2024-12-24T18:44:03 PKT" name="setup" finished-at="2024-12-24T18:44:14 PKT" duration-ms="11548" status="PASS">
          <reporter-output>
          </reporter-output>
        </test-method> <!-- setup -->
        <test-method signature="ClickNextText()[pri:8, instance:co.ai4lyf.Testcases.OnBoardingCoughTrackerTestcases@49438269]" started-at="2024-12-24T18:44:14 PKT" name="ClickNextText" finished-at="2024-12-24T18:44:17 PKT" duration-ms="2856" status="PASS">
          <reporter-output>
          </reporter-output>
        </test-method> <!-- ClickNextText -->
        <test-method is-config="true" signature="tearDown()[pri:0, instance:co.ai4lyf.Testcases.OnBoardingCoughTrackerTestcases@49438269]" started-at="2024-12-24T18:44:17 PKT" name="tearDown" finished-at="2024-12-24T18:44:17 PKT" duration-ms="391" status="PASS">
          <reporter-output>
          </reporter-output>
        </test-method> <!-- tearDown -->
      </class> <!-- co.ai4lyf.Testcases.OnBoardingCoughTrackerTestcases -->
      <class name="co.ai4lyf.Testcases.SplashTestcases">
        <test-method is-config="true" signature="setUp()[pri:0, instance:co.ai4lyf.Testcases.SplashTestcases@2f4948e4]" started-at="2024-12-24T18:38:31 PKT" name="setUp" finished-at="2024-12-24T18:38:39 PKT" duration-ms="7866" status="PASS">
          <reporter-output>
          </reporter-output>
        </test-method> <!-- setUp -->
        <test-method signature="LogoVerification()[pri:1, instance:co.ai4lyf.Testcases.SplashTestcases@2f4948e4]" started-at="2024-12-24T18:38:39 PKT" name="LogoVerification" finished-at="2024-12-24T18:38:59 PKT" duration-ms="20070" status="FAIL">
          <exception class="org.openqa.selenium.NoSuchElementException">
            <message>
              <![CDATA[An element could not be located on the page using the given search parameters.
For documentation on this error, please visit: https://www.selenium.dev/documentation/webdriver/troubleshooting/errors#no-such-element-exception
Build info: version: '4.25.0', revision: '8a8aea2337'
System info: os.name: 'Mac OS X', os.arch: 'x86_64', os.version: '14.7.1', java.version: '23'
Driver info: io.appium.java_client.android.AndroidDriver
Command: [2ae38acd-3020-4941-b7e0-25db2c73af67, findElement {using=xpath, value=//android.widget.ImageView[@resource-id='com.lyf.suite.lyfsuite:id/inhaler']}]
Capabilities {appium:appActivity: com.lyf.suite.lyfsuite.lyf_..., appium:appPackage: com.lyf.suite.lyfsuite, appium:automationName: UiAutomator2, appium:databaseEnabled: false, appium:desired: {appActivity: com.lyf.suite.lyfsuite.lyf_..., appPackage: com.lyf.suite.lyfsuite, automationName: UiAutomator2, deviceName: Pixel 7, newCommandTimeout: 1800, platformName: ANDROID, platformVersion: 11.0, udid: emulator-5554, uiautomator2ServerInstallTimeout: 180000}, appium:deviceApiLevel: 30, appium:deviceManufacturer: Google, appium:deviceModel: sdk_gphone_x86, appium:deviceName: emulator-5554, appium:deviceScreenDensity: 420, appium:deviceScreenSize: 1080x2400, appium:deviceUDID: emulator-5554, appium:javascriptEnabled: true, appium:locationContextEnabled: false, appium:networkConnectionEnabled: true, appium:newCommandTimeout: 1800, appium:pixelRatio: 2.625, appium:platformVersion: 11, appium:statBarHeight: 136, appium:takesScreenshot: true, appium:udid: emulator-5554, appium:uiautomator2ServerInstallTimeout: 180000, appium:viewportRect: {height: 2264, left: 0, top: 136, width: 1080}, appium:warnings: {}, appium:webStorageEnabled: false, platformName: ANDROID}
Session ID: 2ae38acd-3020-4941-b7e0-25db2c73af67]]>
            </message>
            <full-stacktrace>
              <![CDATA[org.openqa.selenium.NoSuchElementException: An element could not be located on the page using the given search parameters.
For documentation on this error, please visit: https://www.selenium.dev/documentation/webdriver/troubleshooting/errors#no-such-element-exception
Build info: version: '4.25.0', revision: '8a8aea2337'
System info: os.name: 'Mac OS X', os.arch: 'x86_64', os.version: '14.7.1', java.version: '23'
Driver info: io.appium.java_client.android.AndroidDriver
Command: [2ae38acd-3020-4941-b7e0-25db2c73af67, findElement {using=xpath, value=//android.widget.ImageView[@resource-id='com.lyf.suite.lyfsuite:id/inhaler']}]
Capabilities {appium:appActivity: com.lyf.suite.lyfsuite.lyf_..., appium:appPackage: com.lyf.suite.lyfsuite, appium:automationName: UiAutomator2, appium:databaseEnabled: false, appium:desired: {appActivity: com.lyf.suite.lyfsuite.lyf_..., appPackage: com.lyf.suite.lyfsuite, automationName: UiAutomator2, deviceName: Pixel 7, newCommandTimeout: 1800, platformName: ANDROID, platformVersion: 11.0, udid: emulator-5554, uiautomator2ServerInstallTimeout: 180000}, appium:deviceApiLevel: 30, appium:deviceManufacturer: Google, appium:deviceModel: sdk_gphone_x86, appium:deviceName: emulator-5554, appium:deviceScreenDensity: 420, appium:deviceScreenSize: 1080x2400, appium:deviceUDID: emulator-5554, appium:javascriptEnabled: true, appium:locationContextEnabled: false, appium:networkConnectionEnabled: true, appium:newCommandTimeout: 1800, appium:pixelRatio: 2.625, appium:platformVersion: 11, appium:statBarHeight: 136, appium:takesScreenshot: true, appium:udid: emulator-5554, appium:uiautomator2ServerInstallTimeout: 180000, appium:viewportRect: {height: 2264, left: 0, top: 136, width: 1080}, appium:warnings: {}, appium:webStorageEnabled: false, platformName: ANDROID}
Session ID: 2ae38acd-3020-4941-b7e0-25db2c73af67
at java.base/jdk.internal.reflect.DirectConstructorHandleAccessor.newInstance(DirectConstructorHandleAccessor.java:62)
at java.base/java.lang.reflect.Constructor.newInstanceWithCaller(Constructor.java:501)
at java.base/java.lang.reflect.Constructor.newInstance(Constructor.java:485)
at org.openqa.selenium.remote.ErrorCodec.decode(ErrorCodec.java:167)
at org.openqa.selenium.remote.codec.w3c.W3CHttpResponseCodec.decode(W3CHttpResponseCodec.java:138)
at org.openqa.selenium.remote.codec.w3c.W3CHttpResponseCodec.decode(W3CHttpResponseCodec.java:50)
at org.openqa.selenium.remote.HttpCommandExecutor.execute(HttpCommandExecutor.java:190)
at io.appium.java_client.remote.AppiumCommandExecutor.execute(AppiumCommandExecutor.java:237)
at org.openqa.selenium.remote.RemoteWebDriver.execute(RemoteWebDriver.java:545)
at org.openqa.selenium.remote.ElementLocation$ElementFinder$2.findElement(ElementLocation.java:165)
at org.openqa.selenium.remote.ElementLocation.findElement(ElementLocation.java:59)
at org.openqa.selenium.remote.RemoteWebDriver.findElement(RemoteWebDriver.java:368)
at org.openqa.selenium.remote.RemoteWebDriver.findElement(RemoteWebDriver.java:362)
at org.openqa.selenium.support.pagefactory.DefaultElementLocator.findElement(DefaultElementLocator.java:68)
at org.openqa.selenium.support.pagefactory.internal.LocatingElementHandler.invoke(LocatingElementHandler.java:38)
at jdk.proxy2/jdk.proxy2.$Proxy13.isDisplayed(Unknown Source)
at co.Ai4Lyf.Objects.SplashObjects.SplashLogo(SplashObjects.java:26)
at co.ai4lyf.Testcases.SplashTestcases.LogoVerification(SplashTestcases.java:30)
at java.base/jdk.internal.reflect.DirectMethodHandleAccessor.invoke(DirectMethodHandleAccessor.java:103)
at java.base/java.lang.reflect.Method.invoke(Method.java:580)
at org.testng.internal.MethodInvocationHelper.invokeMethod(MethodInvocationHelper.java:133)
at org.testng.internal.TestInvoker.invokeMethod(TestInvoker.java:598)
at org.testng.internal.TestInvoker.invokeTestMethod(TestInvoker.java:173)
at org.testng.internal.MethodRunner.runInSequence(MethodRunner.java:46)
at org.testng.internal.TestInvoker$MethodInvocationAgent.invoke(TestInvoker.java:824)
at org.testng.internal.TestInvoker.invokeTestMethods(TestInvoker.java:146)
at org.testng.internal.TestMethodWorker.invokeTestMethods(TestMethodWorker.java:146)
at org.testng.internal.TestMethodWorker.run(TestMethodWorker.java:128)
at java.base/java.util.ArrayList.forEach(ArrayList.java:1597)
at org.testng.TestRunner.privateRun(TestRunner.java:794)
at org.testng.TestRunner.run(TestRunner.java:596)
at org.testng.SuiteRunner.runTest(SuiteRunner.java:377)
at org.testng.SuiteRunner.runSequentially(SuiteRunner.java:371)
at org.testng.SuiteRunner.privateRun(SuiteRunner.java:332)
at org.testng.SuiteRunner.run(SuiteRunner.java:276)
at org.testng.SuiteRunnerWorker.runSuite(SuiteRunnerWorker.java:53)
at org.testng.SuiteRunnerWorker.run(SuiteRunnerWorker.java:96)
at org.testng.TestNG.runSuitesSequentially(TestNG.java:1212)
at org.testng.TestNG.runSuitesLocally(TestNG.java:1134)
at org.testng.TestNG.runSuites(TestNG.java:1063)
at org.testng.TestNG.run(TestNG.java:1031)
at org.testng.remote.AbstractRemoteTestNG.run(AbstractRemoteTestNG.java:115)
at org.testng.remote.RemoteTestNG.initAndRun(RemoteTestNG.java:293)
at org.testng.remote.RemoteTestNG.main(RemoteTestNG.java:91)
]]>
            </full-stacktrace>
          </exception> <!-- org.openqa.selenium.NoSuchElementException -->
          <reporter-output>
          </reporter-output>
        </test-method> <!-- LogoVerification -->
        <test-method is-config="true" signature="tearDown()[pri:0, instance:co.ai4lyf.Testcases.SplashTestcases@2f4948e4]" started-at="2024-12-24T18:38:59 PKT" name="tearDown" finished-at="2024-12-24T18:38:59 PKT" duration-ms="345" status="PASS">
          <reporter-output>
          </reporter-output>
        </test-method> <!-- tearDown -->
        <test-method is-config="true" signature="setUp()[pri:0, instance:co.ai4lyf.Testcases.SplashTestcases@2f4948e4]" started-at="2024-12-24T18:38:59 PKT" name="setUp" finished-at="2024-12-24T18:39:05 PKT" duration-ms="5759" status="PASS">
          <reporter-output>
          </reporter-output>
        </test-method> <!-- setUp -->
        <test-method signature="HeadText()[pri:2, instance:co.ai4lyf.Testcases.SplashTestcases@2f4948e4]" started-at="2024-12-24T18:39:05 PKT" name="HeadText" finished-at="2024-12-24T18:39:06 PKT" duration-ms="1000" status="PASS">
          <reporter-output>
          </reporter-output>
        </test-method> <!-- HeadText -->
        <test-method is-config="true" signature="tearDown()[pri:0, instance:co.ai4lyf.Testcases.SplashTestcases@2f4948e4]" started-at="2024-12-24T18:39:06 PKT" name="tearDown" finished-at="2024-12-24T18:39:06 PKT" duration-ms="295" status="PASS">
          <reporter-output>
          </reporter-output>
        </test-method> <!-- tearDown -->
        <test-method is-config="true" signature="setUp()[pri:0, instance:co.ai4lyf.Testcases.SplashTestcases@2f4948e4]" started-at="2024-12-24T18:39:06 PKT" name="setUp" finished-at="2024-12-24T18:39:14 PKT" duration-ms="7751" status="PASS">
          <reporter-output>
          </reporter-output>
        </test-method> <!-- setUp -->
        <test-method signature="ParagraphText()[pri:3, instance:co.ai4lyf.Testcases.SplashTestcases@2f4948e4]" started-at="2024-12-24T18:39:14 PKT" name="ParagraphText" finished-at="2024-12-24T18:39:15 PKT" duration-ms="1036" status="PASS">
          <reporter-output>
          </reporter-output>
        </test-method> <!-- ParagraphText -->
        <test-method is-config="true" signature="tearDown()[pri:0, instance:co.ai4lyf.Testcases.SplashTestcases@2f4948e4]" started-at="2024-12-24T18:39:15 PKT" name="tearDown" finished-at="2024-12-24T18:39:15 PKT" duration-ms="310" status="PASS">
          <reporter-output>
          </reporter-output>
        </test-method> <!-- tearDown -->
      </class> <!-- co.ai4lyf.Testcases.SplashTestcases -->
      <class name="co.ai4lyf.Testcases.OnBoardingHealLyfTestcases">
        <test-method is-config="true" signature="setup()[pri:0, instance:co.ai4lyf.Testcases.OnBoardingHealLyfTestcases@ba2f4ec]" started-at="2024-12-24T18:44:17 PKT" name="setup" finished-at="2024-12-24T18:44:30 PKT" duration-ms="12237" status="PASS">
          <reporter-output>
          </reporter-output>
        </test-method> <!-- setup -->
        <test-method signature="LogoVerification()[pri:1, instance:co.ai4lyf.Testcases.OnBoardingHealLyfTestcases@ba2f4ec]" started-at="2024-12-24T18:44:30 PKT" name="LogoVerification" finished-at="2024-12-24T18:44:31 PKT" duration-ms="1366" status="PASS">
          <reporter-output>
          </reporter-output>
        </test-method> <!-- LogoVerification -->
        <test-method is-config="true" signature="tearDown()[pri:0, instance:co.ai4lyf.Testcases.OnBoardingHealLyfTestcases@ba2f4ec]" started-at="2024-12-24T18:44:31 PKT" name="tearDown" finished-at="2024-12-24T18:44:31 PKT" duration-ms="390" status="PASS">
          <reporter-output>
          </reporter-output>
        </test-method> <!-- tearDown -->
        <test-method is-config="true" signature="setup()[pri:0, instance:co.ai4lyf.Testcases.OnBoardingHealLyfTestcases@ba2f4ec]" started-at="2024-12-24T18:44:31 PKT" name="setup" finished-at="2024-12-24T18:44:46 PKT" duration-ms="14491" status="PASS">
          <reporter-output>
          </reporter-output>
        </test-method> <!-- setup -->
        <test-method signature="HeadingVerification()[pri:2, instance:co.ai4lyf.Testcases.OnBoardingHealLyfTestcases@ba2f4ec]" started-at="2024-12-24T18:44:46 PKT" name="HeadingVerification" finished-at="2024-12-24T18:44:47 PKT" duration-ms="1419" status="PASS">
          <reporter-output>
          </reporter-output>
        </test-method> <!-- HeadingVerification -->
        <test-method is-config="true" signature="tearDown()[pri:0, instance:co.ai4lyf.Testcases.OnBoardingHealLyfTestcases@ba2f4ec]" started-at="2024-12-24T18:44:47 PKT" name="tearDown" finished-at="2024-12-24T18:44:48 PKT" duration-ms="765" status="PASS">
          <reporter-output>
          </reporter-output>
        </test-method> <!-- tearDown -->
        <test-method is-config="true" signature="setup()[pri:0, instance:co.ai4lyf.Testcases.OnBoardingHealLyfTestcases@ba2f4ec]" started-at="2024-12-24T18:44:48 PKT" name="setup" finished-at="2024-12-24T18:45:01 PKT" duration-ms="13114" status="PASS">
          <reporter-output>
          </reporter-output>
        </test-method> <!-- setup -->
        <test-method signature="ParaVerification()[pri:3, instance:co.ai4lyf.Testcases.OnBoardingHealLyfTestcases@ba2f4ec]" started-at="2024-12-24T18:45:01 PKT" name="ParaVerification" finished-at="2024-12-24T18:45:02 PKT" duration-ms="1365" status="PASS">
          <reporter-output>
          </reporter-output>
        </test-method> <!-- ParaVerification -->
        <test-method is-config="true" signature="tearDown()[pri:0, instance:co.ai4lyf.Testcases.OnBoardingHealLyfTestcases@ba2f4ec]" started-at="2024-12-24T18:45:02 PKT" name="tearDown" finished-at="2024-12-24T18:45:03 PKT" duration-ms="309" status="PASS">
          <reporter-output>
          </reporter-output>
        </test-method> <!-- tearDown -->
        <test-method is-config="true" signature="setup()[pri:0, instance:co.ai4lyf.Testcases.OnBoardingHealLyfTestcases@ba2f4ec]" started-at="2024-12-24T18:45:03 PKT" name="setup" finished-at="2024-12-24T18:45:17 PKT" duration-ms="14692" status="PASS">
          <reporter-output>
          </reporter-output>
        </test-method> <!-- setup -->
        <test-method signature="SkipTextVerification()[pri:4, instance:co.ai4lyf.Testcases.OnBoardingHealLyfTestcases@ba2f4ec]" started-at="2024-12-24T18:45:17 PKT" name="SkipTextVerification" finished-at="2024-12-24T18:45:19 PKT" duration-ms="1448" status="PASS">
          <reporter-output>
          </reporter-output>
        </test-method> <!-- SkipTextVerification -->
        <test-method is-config="true" signature="tearDown()[pri:0, instance:co.ai4lyf.Testcases.OnBoardingHealLyfTestcases@ba2f4ec]" started-at="2024-12-24T18:45:19 PKT" name="tearDown" finished-at="2024-12-24T18:45:19 PKT" duration-ms="370" status="PASS">
          <reporter-output>
          </reporter-output>
        </test-method> <!-- tearDown -->
        <test-method is-config="true" signature="setup()[pri:0, instance:co.ai4lyf.Testcases.OnBoardingHealLyfTestcases@ba2f4ec]" started-at="2024-12-24T18:45:19 PKT" name="setup" finished-at="2024-12-24T18:45:31 PKT" duration-ms="12068" status="PASS">
          <reporter-output>
          </reporter-output>
        </test-method> <!-- setup -->
        <test-method signature="NextTextVerification()[pri:5, instance:co.ai4lyf.Testcases.OnBoardingHealLyfTestcases@ba2f4ec]" started-at="2024-12-24T18:45:31 PKT" name="NextTextVerification" finished-at="2024-12-24T18:45:33 PKT" duration-ms="1312" status="PASS">
          <reporter-output>
          </reporter-output>
        </test-method> <!-- NextTextVerification -->
        <test-method is-config="true" signature="tearDown()[pri:0, instance:co.ai4lyf.Testcases.OnBoardingHealLyfTestcases@ba2f4ec]" started-at="2024-12-24T18:45:33 PKT" name="tearDown" finished-at="2024-12-24T18:45:33 PKT" duration-ms="299" status="PASS">
          <reporter-output>
          </reporter-output>
        </test-method> <!-- tearDown -->
        <test-method is-config="true" signature="setup()[pri:0, instance:co.ai4lyf.Testcases.OnBoardingHealLyfTestcases@ba2f4ec]" started-at="2024-12-24T18:45:33 PKT" name="setup" finished-at="2024-12-24T18:45:48 PKT" duration-ms="14699" status="PASS">
          <reporter-output>
          </reporter-output>
        </test-method> <!-- setup -->
        <test-method signature="ClickSkip()[pri:6, instance:co.ai4lyf.Testcases.OnBoardingHealLyfTestcases@ba2f4ec]" started-at="2024-12-24T18:45:48 PKT" name="ClickSkip" finished-at="2024-12-24T18:45:50 PKT" duration-ms="2500" status="PASS">
          <reporter-output>
          </reporter-output>
        </test-method> <!-- ClickSkip -->
        <test-method is-config="true" signature="tearDown()[pri:0, instance:co.ai4lyf.Testcases.OnBoardingHealLyfTestcases@ba2f4ec]" started-at="2024-12-24T18:45:50 PKT" name="tearDown" finished-at="2024-12-24T18:45:51 PKT" duration-ms="451" status="PASS">
          <reporter-output>
          </reporter-output>
        </test-method> <!-- tearDown -->
        <test-method is-config="true" signature="setup()[pri:0, instance:co.ai4lyf.Testcases.OnBoardingHealLyfTestcases@ba2f4ec]" started-at="2024-12-24T18:45:51 PKT" name="setup" finished-at="2024-12-24T18:46:21 PKT" duration-ms="30530" status="PASS">
          <reporter-output>
          </reporter-output>
        </test-method> <!-- setup -->
        <test-method signature="ClickNext()[pri:7, instance:co.ai4lyf.Testcases.OnBoardingHealLyfTestcases@ba2f4ec]" started-at="2024-12-24T18:46:21 PKT" name="ClickNext" finished-at="2024-12-24T18:46:24 PKT" duration-ms="2762" status="PASS">
          <reporter-output>
          </reporter-output>
        </test-method> <!-- ClickNext -->
        <test-method is-config="true" signature="tearDown()[pri:0, instance:co.ai4lyf.Testcases.OnBoardingHealLyfTestcases@ba2f4ec]" started-at="2024-12-24T18:46:24 PKT" name="tearDown" finished-at="2024-12-24T18:46:24 PKT" duration-ms="384" status="PASS">
          <reporter-output>
          </reporter-output>
        </test-method> <!-- tearDown -->
      </class> <!-- co.ai4lyf.Testcases.OnBoardingHealLyfTestcases -->
      <class name="co.ai4lyf.Testcases.OnBoardingNutriTestcases">
        <test-method is-config="true" signature="setup()[pri:0, instance:co.ai4lyf.Testcases.OnBoardingNutriTestcases@1c1bbc4e]" started-at="2024-12-24T18:46:24 PKT" name="setup" finished-at="2024-12-24T18:46:38 PKT" duration-ms="14097" status="PASS">
          <reporter-output>
          </reporter-output>
        </test-method> <!-- setup -->
        <test-method signature="LogoVerification()[pri:1, instance:co.ai4lyf.Testcases.OnBoardingNutriTestcases@1c1bbc4e]" started-at="2024-12-24T18:46:38 PKT" name="LogoVerification" finished-at="2024-12-24T18:46:40 PKT" duration-ms="1398" status="PASS">
          <reporter-output>
          </reporter-output>
        </test-method> <!-- LogoVerification -->
        <test-method is-config="true" signature="tearDown()[pri:0, instance:co.ai4lyf.Testcases.OnBoardingNutriTestcases@1c1bbc4e]" started-at="2024-12-24T18:46:40 PKT" name="tearDown" finished-at="2024-12-24T18:46:41 PKT" duration-ms="1119" status="PASS">
          <reporter-output>
          </reporter-output>
        </test-method> <!-- tearDown -->
        <test-method is-config="true" signature="setup()[pri:0, instance:co.ai4lyf.Testcases.OnBoardingNutriTestcases@1c1bbc4e]" started-at="2024-12-24T18:46:41 PKT" name="setup" finished-at="2024-12-24T18:46:56 PKT" duration-ms="14842" status="PASS">
          <reporter-output>
          </reporter-output>
        </test-method> <!-- setup -->
        <test-method signature="HeadingVerification()[pri:2, instance:co.ai4lyf.Testcases.OnBoardingNutriTestcases@1c1bbc4e]" started-at="2024-12-24T18:46:56 PKT" name="HeadingVerification" finished-at="2024-12-24T18:46:57 PKT" duration-ms="1206" status="PASS">
          <reporter-output>
          </reporter-output>
        </test-method> <!-- HeadingVerification -->
        <test-method is-config="true" signature="tearDown()[pri:0, instance:co.ai4lyf.Testcases.OnBoardingNutriTestcases@1c1bbc4e]" started-at="2024-12-24T18:46:57 PKT" name="tearDown" finished-at="2024-12-24T18:46:57 PKT" duration-ms="328" status="PASS">
          <reporter-output>
          </reporter-output>
        </test-method> <!-- tearDown -->
        <test-method is-config="true" signature="setup()[pri:0, instance:co.ai4lyf.Testcases.OnBoardingNutriTestcases@1c1bbc4e]" started-at="2024-12-24T18:46:57 PKT" name="setup" finished-at="2024-12-24T18:47:13 PKT" duration-ms="15526" status="PASS">
          <reporter-output>
          </reporter-output>
        </test-method> <!-- setup -->
        <test-method signature="ParaText1Verification()[pri:3, instance:co.ai4lyf.Testcases.OnBoardingNutriTestcases@1c1bbc4e]" started-at="2024-12-24T18:47:13 PKT" name="ParaText1Verification" finished-at="2024-12-24T18:47:13 PKT" duration-ms="201" status="PASS">
          <reporter-output>
          </reporter-output>
        </test-method> <!-- ParaText1Verification -->
        <test-method is-config="true" signature="tearDown()[pri:0, instance:co.ai4lyf.Testcases.OnBoardingNutriTestcases@1c1bbc4e]" started-at="2024-12-24T18:47:13 PKT" name="tearDown" finished-at="2024-12-24T18:47:13 PKT" duration-ms="470" status="PASS">
          <reporter-output>
          </reporter-output>
        </test-method> <!-- tearDown -->
        <test-method is-config="true" signature="setup()[pri:0, instance:co.ai4lyf.Testcases.OnBoardingNutriTestcases@1c1bbc4e]" started-at="2024-12-24T18:47:13 PKT" name="setup" finished-at="2024-12-24T18:47:27 PKT" duration-ms="13964" status="PASS">
          <reporter-output>
          </reporter-output>
        </test-method> <!-- setup -->
        <test-method signature="ParaText2Verification()[pri:4, instance:co.ai4lyf.Testcases.OnBoardingNutriTestcases@1c1bbc4e]" started-at="2024-12-24T18:47:27 PKT" name="ParaText2Verification" finished-at="2024-12-24T18:47:29 PKT" duration-ms="1262" status="PASS">
          <reporter-output>
          </reporter-output>
        </test-method> <!-- ParaText2Verification -->
        <test-method is-config="true" signature="tearDown()[pri:0, instance:co.ai4lyf.Testcases.OnBoardingNutriTestcases@1c1bbc4e]" started-at="2024-12-24T18:47:29 PKT" name="tearDown" finished-at="2024-12-24T18:47:29 PKT" duration-ms="367" status="PASS">
          <reporter-output>
          </reporter-output>
        </test-method> <!-- tearDown -->
        <test-method is-config="true" signature="setup()[pri:0, instance:co.ai4lyf.Testcases.OnBoardingNutriTestcases@1c1bbc4e]" started-at="2024-12-24T18:47:29 PKT" name="setup" finished-at="2024-12-24T18:47:46 PKT" duration-ms="16476" status="PASS">
          <reporter-output>
          </reporter-output>
        </test-method> <!-- setup -->
        <test-method signature="SkipTextVerification()[pri:5, instance:co.ai4lyf.Testcases.OnBoardingNutriTestcases@1c1bbc4e]" started-at="2024-12-24T18:47:46 PKT" name="SkipTextVerification" finished-at="2024-12-24T18:47:47 PKT" duration-ms="1356" status="PASS">
          <reporter-output>
          </reporter-output>
        </test-method> <!-- SkipTextVerification -->
        <test-method is-config="true" signature="tearDown()[pri:0, instance:co.ai4lyf.Testcases.OnBoardingNutriTestcases@1c1bbc4e]" started-at="2024-12-24T18:47:47 PKT" name="tearDown" finished-at="2024-12-24T18:47:47 PKT" duration-ms="408" status="PASS">
          <reporter-output>
          </reporter-output>
        </test-method> <!-- tearDown -->
        <test-method is-config="true" signature="setup()[pri:0, instance:co.ai4lyf.Testcases.OnBoardingNutriTestcases@1c1bbc4e]" started-at="2024-12-24T18:47:47 PKT" name="setup" finished-at="2024-12-24T18:48:01 PKT" duration-ms="13732" status="PASS">
          <reporter-output>
          </reporter-output>
        </test-method> <!-- setup -->
        <test-method signature="NextTextVerification()[pri:6, instance:co.ai4lyf.Testcases.OnBoardingNutriTestcases@1c1bbc4e]" started-at="2024-12-24T18:48:01 PKT" name="NextTextVerification" finished-at="2024-12-24T18:48:02 PKT" duration-ms="1254" status="PASS">
          <reporter-output>
          </reporter-output>
        </test-method> <!-- NextTextVerification -->
        <test-method is-config="true" signature="tearDown()[pri:0, instance:co.ai4lyf.Testcases.OnBoardingNutriTestcases@1c1bbc4e]" started-at="2024-12-24T18:48:02 PKT" name="tearDown" finished-at="2024-12-24T18:48:03 PKT" duration-ms="337" status="PASS">
          <reporter-output>
          </reporter-output>
        </test-method> <!-- tearDown -->
        <test-method is-config="true" signature="setup()[pri:0, instance:co.ai4lyf.Testcases.OnBoardingNutriTestcases@1c1bbc4e]" started-at="2024-12-24T18:48:03 PKT" name="setup" finished-at="2024-12-24T18:48:18 PKT" duration-ms="15862" status="PASS">
          <reporter-output>
          </reporter-output>
        </test-method> <!-- setup -->
        <test-method signature="ClickSkip()[pri:7, instance:co.ai4lyf.Testcases.OnBoardingNutriTestcases@1c1bbc4e]" started-at="2024-12-24T18:48:18 PKT" name="ClickSkip" finished-at="2024-12-24T18:48:21 PKT" duration-ms="2499" status="PASS">
          <reporter-output>
          </reporter-output>
        </test-method> <!-- ClickSkip -->
        <test-method is-config="true" signature="tearDown()[pri:0, instance:co.ai4lyf.Testcases.OnBoardingNutriTestcases@1c1bbc4e]" started-at="2024-12-24T18:48:21 PKT" name="tearDown" finished-at="2024-12-24T18:48:21 PKT" duration-ms="329" status="PASS">
          <reporter-output>
          </reporter-output>
        </test-method> <!-- tearDown -->
        <test-method is-config="true" signature="setup()[pri:0, instance:co.ai4lyf.Testcases.OnBoardingNutriTestcases@1c1bbc4e]" started-at="2024-12-24T18:48:21 PKT" name="setup" finished-at="2024-12-24T18:48:35 PKT" duration-ms="13364" status="PASS">
          <reporter-output>
          </reporter-output>
        </test-method> <!-- setup -->
        <test-method signature="ClickNext()[pri:8, instance:co.ai4lyf.Testcases.OnBoardingNutriTestcases@1c1bbc4e]" started-at="2024-12-24T18:48:35 PKT" name="ClickNext" finished-at="2024-12-24T18:48:37 PKT" duration-ms="2609" status="PASS">
          <reporter-output>
          </reporter-output>
        </test-method> <!-- ClickNext -->
        <test-method is-config="true" signature="tearDown()[pri:0, instance:co.ai4lyf.Testcases.OnBoardingNutriTestcases@1c1bbc4e]" started-at="2024-12-24T18:48:37 PKT" name="tearDown" finished-at="2024-12-24T18:48:39 PKT" duration-ms="1728" status="PASS">
          <reporter-output>
          </reporter-output>
        </test-method> <!-- tearDown -->
      </class> <!-- co.ai4lyf.Testcases.OnBoardingNutriTestcases -->
      <class name="co.ai4lyf.Testcases.LoginTestcases">
        <test-method is-config="true" signature="setup()[pri:0, instance:co.ai4lyf.Testcases.LoginTestcases@1a4013]" started-at="2024-12-24T18:50:46 PKT" name="setup" finished-at="2024-12-24T18:50:50 PKT" duration-ms="4075" status="PASS">
          <reporter-output>
          </reporter-output>
        </test-method> <!-- setup -->
        <test-method signature="BackLogoClick()[pri:1, instance:co.ai4lyf.Testcases.LoginTestcases@1a4013]" started-at="2024-12-24T18:50:50 PKT" name="BackLogoClick" finished-at="2024-12-24T18:50:53 PKT" duration-ms="2868" status="PASS">
          <reporter-output>
          </reporter-output>
        </test-method> <!-- BackLogoClick -->
        <test-method is-config="true" signature="tearDown()[pri:0, instance:co.ai4lyf.Testcases.LoginTestcases@1a4013]" started-at="2024-12-24T18:50:53 PKT" name="tearDown" finished-at="2024-12-24T18:50:54 PKT" duration-ms="549" status="PASS">
          <reporter-output>
          </reporter-output>
        </test-method> <!-- tearDown -->
        <test-method is-config="true" signature="setup()[pri:0, instance:co.ai4lyf.Testcases.LoginTestcases@1a4013]" started-at="2024-12-24T18:50:54 PKT" name="setup" finished-at="2024-12-24T18:51:05 PKT" duration-ms="11248" status="PASS">
          <reporter-output>
          </reporter-output>
        </test-method> <!-- setup -->
        <test-method signature="BackLogoVerification()[pri:2, instance:co.ai4lyf.Testcases.LoginTestcases@1a4013]" started-at="2024-12-24T18:51:05 PKT" name="BackLogoVerification" finished-at="2024-12-24T18:51:06 PKT" duration-ms="1408" status="PASS">
          <reporter-output>
          </reporter-output>
        </test-method> <!-- BackLogoVerification -->
        <test-method is-config="true" signature="tearDown()[pri:0, instance:co.ai4lyf.Testcases.LoginTestcases@1a4013]" started-at="2024-12-24T18:51:06 PKT" name="tearDown" finished-at="2024-12-24T18:51:07 PKT" duration-ms="398" status="PASS">
          <reporter-output>
          </reporter-output>
        </test-method> <!-- tearDown -->
        <test-method is-config="true" signature="setup()[pri:0, instance:co.ai4lyf.Testcases.LoginTestcases@1a4013]" started-at="2024-12-24T18:51:07 PKT" name="setup" finished-at="2024-12-24T18:51:21 PKT" duration-ms="14655" status="PASS">
          <reporter-output>
          </reporter-output>
        </test-method> <!-- setup -->
        <test-method signature="LyfSuiteLogoVerification()[pri:3, instance:co.ai4lyf.Testcases.LoginTestcases@1a4013]" started-at="2024-12-24T18:51:21 PKT" name="LyfSuiteLogoVerification" finished-at="2024-12-24T18:51:23 PKT" duration-ms="1081" status="PASS">
          <reporter-output>
          </reporter-output>
        </test-method> <!-- LyfSuiteLogoVerification -->
        <test-method is-config="true" signature="tearDown()[pri:0, instance:co.ai4lyf.Testcases.LoginTestcases@1a4013]" started-at="2024-12-24T18:51:23 PKT" name="tearDown" finished-at="2024-12-24T18:51:23 PKT" duration-ms="302" status="PASS">
          <reporter-output>
          </reporter-output>
        </test-method> <!-- tearDown -->
        <test-method is-config="true" signature="setup()[pri:0, instance:co.ai4lyf.Testcases.LoginTestcases@1a4013]" started-at="2024-12-24T18:51:23 PKT" name="setup" finished-at="2024-12-24T18:51:32 PKT" duration-ms="9506" status="PASS">
          <reporter-output>
          </reporter-output>
        </test-method> <!-- setup -->
        <test-method signature="VerifyHeadingText()[pri:4, instance:co.ai4lyf.Testcases.LoginTestcases@1a4013]" started-at="2024-12-24T18:51:32 PKT" name="VerifyHeadingText" finished-at="2024-12-24T18:51:33 PKT" duration-ms="986" status="PASS">
          <reporter-output>
          </reporter-output>
        </test-method> <!-- VerifyHeadingText -->
        <test-method is-config="true" signature="tearDown()[pri:0, instance:co.ai4lyf.Testcases.LoginTestcases@1a4013]" started-at="2024-12-24T18:51:33 PKT" name="tearDown" finished-at="2024-12-24T18:51:34 PKT" duration-ms="337" status="PASS">
          <reporter-output>
          </reporter-output>
        </test-method> <!-- tearDown -->
        <test-method is-config="true" signature="setup()[pri:0, instance:co.ai4lyf.Testcases.LoginTestcases@1a4013]" started-at="2024-12-24T18:51:34 PKT" name="setup" finished-at="2024-12-24T18:51:47 PKT" duration-ms="12869" status="PASS">
          <reporter-output>
          </reporter-output>
        </test-method> <!-- setup -->
        <test-method signature="VerifyParaText()[pri:5, instance:co.ai4lyf.Testcases.LoginTestcases@1a4013]" started-at="2024-12-24T18:51:47 PKT" name="VerifyParaText" finished-at="2024-12-24T18:51:48 PKT" duration-ms="1185" status="PASS">
          <reporter-output>
          </reporter-output>
        </test-method> <!-- VerifyParaText -->
        <test-method is-config="true" signature="tearDown()[pri:0, instance:co.ai4lyf.Testcases.LoginTestcases@1a4013]" started-at="2024-12-24T18:51:48 PKT" name="tearDown" finished-at="2024-12-24T18:51:48 PKT" duration-ms="318" status="PASS">
          <reporter-output>
          </reporter-output>
        </test-method> <!-- tearDown -->
        <test-method is-config="true" signature="setup()[pri:0, instance:co.ai4lyf.Testcases.LoginTestcases@1a4013]" started-at="2024-12-24T18:51:48 PKT" name="setup" finished-at="2024-12-24T18:51:58 PKT" duration-ms="10072" status="PASS">
          <reporter-output>
          </reporter-output>
        </test-method> <!-- setup -->
        <test-method signature="VerifyEmailLabelText()[pri:6, instance:co.ai4lyf.Testcases.LoginTestcases@1a4013]" started-at="2024-12-24T18:51:58 PKT" name="VerifyEmailLabelText" finished-at="2024-12-24T18:51:58 PKT" duration-ms="164" status="PASS">
          <reporter-output>
          </reporter-output>
        </test-method> <!-- VerifyEmailLabelText -->
        <test-method is-config="true" signature="tearDown()[pri:0, instance:co.ai4lyf.Testcases.LoginTestcases@1a4013]" started-at="2024-12-24T18:51:58 PKT" name="tearDown" finished-at="2024-12-24T18:51:59 PKT" duration-ms="318" status="PASS">
          <reporter-output>
          </reporter-output>
        </test-method> <!-- tearDown -->
        <test-method is-config="true" signature="setup()[pri:0, instance:co.ai4lyf.Testcases.LoginTestcases@1a4013]" started-at="2024-12-24T18:51:59 PKT" name="setup" finished-at="2024-12-24T18:52:09 PKT" duration-ms="10004" status="PASS">
          <reporter-output>
          </reporter-output>
        </test-method> <!-- setup -->
        <test-method signature="VerifyEmailPlaceHolderText()[pri:7, instance:co.ai4lyf.Testcases.LoginTestcases@1a4013]" started-at="2024-12-24T18:52:09 PKT" name="VerifyEmailPlaceHolderText" finished-at="2024-12-24T18:52:11 PKT" duration-ms="2335" status="PASS">
          <reporter-output>
          </reporter-output>
        </test-method> <!-- VerifyEmailPlaceHolderText -->
        <test-method is-config="true" signature="tearDown()[pri:0, instance:co.ai4lyf.Testcases.LoginTestcases@1a4013]" started-at="2024-12-24T18:52:11 PKT" name="tearDown" finished-at="2024-12-24T18:52:12 PKT" duration-ms="783" status="PASS">
          <reporter-output>
          </reporter-output>
        </test-method> <!-- tearDown -->
        <test-method is-config="true" signature="setup()[pri:0, instance:co.ai4lyf.Testcases.LoginTestcases@1a4013]" started-at="2024-12-24T18:52:12 PKT" name="setup" finished-at="2024-12-24T18:52:21 PKT" duration-ms="9584" status="PASS">
          <reporter-output>
          </reporter-output>
        </test-method> <!-- setup -->
        <test-method signature="ValidEmail()[pri:8, instance:co.ai4lyf.Testcases.LoginTestcases@1a4013]" started-at="2024-12-24T18:52:21 PKT" name="ValidEmail" finished-at="2024-12-24T18:52:34 PKT" duration-ms="13090" status="PASS">
          <reporter-output>
          </reporter-output>
        </test-method> <!-- ValidEmail -->
        <test-method is-config="true" signature="tearDown()[pri:0, instance:co.ai4lyf.Testcases.LoginTestcases@1a4013]" started-at="2024-12-24T18:52:34 PKT" name="tearDown" finished-at="2024-12-24T18:52:35 PKT" duration-ms="273" status="PASS">
          <reporter-output>
          </reporter-output>
        </test-method> <!-- tearDown -->
        <test-method is-config="true" signature="setup()[pri:0, instance:co.ai4lyf.Testcases.LoginTestcases@1a4013]" started-at="2024-12-24T18:52:35 PKT" name="setup" finished-at="2024-12-24T18:52:46 PKT" duration-ms="11555" status="PASS">
          <reporter-output>
          </reporter-output>
        </test-method> <!-- setup -->
        <test-method signature="EmailWithoutDomain1()[pri:9, instance:co.ai4lyf.Testcases.LoginTestcases@1a4013]" started-at="2024-12-24T18:52:46 PKT" name="EmailWithoutDomain1" finished-at="2024-12-24T18:52:50 PKT" duration-ms="3798" status="PASS">
          <reporter-output>
          </reporter-output>
        </test-method> <!-- EmailWithoutDomain1 -->
        <test-method is-config="true" signature="tearDown()[pri:0, instance:co.ai4lyf.Testcases.LoginTestcases@1a4013]" started-at="2024-12-24T18:52:50 PKT" name="tearDown" finished-at="2024-12-24T18:52:50 PKT" duration-ms="310" status="PASS">
          <reporter-output>
          </reporter-output>
        </test-method> <!-- tearDown -->
        <test-method is-config="true" signature="setup()[pri:0, instance:co.ai4lyf.Testcases.LoginTestcases@1a4013]" started-at="2024-12-24T18:52:50 PKT" name="setup" finished-at="2024-12-24T18:52:59 PKT" duration-ms="9005" status="PASS">
          <reporter-output>
          </reporter-output>
        </test-method> <!-- setup -->
        <test-method signature="EmailWithoutDomain2()[pri:10, instance:co.ai4lyf.Testcases.LoginTestcases@1a4013]" started-at="2024-12-24T18:52:59 PKT" name="EmailWithoutDomain2" finished-at="2024-12-24T18:53:04 PKT" duration-ms="4227" status="PASS">
          <reporter-output>
          </reporter-output>
        </test-method> <!-- EmailWithoutDomain2 -->
        <test-method is-config="true" signature="tearDown()[pri:0, instance:co.ai4lyf.Testcases.LoginTestcases@1a4013]" started-at="2024-12-24T18:53:04 PKT" name="tearDown" finished-at="2024-12-24T18:53:04 PKT" duration-ms="279" status="PASS">
          <reporter-output>
          </reporter-output>
        </test-method> <!-- tearDown -->
        <test-method is-config="true" signature="setup()[pri:0, instance:co.ai4lyf.Testcases.LoginTestcases@1a4013]" started-at="2024-12-24T18:53:04 PKT" name="setup" finished-at="2024-12-24T18:53:15 PKT" duration-ms="11462" status="PASS">
          <reporter-output>
          </reporter-output>
        </test-method> <!-- setup -->
        <test-method signature="EmailWithoutDomain3()[pri:11, instance:co.ai4lyf.Testcases.LoginTestcases@1a4013]" started-at="2024-12-24T18:53:15 PKT" name="EmailWithoutDomain3" finished-at="2024-12-24T18:53:19 PKT" duration-ms="3766" status="PASS">
          <reporter-output>
          </reporter-output>
        </test-method> <!-- EmailWithoutDomain3 -->
        <test-method is-config="true" signature="tearDown()[pri:0, instance:co.ai4lyf.Testcases.LoginTestcases@1a4013]" started-at="2024-12-24T18:53:19 PKT" name="tearDown" finished-at="2024-12-24T18:53:19 PKT" duration-ms="268" status="PASS">
          <reporter-output>
          </reporter-output>
        </test-method> <!-- tearDown -->
        <test-method is-config="true" signature="setup()[pri:0, instance:co.ai4lyf.Testcases.LoginTestcases@1a4013]" started-at="2024-12-24T18:53:19 PKT" name="setup" finished-at="2024-12-24T18:53:28 PKT" duration-ms="9120" status="PASS">
          <reporter-output>
          </reporter-output>
        </test-method> <!-- setup -->
        <test-method signature="EmailWithDomain1()[pri:12, instance:co.ai4lyf.Testcases.LoginTestcases@1a4013]" started-at="2024-12-24T18:53:28 PKT" name="EmailWithDomain1" finished-at="2024-12-24T18:53:32 PKT" duration-ms="3552" status="PASS">
          <reporter-output>
          </reporter-output>
        </test-method> <!-- EmailWithDomain1 -->
        <test-method is-config="true" signature="tearDown()[pri:0, instance:co.ai4lyf.Testcases.LoginTestcases@1a4013]" started-at="2024-12-24T18:53:32 PKT" name="tearDown" finished-at="2024-12-24T18:53:32 PKT" duration-ms="288" status="PASS">
          <reporter-output>
          </reporter-output>
        </test-method> <!-- tearDown -->
        <test-method is-config="true" signature="setup()[pri:0, instance:co.ai4lyf.Testcases.LoginTestcases@1a4013]" started-at="2024-12-24T18:53:32 PKT" name="setup" finished-at="2024-12-24T18:53:43 PKT" duration-ms="10401" status="PASS">
          <reporter-output>
          </reporter-output>
        </test-method> <!-- setup -->
        <test-method signature="EmailWithOutDomain4()[pri:13, instance:co.ai4lyf.Testcases.LoginTestcases@1a4013]" started-at="2024-12-24T18:53:43 PKT" name="EmailWithOutDomain4" finished-at="2024-12-24T18:53:46 PKT" duration-ms="2779" status="PASS">
          <reporter-output>
          </reporter-output>
        </test-method> <!-- EmailWithOutDomain4 -->
        <test-method is-config="true" signature="tearDown()[pri:0, instance:co.ai4lyf.Testcases.LoginTestcases@1a4013]" started-at="2024-12-24T18:53:46 PKT" name="tearDown" finished-at="2024-12-24T18:53:46 PKT" duration-ms="300" status="PASS">
          <reporter-output>
          </reporter-output>
        </test-method> <!-- tearDown -->
        <test-method is-config="true" signature="setup()[pri:0, instance:co.ai4lyf.Testcases.LoginTestcases@1a4013]" started-at="2024-12-24T18:53:46 PKT" name="setup" finished-at="2024-12-24T18:53:55 PKT" duration-ms="9061" status="PASS">
          <reporter-output>
          </reporter-output>
        </test-method> <!-- setup -->
        <test-method signature="EmailWithOutDomain5()[pri:14, instance:co.ai4lyf.Testcases.LoginTestcases@1a4013]" started-at="2024-12-24T18:53:55 PKT" name="EmailWithOutDomain5" finished-at="2024-12-24T18:53:59 PKT" duration-ms="3687" status="PASS">
          <reporter-output>
          </reporter-output>
        </test-method> <!-- EmailWithOutDomain5 -->
        <test-method is-config="true" signature="tearDown()[pri:0, instance:co.ai4lyf.Testcases.LoginTestcases@1a4013]" started-at="2024-12-24T18:53:59 PKT" name="tearDown" finished-at="2024-12-24T18:53:59 PKT" duration-ms="300" status="PASS">
          <reporter-output>
          </reporter-output>
        </test-method> <!-- tearDown -->
        <test-method is-config="true" signature="setup()[pri:0, instance:co.ai4lyf.Testcases.LoginTestcases@1a4013]" started-at="2024-12-24T18:53:59 PKT" name="setup" finished-at="2024-12-24T18:54:08 PKT" duration-ms="9537" status="PASS">
          <reporter-output>
          </reporter-output>
        </test-method> <!-- setup -->
        <test-method signature="EmailWithOutDomain6()[pri:15, instance:co.ai4lyf.Testcases.LoginTestcases@1a4013]" started-at="2024-12-24T18:54:08 PKT" name="EmailWithOutDomain6" finished-at="2024-12-24T18:54:16 PKT" duration-ms="7601" status="PASS">
          <reporter-output>
          </reporter-output>
        </test-method> <!-- EmailWithOutDomain6 -->
        <test-method is-config="true" signature="tearDown()[pri:0, instance:co.ai4lyf.Testcases.LoginTestcases@1a4013]" started-at="2024-12-24T18:54:16 PKT" name="tearDown" finished-at="2024-12-24T18:54:16 PKT" duration-ms="308" status="PASS">
          <reporter-output>
          </reporter-output>
        </test-method> <!-- tearDown -->
        <test-method is-config="true" signature="setup()[pri:0, instance:co.ai4lyf.Testcases.LoginTestcases@1a4013]" started-at="2024-12-24T18:54:16 PKT" name="setup" finished-at="2024-12-24T18:54:26 PKT" duration-ms="10127" status="PASS">
          <reporter-output>
          </reporter-output>
        </test-method> <!-- setup -->
        <test-method signature="EmailWithServer()[pri:16, instance:co.ai4lyf.Testcases.LoginTestcases@1a4013]" started-at="2024-12-24T18:54:26 PKT" name="EmailWithServer" finished-at="2024-12-24T18:54:31 PKT" duration-ms="4691" status="PASS">
          <reporter-output>
          </reporter-output>
        </test-method> <!-- EmailWithServer -->
        <test-method is-config="true" signature="tearDown()[pri:0, instance:co.ai4lyf.Testcases.LoginTestcases@1a4013]" started-at="2024-12-24T18:54:31 PKT" name="tearDown" finished-at="2024-12-24T18:54:31 PKT" duration-ms="274" status="PASS">
          <reporter-output>
          </reporter-output>
        </test-method> <!-- tearDown -->
        <test-method is-config="true" signature="setup()[pri:0, instance:co.ai4lyf.Testcases.LoginTestcases@1a4013]" started-at="2024-12-24T18:54:31 PKT" name="setup" finished-at="2024-12-24T18:54:42 PKT" duration-ms="10301" status="PASS">
          <reporter-output>
          </reporter-output>
        </test-method> <!-- setup -->
        <test-method signature="EmailWithDoubleDomain1()[pri:17, instance:co.ai4lyf.Testcases.LoginTestcases@1a4013]" started-at="2024-12-24T18:54:42 PKT" name="EmailWithDoubleDomain1" finished-at="2024-12-24T18:54:46 PKT" duration-ms="3909" status="PASS">
          <reporter-output>
          </reporter-output>
        </test-method> <!-- EmailWithDoubleDomain1 -->
        <test-method is-config="true" signature="tearDown()[pri:0, instance:co.ai4lyf.Testcases.LoginTestcases@1a4013]" started-at="2024-12-24T18:54:46 PKT" name="tearDown" finished-at="2024-12-24T18:54:46 PKT" duration-ms="313" status="PASS">
          <reporter-output>
          </reporter-output>
        </test-method> <!-- tearDown -->
        <test-method is-config="true" signature="setup()[pri:0, instance:co.ai4lyf.Testcases.LoginTestcases@1a4013]" started-at="2024-12-24T18:54:46 PKT" name="setup" finished-at="2024-12-24T18:54:55 PKT" duration-ms="9227" status="PASS">
          <reporter-output>
          </reporter-output>
        </test-method> <!-- setup -->
        <test-method signature="EmailWithDoubleDomain2()[pri:18, instance:co.ai4lyf.Testcases.LoginTestcases@1a4013]" started-at="2024-12-24T18:54:55 PKT" name="EmailWithDoubleDomain2" finished-at="2024-12-24T18:55:00 PKT" duration-ms="5041" status="PASS">
          <reporter-output>
          </reporter-output>
        </test-method> <!-- EmailWithDoubleDomain2 -->
        <test-method is-config="true" signature="tearDown()[pri:0, instance:co.ai4lyf.Testcases.LoginTestcases@1a4013]" started-at="2024-12-24T18:55:00 PKT" name="tearDown" finished-at="2024-12-24T18:55:01 PKT" duration-ms="303" status="PASS">
          <reporter-output>
          </reporter-output>
        </test-method> <!-- tearDown -->
        <test-method is-config="true" signature="setup()[pri:0, instance:co.ai4lyf.Testcases.LoginTestcases@1a4013]" started-at="2024-12-24T18:55:01 PKT" name="setup" finished-at="2024-12-24T18:55:11 PKT" duration-ms="10978" status="PASS">
          <reporter-output>
          </reporter-output>
        </test-method> <!-- setup -->
        <test-method signature="EmailWithPlus()[pri:19, instance:co.ai4lyf.Testcases.LoginTestcases@1a4013]" started-at="2024-12-24T18:55:11 PKT" name="EmailWithPlus" finished-at="2024-12-24T18:55:17 PKT" duration-ms="5624" status="PASS">
          <reporter-output>
          </reporter-output>
        </test-method> <!-- EmailWithPlus -->
        <test-method is-config="true" signature="tearDown()[pri:0, instance:co.ai4lyf.Testcases.LoginTestcases@1a4013]" started-at="2024-12-24T18:55:17 PKT" name="tearDown" finished-at="2024-12-24T18:55:17 PKT" duration-ms="337" status="PASS">
          <reporter-output>
          </reporter-output>
        </test-method> <!-- tearDown -->
        <test-method is-config="true" signature="setup()[pri:0, instance:co.ai4lyf.Testcases.LoginTestcases@1a4013]" started-at="2024-12-24T18:55:17 PKT" name="setup" finished-at="2024-12-24T18:55:27 PKT" duration-ms="9450" status="PASS">
          <reporter-output>
          </reporter-output>
        </test-method> <!-- setup -->
        <test-method signature="EmailWithSpecialch1()[pri:20, instance:co.ai4lyf.Testcases.LoginTestcases@1a4013]" started-at="2024-12-24T18:55:27 PKT" name="EmailWithSpecialch1" finished-at="2024-12-24T18:55:33 PKT" duration-ms="6401" status="PASS">
          <reporter-output>
          </reporter-output>
        </test-method> <!-- EmailWithSpecialch1 -->
        <test-method is-config="true" signature="tearDown()[pri:0, instance:co.ai4lyf.Testcases.LoginTestcases@1a4013]" started-at="2024-12-24T18:55:33 PKT" name="tearDown" finished-at="2024-12-24T18:55:34 PKT" duration-ms="278" status="PASS">
          <reporter-output>
          </reporter-output>
        </test-method> <!-- tearDown -->
        <test-method is-config="true" signature="setup()[pri:0, instance:co.ai4lyf.Testcases.LoginTestcases@1a4013]" started-at="2024-12-24T18:55:34 PKT" name="setup" finished-at="2024-12-24T18:55:45 PKT" duration-ms="11734" status="PASS">
          <reporter-output>
          </reporter-output>
        </test-method> <!-- setup -->
        <test-method signature="EmailWithSpecialch2()[pri:21, instance:co.ai4lyf.Testcases.LoginTestcases@1a4013]" started-at="2024-12-24T18:55:45 PKT" name="EmailWithSpecialch2" finished-at="2024-12-24T18:55:49 PKT" duration-ms="3937" status="PASS">
          <reporter-output>
          </reporter-output>
        </test-method> <!-- EmailWithSpecialch2 -->
        <test-method is-config="true" signature="tearDown()[pri:0, instance:co.ai4lyf.Testcases.LoginTestcases@1a4013]" started-at="2024-12-24T18:55:49 PKT" name="tearDown" finished-at="2024-12-24T18:55:50 PKT" duration-ms="351" status="PASS">
          <reporter-output>
          </reporter-output>
        </test-method> <!-- tearDown -->
        <test-method is-config="true" signature="setup()[pri:0, instance:co.ai4lyf.Testcases.LoginTestcases@1a4013]" started-at="2024-12-24T18:55:50 PKT" name="setup" finished-at="2024-12-24T18:55:59 PKT" duration-ms="9295" status="PASS">
          <reporter-output>
          </reporter-output>
        </test-method> <!-- setup -->
        <test-method signature="BottomTextVerification()[pri:22, instance:co.ai4lyf.Testcases.LoginTestcases@1a4013]" started-at="2024-12-24T18:55:59 PKT" name="BottomTextVerification" finished-at="2024-12-24T18:56:01 PKT" duration-ms="2212" status="PASS">
          <reporter-output>
          </reporter-output>
        </test-method> <!-- BottomTextVerification -->
        <test-method is-config="true" signature="tearDown()[pri:0, instance:co.ai4lyf.Testcases.LoginTestcases@1a4013]" started-at="2024-12-24T18:56:01 PKT" name="tearDown" finished-at="2024-12-24T18:56:01 PKT" duration-ms="325" status="PASS">
          <reporter-output>
          </reporter-output>
        </test-method> <!-- tearDown -->
        <test-method is-config="true" signature="setup()[pri:0, instance:co.ai4lyf.Testcases.LoginTestcases@1a4013]" started-at="2024-12-24T18:56:01 PKT" name="setup" finished-at="2024-12-24T18:56:12 PKT" duration-ms="10841" status="PASS">
          <reporter-output>
          </reporter-output>
        </test-method> <!-- setup -->
        <test-method signature="EmptyEmail()[pri:23, instance:co.ai4lyf.Testcases.LoginTestcases@1a4013]" started-at="2024-12-24T18:56:12 PKT" name="EmptyEmail" finished-at="2024-12-24T18:56:15 PKT" duration-ms="2233" status="PASS">
          <reporter-output>
          </reporter-output>
        </test-method> <!-- EmptyEmail -->
        <test-method is-config="true" signature="tearDown()[pri:0, instance:co.ai4lyf.Testcases.LoginTestcases@1a4013]" started-at="2024-12-24T18:56:15 PKT" name="tearDown" finished-at="2024-12-24T18:56:15 PKT" duration-ms="353" status="PASS">
          <reporter-output>
          </reporter-output>
        </test-method> <!-- tearDown -->
        <test-method is-config="true" signature="setup()[pri:0, instance:co.ai4lyf.Testcases.LoginTestcases@1a4013]" started-at="2024-12-24T18:56:15 PKT" name="setup" finished-at="2024-12-24T18:56:24 PKT" duration-ms="9433" status="PASS">
          <reporter-output>
          </reporter-output>
        </test-method> <!-- setup -->
        <test-method signature="GetPrivacyPolicy()[pri:24, instance:co.ai4lyf.Testcases.LoginTestcases@1a4013]" started-at="2024-12-24T18:56:24 PKT" name="GetPrivacyPolicy" finished-at="2024-12-24T18:56:27 PKT" duration-ms="3207" status="PASS">
          <reporter-output>
          </reporter-output>
        </test-method> <!-- GetPrivacyPolicy -->
        <test-method is-config="true" signature="tearDown()[pri:0, instance:co.ai4lyf.Testcases.LoginTestcases@1a4013]" started-at="2024-12-24T18:56:27 PKT" name="tearDown" finished-at="2024-12-24T18:56:28 PKT" duration-ms="496" status="PASS">
          <reporter-output>
          </reporter-output>
        </test-method> <!-- tearDown -->
        <test-method is-config="true" signature="setup()[pri:0, instance:co.ai4lyf.Testcases.LoginTestcases@1a4013]" started-at="2024-12-24T18:56:28 PKT" name="setup" finished-at="2024-12-24T18:56:36 PKT" duration-ms="8347" status="PASS">
          <reporter-output>
          </reporter-output>
        </test-method> <!-- setup -->
        <test-method signature="GetTermsConditition()[pri:25, instance:co.ai4lyf.Testcases.LoginTestcases@1a4013]" started-at="2024-12-24T18:56:36 PKT" name="GetTermsConditition" finished-at="2024-12-24T18:56:42 PKT" duration-ms="5710" status="PASS">
          <reporter-output>
          </reporter-output>
        </test-method> <!-- GetTermsConditition -->
        <test-method is-config="true" signature="tearDown()[pri:0, instance:co.ai4lyf.Testcases.LoginTestcases@1a4013]" started-at="2024-12-24T18:56:42 PKT" name="tearDown" finished-at="2024-12-24T18:56:43 PKT" duration-ms="486" status="PASS">
          <reporter-output>
          </reporter-output>
        </test-method> <!-- tearDown -->
      </class> <!-- co.ai4lyf.Testcases.LoginTestcases -->
      <class name="co.ai4lyf.Testcases.WelComeTestcases">
        <test-method is-config="true" signature="setUp()[pri:0, instance:co.ai4lyf.Testcases.WelComeTestcases@40005471]" started-at="2024-12-24T18:39:15 PKT" name="setUp" finished-at="2024-12-24T18:39:21 PKT" duration-ms="5453" status="PASS">
          <reporter-output>
          </reporter-output>
        </test-method> <!-- setUp -->
        <test-method signature="LogoVerification()[pri:1, instance:co.ai4lyf.Testcases.WelComeTestcases@40005471]" started-at="2024-12-24T18:39:21 PKT" name="LogoVerification" finished-at="2024-12-24T18:39:22 PKT" duration-ms="896" status="PASS">
          <reporter-output>
          </reporter-output>
        </test-method> <!-- LogoVerification -->
        <test-method is-config="true" signature="tearDown()[pri:0, instance:co.ai4lyf.Testcases.WelComeTestcases@40005471]" started-at="2024-12-24T18:39:22 PKT" name="tearDown" finished-at="2024-12-24T18:39:22 PKT" duration-ms="281" status="PASS">
          <reporter-output>
          </reporter-output>
        </test-method> <!-- tearDown -->
        <test-method is-config="true" signature="setUp()[pri:0, instance:co.ai4lyf.Testcases.WelComeTestcases@40005471]" started-at="2024-12-24T18:39:22 PKT" name="setUp" finished-at="2024-12-24T18:39:28 PKT" duration-ms="5519" status="PASS">
          <reporter-output>
          </reporter-output>
        </test-method> <!-- setUp -->
        <test-method signature="HeadText()[pri:2, instance:co.ai4lyf.Testcases.WelComeTestcases@40005471]" started-at="2024-12-24T18:39:28 PKT" name="HeadText" finished-at="2024-12-24T18:39:30 PKT" duration-ms="2710" status="PASS">
          <reporter-output>
          </reporter-output>
        </test-method> <!-- HeadText -->
        <test-method is-config="true" signature="tearDown()[pri:0, instance:co.ai4lyf.Testcases.WelComeTestcases@40005471]" started-at="2024-12-24T18:39:30 PKT" name="tearDown" finished-at="2024-12-24T18:39:31 PKT" duration-ms="502" status="PASS">
          <reporter-output>
          </reporter-output>
        </test-method> <!-- tearDown -->
        <test-method is-config="true" signature="setUp()[pri:0, instance:co.ai4lyf.Testcases.WelComeTestcases@40005471]" started-at="2024-12-24T18:39:31 PKT" name="setUp" finished-at="2024-12-24T18:39:37 PKT" duration-ms="6035" status="PASS">
          <reporter-output>
          </reporter-output>
        </test-method> <!-- setUp -->
        <test-method signature="ParagraphText()[pri:3, instance:co.ai4lyf.Testcases.WelComeTestcases@40005471]" started-at="2024-12-24T18:39:37 PKT" name="ParagraphText" finished-at="2024-12-24T18:39:42 PKT" duration-ms="4806" status="PASS">
          <reporter-output>
          </reporter-output>
        </test-method> <!-- ParagraphText -->
        <test-method is-config="true" signature="tearDown()[pri:0, instance:co.ai4lyf.Testcases.WelComeTestcases@40005471]" started-at="2024-12-24T18:39:42 PKT" name="tearDown" finished-at="2024-12-24T18:39:42 PKT" duration-ms="775" status="PASS">
          <reporter-output>
          </reporter-output>
        </test-method> <!-- tearDown -->
        <test-method is-config="true" signature="setUp()[pri:0, instance:co.ai4lyf.Testcases.WelComeTestcases@40005471]" started-at="2024-12-24T18:39:42 PKT" name="setUp" finished-at="2024-12-24T18:39:48 PKT" duration-ms="5765" status="PASS">
          <reporter-output>
          </reporter-output>
        </test-method> <!-- setUp -->
        <test-method signature="GetContinueBtn()[pri:4, instance:co.ai4lyf.Testcases.WelComeTestcases@40005471]" started-at="2024-12-24T18:39:48 PKT" name="GetContinueBtn" finished-at="2024-12-24T18:39:52 PKT" duration-ms="4148" status="PASS">
          <reporter-output>
          </reporter-output>
        </test-method> <!-- GetContinueBtn -->
        <test-method is-config="true" signature="tearDown()[pri:0, instance:co.ai4lyf.Testcases.WelComeTestcases@40005471]" started-at="2024-12-24T18:39:52 PKT" name="tearDown" finished-at="2024-12-24T18:39:53 PKT" duration-ms="321" status="PASS">
          <reporter-output>
          </reporter-output>
        </test-method> <!-- tearDown -->
      </class> <!-- co.ai4lyf.Testcases.WelComeTestcases -->
      <class name="co.ai4lyf.Testcases.OnBoardingMedLogTestcases">
        <test-method is-config="true" signature="setup()[pri:0, instance:co.ai4lyf.Testcases.OnBoardingMedLogTestcases@55fe41ea]" started-at="2024-12-24T18:48:39 PKT" name="setup" finished-at="2024-12-24T18:48:57 PKT" duration-ms="17907" status="PASS">
          <reporter-output>
          </reporter-output>
        </test-method> <!-- setup -->
        <test-method signature="LogoVerification()[pri:1, instance:co.ai4lyf.Testcases.OnBoardingMedLogTestcases@55fe41ea]" started-at="2024-12-24T18:48:57 PKT" name="LogoVerification" finished-at="2024-12-24T18:48:57 PKT" duration-ms="159" status="PASS">
          <reporter-output>
          </reporter-output>
        </test-method> <!-- LogoVerification -->
        <test-method is-config="true" signature="tearDown()[pri:0, instance:co.ai4lyf.Testcases.OnBoardingMedLogTestcases@55fe41ea]" started-at="2024-12-24T18:48:57 PKT" name="tearDown" finished-at="2024-12-24T18:48:57 PKT" duration-ms="332" status="PASS">
          <reporter-output>
          </reporter-output>
        </test-method> <!-- tearDown -->
        <test-method is-config="true" signature="setup()[pri:0, instance:co.ai4lyf.Testcases.OnBoardingMedLogTestcases@55fe41ea]" started-at="2024-12-24T18:48:57 PKT" name="setup" finished-at="2024-12-24T18:49:15 PKT" duration-ms="17108" status="PASS">
          <reporter-output>
          </reporter-output>
        </test-method> <!-- setup -->
        <test-method signature="HeadingVerification()[pri:2, instance:co.ai4lyf.Testcases.OnBoardingMedLogTestcases@55fe41ea]" started-at="2024-12-24T18:49:15 PKT" name="HeadingVerification" finished-at="2024-12-24T18:49:15 PKT" duration-ms="165" status="PASS">
          <reporter-output>
          </reporter-output>
        </test-method> <!-- HeadingVerification -->
        <test-method is-config="true" signature="tearDown()[pri:0, instance:co.ai4lyf.Testcases.OnBoardingMedLogTestcases@55fe41ea]" started-at="2024-12-24T18:49:15 PKT" name="tearDown" finished-at="2024-12-24T18:49:15 PKT" duration-ms="381" status="PASS">
          <reporter-output>
          </reporter-output>
        </test-method> <!-- tearDown -->
        <test-method is-config="true" signature="setup()[pri:0, instance:co.ai4lyf.Testcases.OnBoardingMedLogTestcases@55fe41ea]" started-at="2024-12-24T18:49:15 PKT" name="setup" finished-at="2024-12-24T18:49:30 PKT" duration-ms="15005" status="PASS">
          <reporter-output>
          </reporter-output>
        </test-method> <!-- setup -->
        <test-method signature="GetParaText1()[pri:3, instance:co.ai4lyf.Testcases.OnBoardingMedLogTestcases@55fe41ea]" started-at="2024-12-24T18:49:30 PKT" name="GetParaText1" finished-at="2024-12-24T18:49:31 PKT" duration-ms="1265" status="PASS">
          <reporter-output>
          </reporter-output>
        </test-method> <!-- GetParaText1 -->
        <test-method is-config="true" signature="tearDown()[pri:0, instance:co.ai4lyf.Testcases.OnBoardingMedLogTestcases@55fe41ea]" started-at="2024-12-24T18:49:31 PKT" name="tearDown" finished-at="2024-12-24T18:49:32 PKT" duration-ms="366" status="PASS">
          <reporter-output>
          </reporter-output>
        </test-method> <!-- tearDown -->
        <test-method is-config="true" signature="setup()[pri:0, instance:co.ai4lyf.Testcases.OnBoardingMedLogTestcases@55fe41ea]" started-at="2024-12-24T18:49:32 PKT" name="setup" finished-at="2024-12-24T18:49:48 PKT" duration-ms="16618" status="PASS">
          <reporter-output>
          </reporter-output>
        </test-method> <!-- setup -->
        <test-method signature="GetParaText2()[pri:4, instance:co.ai4lyf.Testcases.OnBoardingMedLogTestcases@55fe41ea]" started-at="2024-12-24T18:49:48 PKT" name="GetParaText2" finished-at="2024-12-24T18:49:49 PKT" duration-ms="1166" status="PASS">
          <reporter-output>
          </reporter-output>
        </test-method> <!-- GetParaText2 -->
        <test-method is-config="true" signature="tearDown()[pri:0, instance:co.ai4lyf.Testcases.OnBoardingMedLogTestcases@55fe41ea]" started-at="2024-12-24T18:49:49 PKT" name="tearDown" finished-at="2024-12-24T18:49:50 PKT" duration-ms="346" status="PASS">
          <reporter-output>
          </reporter-output>
        </test-method> <!-- tearDown -->
        <test-method is-config="true" signature="setup()[pri:0, instance:co.ai4lyf.Testcases.OnBoardingMedLogTestcases@55fe41ea]" started-at="2024-12-24T18:49:50 PKT" name="setup" finished-at="2024-12-24T18:50:06 PKT" duration-ms="16488" status="PASS">
          <reporter-output>
          </reporter-output>
        </test-method> <!-- setup -->
        <test-method signature="SkipTextVerification()[pri:5, instance:co.ai4lyf.Testcases.OnBoardingMedLogTestcases@55fe41ea]" started-at="2024-12-24T18:50:06 PKT" name="SkipTextVerification" finished-at="2024-12-24T18:50:06 PKT" duration-ms="152" status="PASS">
          <reporter-output>
          </reporter-output>
        </test-method> <!-- SkipTextVerification -->
        <test-method is-config="true" signature="tearDown()[pri:0, instance:co.ai4lyf.Testcases.OnBoardingMedLogTestcases@55fe41ea]" started-at="2024-12-24T18:50:06 PKT" name="tearDown" finished-at="2024-12-24T18:50:07 PKT" duration-ms="302" status="PASS">
          <reporter-output>
          </reporter-output>
        </test-method> <!-- tearDown -->
        <test-method is-config="true" signature="setup()[pri:0, instance:co.ai4lyf.Testcases.OnBoardingMedLogTestcases@55fe41ea]" started-at="2024-12-24T18:50:07 PKT" name="setup" finished-at="2024-12-24T18:50:46 PKT" duration-ms="39499" status="FAIL">
          <exception class="java.lang.NullPointerException">
            <message>
              <![CDATA[Cannot invoke "org.openqa.selenium.SearchContext.findElement(org.openqa.selenium.By)" because "this.searchContext" is null]]>
            </message>
            <full-stacktrace>
              <![CDATA[java.lang.NullPointerException: Cannot invoke "org.openqa.selenium.SearchContext.findElement(org.openqa.selenium.By)" because "this.searchContext" is null
at org.openqa.selenium.support.pagefactory.DefaultElementLocator.findElement(DefaultElementLocator.java:68)
at org.openqa.selenium.support.pagefactory.internal.LocatingElementHandler.invoke(LocatingElementHandler.java:38)
at jdk.proxy2/jdk.proxy2.$Proxy13.isDisplayed(Unknown Source)
at org.openqa.selenium.support.ui.ExpectedConditions.elementIfVisible(ExpectedConditions.java:304)
at org.openqa.selenium.support.ui.ExpectedConditions$10.apply(ExpectedConditions.java:290)
at org.openqa.selenium.support.ui.ExpectedConditions$10.apply(ExpectedConditions.java:287)
at org.openqa.selenium.support.ui.ExpectedConditions$23.apply(ExpectedConditions.java:656)
at org.openqa.selenium.support.ui.ExpectedConditions$23.apply(ExpectedConditions.java:652)
at org.openqa.selenium.support.ui.FluentWait.until(FluentWait.java:203)
at co.Ai4Lyf.Objects.WelcomeScreenObjects.ClickContinueBtn(WelcomeScreenObjects.java:60)
at co.ai4lyf.Testcases.OnBoardingMedLogTestcases.setup(OnBoardingMedLogTestcases.java:43)
at java.base/jdk.internal.reflect.DirectMethodHandleAccessor.invoke(DirectMethodHandleAccessor.java:103)
at java.base/java.lang.reflect.Method.invoke(Method.java:580)
at org.testng.internal.MethodInvocationHelper.invokeMethod(MethodInvocationHelper.java:133)
at org.testng.internal.MethodInvocationHelper.invokeMethodConsideringTimeout(MethodInvocationHelper.java:62)
at org.testng.internal.ConfigInvoker.invokeConfigurationMethod(ConfigInvoker.java:385)
at org.testng.internal.ConfigInvoker.invokeConfigurations(ConfigInvoker.java:321)
at org.testng.internal.TestInvoker.runConfigMethods(TestInvoker.java:700)
at org.testng.internal.TestInvoker.invokeMethod(TestInvoker.java:527)
at org.testng.internal.TestInvoker.invokeTestMethod(TestInvoker.java:173)
at org.testng.internal.MethodRunner.runInSequence(MethodRunner.java:46)
at org.testng.internal.TestInvoker$MethodInvocationAgent.invoke(TestInvoker.java:824)
at org.testng.internal.TestInvoker.invokeTestMethods(TestInvoker.java:146)
at org.testng.internal.TestMethodWorker.invokeTestMethods(TestMethodWorker.java:146)
at org.testng.internal.TestMethodWorker.run(TestMethodWorker.java:128)
at java.base/java.util.ArrayList.forEach(ArrayList.java:1597)
at org.testng.TestRunner.privateRun(TestRunner.java:794)
at org.testng.TestRunner.run(TestRunner.java:596)
at org.testng.SuiteRunner.runTest(SuiteRunner.java:377)
at org.testng.SuiteRunner.runSequentially(SuiteRunner.java:371)
at org.testng.SuiteRunner.privateRun(SuiteRunner.java:332)
at org.testng.SuiteRunner.run(SuiteRunner.java:276)
at org.testng.SuiteRunnerWorker.runSuite(SuiteRunnerWorker.java:53)
at org.testng.SuiteRunnerWorker.run(SuiteRunnerWorker.java:96)
at org.testng.TestNG.runSuitesSequentially(TestNG.java:1212)
at org.testng.TestNG.runSuitesLocally(TestNG.java:1134)
at org.testng.TestNG.runSuites(TestNG.java:1063)
at org.testng.TestNG.run(TestNG.java:1031)
at org.testng.remote.AbstractRemoteTestNG.run(AbstractRemoteTestNG.java:115)
at org.testng.remote.RemoteTestNG.initAndRun(RemoteTestNG.java:293)
at org.testng.remote.RemoteTestNG.main(RemoteTestNG.java:91)
]]>
            </full-stacktrace>
          </exception> <!-- java.lang.NullPointerException -->
          <reporter-output>
          </reporter-output>
        </test-method> <!-- setup -->
        <test-method signature="NextTextVerification()[pri:6, instance:co.ai4lyf.Testcases.OnBoardingMedLogTestcases@55fe41ea]" started-at="2024-12-24T18:50:46 PKT" name="NextTextVerification" finished-at="2024-12-24T18:50:46 PKT" duration-ms="0" status="SKIP">
          <exception class="java.lang.NullPointerException">
            <message>
              <![CDATA[Cannot invoke "org.openqa.selenium.SearchContext.findElement(org.openqa.selenium.By)" because "this.searchContext" is null]]>
            </message>
            <full-stacktrace>
              <![CDATA[java.lang.NullPointerException: Cannot invoke "org.openqa.selenium.SearchContext.findElement(org.openqa.selenium.By)" because "this.searchContext" is null
at org.openqa.selenium.support.pagefactory.DefaultElementLocator.findElement(DefaultElementLocator.java:68)
at org.openqa.selenium.support.pagefactory.internal.LocatingElementHandler.invoke(LocatingElementHandler.java:38)
at jdk.proxy2/jdk.proxy2.$Proxy13.isDisplayed(Unknown Source)
at org.openqa.selenium.support.ui.ExpectedConditions.elementIfVisible(ExpectedConditions.java:304)
at org.openqa.selenium.support.ui.ExpectedConditions$10.apply(ExpectedConditions.java:290)
at org.openqa.selenium.support.ui.ExpectedConditions$10.apply(ExpectedConditions.java:287)
at org.openqa.selenium.support.ui.ExpectedConditions$23.apply(ExpectedConditions.java:656)
at org.openqa.selenium.support.ui.ExpectedConditions$23.apply(ExpectedConditions.java:652)
at org.openqa.selenium.support.ui.FluentWait.until(FluentWait.java:203)
at co.Ai4Lyf.Objects.WelcomeScreenObjects.ClickContinueBtn(WelcomeScreenObjects.java:60)
at co.ai4lyf.Testcases.OnBoardingMedLogTestcases.setup(OnBoardingMedLogTestcases.java:43)
at java.base/jdk.internal.reflect.DirectMethodHandleAccessor.invoke(DirectMethodHandleAccessor.java:103)
at java.base/java.lang.reflect.Method.invoke(Method.java:580)
at org.testng.internal.MethodInvocationHelper.invokeMethod(MethodInvocationHelper.java:133)
at org.testng.internal.MethodInvocationHelper.invokeMethodConsideringTimeout(MethodInvocationHelper.java:62)
at org.testng.internal.ConfigInvoker.invokeConfigurationMethod(ConfigInvoker.java:385)
at org.testng.internal.ConfigInvoker.invokeConfigurations(ConfigInvoker.java:321)
at org.testng.internal.TestInvoker.runConfigMethods(TestInvoker.java:700)
at org.testng.internal.TestInvoker.invokeMethod(TestInvoker.java:527)
at org.testng.internal.TestInvoker.invokeTestMethod(TestInvoker.java:173)
at org.testng.internal.MethodRunner.runInSequence(MethodRunner.java:46)
at org.testng.internal.TestInvoker$MethodInvocationAgent.invoke(TestInvoker.java:824)
at org.testng.internal.TestInvoker.invokeTestMethods(TestInvoker.java:146)
at org.testng.internal.TestMethodWorker.invokeTestMethods(TestMethodWorker.java:146)
at org.testng.internal.TestMethodWorker.run(TestMethodWorker.java:128)
at java.base/java.util.ArrayList.forEach(ArrayList.java:1597)
at org.testng.TestRunner.privateRun(TestRunner.java:794)
at org.testng.TestRunner.run(TestRunner.java:596)
at org.testng.SuiteRunner.runTest(SuiteRunner.java:377)
at org.testng.SuiteRunner.runSequentially(SuiteRunner.java:371)
at org.testng.SuiteRunner.privateRun(SuiteRunner.java:332)
at org.testng.SuiteRunner.run(SuiteRunner.java:276)
at org.testng.SuiteRunnerWorker.runSuite(SuiteRunnerWorker.java:53)
at org.testng.SuiteRunnerWorker.run(SuiteRunnerWorker.java:96)
at org.testng.TestNG.runSuitesSequentially(TestNG.java:1212)
at org.testng.TestNG.runSuitesLocally(TestNG.java:1134)
at org.testng.TestNG.runSuites(TestNG.java:1063)
at org.testng.TestNG.run(TestNG.java:1031)
at org.testng.remote.AbstractRemoteTestNG.run(AbstractRemoteTestNG.java:115)
at org.testng.remote.RemoteTestNG.initAndRun(RemoteTestNG.java:293)
at org.testng.remote.RemoteTestNG.main(RemoteTestNG.java:91)
]]>
            </full-stacktrace>
          </exception> <!-- java.lang.NullPointerException -->
          <reporter-output>
          </reporter-output>
        </test-method> <!-- NextTextVerification -->
        <test-method is-config="true" signature="tearDown()[pri:0, instance:co.ai4lyf.Testcases.OnBoardingMedLogTestcases@55fe41ea]" started-at="2024-12-24T18:50:46 PKT" name="tearDown" finished-at="1970-01-01T05:00:00 PKT" duration-ms="-1735048246782" status="SKIP">
          <reporter-output>
          </reporter-output>
        </test-method> <!-- tearDown -->
        <test-method is-config="true" signature="setup()[pri:0, instance:co.ai4lyf.Testcases.OnBoardingMedLogTestcases@55fe41ea]" started-at="2024-12-24T18:50:46 PKT" name="setup" finished-at="1970-01-01T05:00:00 PKT" duration-ms="-1735048246783" status="SKIP">
          <reporter-output>
          </reporter-output>
        </test-method> <!-- setup -->
        <test-method is-config="true" signature="tearDown()[pri:0, instance:co.ai4lyf.Testcases.OnBoardingMedLogTestcases@55fe41ea]" started-at="2024-12-24T18:50:46 PKT" name="tearDown" finished-at="1970-01-01T05:00:00 PKT" duration-ms="-1735048246784" status="SKIP">
          <reporter-output>
          </reporter-output>
        </test-method> <!-- tearDown -->
        <test-method signature="ClickSkip()[pri:7, instance:co.ai4lyf.Testcases.OnBoardingMedLogTestcases@55fe41ea]" started-at="2024-12-24T18:50:46 PKT" name="ClickSkip" finished-at="2024-12-24T18:50:46 PKT" duration-ms="0" status="SKIP">
          <exception class="java.lang.NullPointerException">
            <message>
              <![CDATA[Cannot invoke "org.openqa.selenium.SearchContext.findElement(org.openqa.selenium.By)" because "this.searchContext" is null]]>
            </message>
            <full-stacktrace>
              <![CDATA[java.lang.NullPointerException: Cannot invoke "org.openqa.selenium.SearchContext.findElement(org.openqa.selenium.By)" because "this.searchContext" is null
at org.openqa.selenium.support.pagefactory.DefaultElementLocator.findElement(DefaultElementLocator.java:68)
at org.openqa.selenium.support.pagefactory.internal.LocatingElementHandler.invoke(LocatingElementHandler.java:38)
at jdk.proxy2/jdk.proxy2.$Proxy13.isDisplayed(Unknown Source)
at org.openqa.selenium.support.ui.ExpectedConditions.elementIfVisible(ExpectedConditions.java:304)
at org.openqa.selenium.support.ui.ExpectedConditions$10.apply(ExpectedConditions.java:290)
at org.openqa.selenium.support.ui.ExpectedConditions$10.apply(ExpectedConditions.java:287)
at org.openqa.selenium.support.ui.ExpectedConditions$23.apply(ExpectedConditions.java:656)
at org.openqa.selenium.support.ui.ExpectedConditions$23.apply(ExpectedConditions.java:652)
at org.openqa.selenium.support.ui.FluentWait.until(FluentWait.java:203)
at co.Ai4Lyf.Objects.WelcomeScreenObjects.ClickContinueBtn(WelcomeScreenObjects.java:60)
at co.ai4lyf.Testcases.OnBoardingMedLogTestcases.setup(OnBoardingMedLogTestcases.java:43)
at java.base/jdk.internal.reflect.DirectMethodHandleAccessor.invoke(DirectMethodHandleAccessor.java:103)
at java.base/java.lang.reflect.Method.invoke(Method.java:580)
at org.testng.internal.MethodInvocationHelper.invokeMethod(MethodInvocationHelper.java:133)
at org.testng.internal.MethodInvocationHelper.invokeMethodConsideringTimeout(MethodInvocationHelper.java:62)
at org.testng.internal.ConfigInvoker.invokeConfigurationMethod(ConfigInvoker.java:385)
at org.testng.internal.ConfigInvoker.invokeConfigurations(ConfigInvoker.java:321)
at org.testng.internal.TestInvoker.runConfigMethods(TestInvoker.java:700)
at org.testng.internal.TestInvoker.invokeMethod(TestInvoker.java:527)
at org.testng.internal.TestInvoker.invokeTestMethod(TestInvoker.java:173)
at org.testng.internal.MethodRunner.runInSequence(MethodRunner.java:46)
at org.testng.internal.TestInvoker$MethodInvocationAgent.invoke(TestInvoker.java:824)
at org.testng.internal.TestInvoker.invokeTestMethods(TestInvoker.java:146)
at org.testng.internal.TestMethodWorker.invokeTestMethods(TestMethodWorker.java:146)
at org.testng.internal.TestMethodWorker.run(TestMethodWorker.java:128)
at java.base/java.util.ArrayList.forEach(ArrayList.java:1597)
at org.testng.TestRunner.privateRun(TestRunner.java:794)
at org.testng.TestRunner.run(TestRunner.java:596)
at org.testng.SuiteRunner.runTest(SuiteRunner.java:377)
at org.testng.SuiteRunner.runSequentially(SuiteRunner.java:371)
at org.testng.SuiteRunner.privateRun(SuiteRunner.java:332)
at org.testng.SuiteRunner.run(SuiteRunner.java:276)
at org.testng.SuiteRunnerWorker.runSuite(SuiteRunnerWorker.java:53)
at org.testng.SuiteRunnerWorker.run(SuiteRunnerWorker.java:96)
at org.testng.TestNG.runSuitesSequentially(TestNG.java:1212)
at org.testng.TestNG.runSuitesLocally(TestNG.java:1134)
at org.testng.TestNG.runSuites(TestNG.java:1063)
at org.testng.TestNG.run(TestNG.java:1031)
at org.testng.remote.AbstractRemoteTestNG.run(AbstractRemoteTestNG.java:115)
at org.testng.remote.RemoteTestNG.initAndRun(RemoteTestNG.java:293)
at org.testng.remote.RemoteTestNG.main(RemoteTestNG.java:91)
]]>
            </full-stacktrace>
          </exception> <!-- java.lang.NullPointerException -->
          <reporter-output>
          </reporter-output>
        </test-method> <!-- ClickSkip -->
        <test-method is-config="true" signature="setup()[pri:0, instance:co.ai4lyf.Testcases.OnBoardingMedLogTestcases@55fe41ea]" started-at="2024-12-24T18:50:46 PKT" name="setup" finished-at="1970-01-01T05:00:00 PKT" duration-ms="-1735048246785" status="SKIP">
          <reporter-output>
          </reporter-output>
        </test-method> <!-- setup -->
        <test-method signature="ClickNext()[pri:8, instance:co.ai4lyf.Testcases.OnBoardingMedLogTestcases@55fe41ea]" started-at="2024-12-24T18:50:46 PKT" name="ClickNext" finished-at="2024-12-24T18:50:46 PKT" duration-ms="0" status="SKIP">
          <exception class="java.lang.NullPointerException">
            <message>
              <![CDATA[Cannot invoke "org.openqa.selenium.SearchContext.findElement(org.openqa.selenium.By)" because "this.searchContext" is null]]>
            </message>
            <full-stacktrace>
              <![CDATA[java.lang.NullPointerException: Cannot invoke "org.openqa.selenium.SearchContext.findElement(org.openqa.selenium.By)" because "this.searchContext" is null
at org.openqa.selenium.support.pagefactory.DefaultElementLocator.findElement(DefaultElementLocator.java:68)
at org.openqa.selenium.support.pagefactory.internal.LocatingElementHandler.invoke(LocatingElementHandler.java:38)
at jdk.proxy2/jdk.proxy2.$Proxy13.isDisplayed(Unknown Source)
at org.openqa.selenium.support.ui.ExpectedConditions.elementIfVisible(ExpectedConditions.java:304)
at org.openqa.selenium.support.ui.ExpectedConditions$10.apply(ExpectedConditions.java:290)
at org.openqa.selenium.support.ui.ExpectedConditions$10.apply(ExpectedConditions.java:287)
at org.openqa.selenium.support.ui.ExpectedConditions$23.apply(ExpectedConditions.java:656)
at org.openqa.selenium.support.ui.ExpectedConditions$23.apply(ExpectedConditions.java:652)
at org.openqa.selenium.support.ui.FluentWait.until(FluentWait.java:203)
at co.Ai4Lyf.Objects.WelcomeScreenObjects.ClickContinueBtn(WelcomeScreenObjects.java:60)
at co.ai4lyf.Testcases.OnBoardingMedLogTestcases.setup(OnBoardingMedLogTestcases.java:43)
at java.base/jdk.internal.reflect.DirectMethodHandleAccessor.invoke(DirectMethodHandleAccessor.java:103)
at java.base/java.lang.reflect.Method.invoke(Method.java:580)
at org.testng.internal.MethodInvocationHelper.invokeMethod(MethodInvocationHelper.java:133)
at org.testng.internal.MethodInvocationHelper.invokeMethodConsideringTimeout(MethodInvocationHelper.java:62)
at org.testng.internal.ConfigInvoker.invokeConfigurationMethod(ConfigInvoker.java:385)
at org.testng.internal.ConfigInvoker.invokeConfigurations(ConfigInvoker.java:321)
at org.testng.internal.TestInvoker.runConfigMethods(TestInvoker.java:700)
at org.testng.internal.TestInvoker.invokeMethod(TestInvoker.java:527)
at org.testng.internal.TestInvoker.invokeTestMethod(TestInvoker.java:173)
at org.testng.internal.MethodRunner.runInSequence(MethodRunner.java:46)
at org.testng.internal.TestInvoker$MethodInvocationAgent.invoke(TestInvoker.java:824)
at org.testng.internal.TestInvoker.invokeTestMethods(TestInvoker.java:146)
at org.testng.internal.TestMethodWorker.invokeTestMethods(TestMethodWorker.java:146)
at org.testng.internal.TestMethodWorker.run(TestMethodWorker.java:128)
at java.base/java.util.ArrayList.forEach(ArrayList.java:1597)
at org.testng.TestRunner.privateRun(TestRunner.java:794)
at org.testng.TestRunner.run(TestRunner.java:596)
at org.testng.SuiteRunner.runTest(SuiteRunner.java:377)
at org.testng.SuiteRunner.runSequentially(SuiteRunner.java:371)
at org.testng.SuiteRunner.privateRun(SuiteRunner.java:332)
at org.testng.SuiteRunner.run(SuiteRunner.java:276)
at org.testng.SuiteRunnerWorker.runSuite(SuiteRunnerWorker.java:53)
at org.testng.SuiteRunnerWorker.run(SuiteRunnerWorker.java:96)
at org.testng.TestNG.runSuitesSequentially(TestNG.java:1212)
at org.testng.TestNG.runSuitesLocally(TestNG.java:1134)
at org.testng.TestNG.runSuites(TestNG.java:1063)
at org.testng.TestNG.run(TestNG.java:1031)
at org.testng.remote.AbstractRemoteTestNG.run(AbstractRemoteTestNG.java:115)
at org.testng.remote.RemoteTestNG.initAndRun(RemoteTestNG.java:293)
at org.testng.remote.RemoteTestNG.main(RemoteTestNG.java:91)
]]>
            </full-stacktrace>
          </exception> <!-- java.lang.NullPointerException -->
          <reporter-output>
          </reporter-output>
        </test-method> <!-- ClickNext -->
        <test-method is-config="true" signature="tearDown()[pri:0, instance:co.ai4lyf.Testcases.OnBoardingMedLogTestcases@55fe41ea]" started-at="2024-12-24T18:50:46 PKT" name="tearDown" finished-at="1970-01-01T05:00:00 PKT" duration-ms="-1735048246787" status="SKIP">
          <reporter-output>
          </reporter-output>
        </test-method> <!-- tearDown -->
      </class> <!-- co.ai4lyf.Testcases.OnBoardingMedLogTestcases -->
    </test> <!-- Regression Testing 1.0 -->
  </suite> <!-- Ai4Lyf -->
</testng-results>
