<?xml version="1.0" encoding="UTF-8"?>
<!-- Generated by org.testng.reporters.JUnitReportReporter -->
<testsuite hostname="Alis-MacBook-Pro.local" failures="0" tests="9" name="co.ai4lyf.Testcases.OnBoardingInhalerTestcases" time="68.625" errors="1" timestamp="2024-12-24T19:02:36 PKT" skipped="5">
  <testcase classname="co.ai4lyf.Testcases.OnBoardingInhalerTestcases" name="setup" time="41.308">
    <error message="Cannot invoke &quot;org.openqa.selenium.SearchContext.findElement(org.openqa.selenium.By)&quot; because &quot;this.searchContext&quot; is null" type="java.lang.NullPointerException">
      <![CDATA[java.lang.NullPointerException: Cannot invoke "org.openqa.selenium.SearchContext.findElement(org.openqa.selenium.By)" because "this.searchContext" is null
at org.openqa.selenium.support.pagefactory.DefaultElementLocator.findElement(DefaultElementLocator.java:68)
at org.openqa.selenium.support.pagefactory.internal.LocatingElementHandler.invoke(LocatingElementHandler.java:38)
at jdk.proxy2/jdk.proxy2.$Proxy13.isDisplayed(Unknown Source)
at org.openqa.selenium.support.ui.ExpectedConditions.elementIfVisible(ExpectedConditions.java:304)
at org.openqa.selenium.support.ui.ExpectedConditions$10.apply(ExpectedConditions.java:290)
at org.openqa.selenium.support.ui.ExpectedConditions$10.apply(ExpectedConditions.java:287)
at org.openqa.selenium.support.ui.ExpectedConditions$23.apply(ExpectedConditions.java:656)
at org.openqa.selenium.support.ui.ExpectedConditions$23.apply(ExpectedConditions.java:652)
at org.openqa.selenium.support.ui.FluentWait.until(FluentWait.java:203)
at co.Ai4Lyf.Objects.WelcomeScreenObjects.ClickContinueBtn(WelcomeScreenObjects.java:60)
at co.ai4lyf.Testcases.OnBoardingInhalerTestcases.setup(OnBoardingInhalerTestcases.java:36)
at java.base/jdk.internal.reflect.DirectMethodHandleAccessor.invoke(DirectMethodHandleAccessor.java:103)
at java.base/java.lang.reflect.Method.invoke(Method.java:580)
at org.testng.internal.MethodInvocationHelper.invokeMethod(MethodInvocationHelper.java:133)
at org.testng.internal.MethodInvocationHelper.invokeMethodConsideringTimeout(MethodInvocationHelper.java:62)
at org.testng.internal.ConfigInvoker.invokeConfigurationMethod(ConfigInvoker.java:385)
at org.testng.internal.ConfigInvoker.invokeConfigurations(ConfigInvoker.java:321)
at org.testng.internal.TestInvoker.runConfigMethods(TestInvoker.java:700)
at org.testng.internal.TestInvoker.invokeMethod(TestInvoker.java:527)
at org.testng.internal.TestInvoker.invokeTestMethod(TestInvoker.java:173)
at org.testng.internal.MethodRunner.runInSequence(MethodRunner.java:46)
at org.testng.internal.TestInvoker$MethodInvocationAgent.invoke(TestInvoker.java:824)
at org.testng.internal.TestInvoker.invokeTestMethods(TestInvoker.java:146)
at org.testng.internal.TestMethodWorker.invokeTestMethods(TestMethodWorker.java:146)
at org.testng.internal.TestMethodWorker.run(TestMethodWorker.java:128)
at java.base/java.util.ArrayList.forEach(ArrayList.java:1597)
at org.testng.TestRunner.privateRun(TestRunner.java:794)
at org.testng.TestRunner.run(TestRunner.java:596)
at org.testng.SuiteRunner.runTest(SuiteRunner.java:377)
at org.testng.SuiteRunner.runSequentially(SuiteRunner.java:371)
at org.testng.SuiteRunner.privateRun(SuiteRunner.java:332)
at org.testng.SuiteRunner.run(SuiteRunner.java:276)
at org.testng.SuiteRunnerWorker.runSuite(SuiteRunnerWorker.java:53)
at org.testng.SuiteRunnerWorker.run(SuiteRunnerWorker.java:96)
at org.testng.TestNG.runSuitesSequentially(TestNG.java:1212)
at org.testng.TestNG.runSuitesLocally(TestNG.java:1134)
at org.testng.TestNG.runSuites(TestNG.java:1063)
at org.testng.TestNG.run(TestNG.java:1031)
at org.testng.remote.AbstractRemoteTestNG.run(AbstractRemoteTestNG.java:115)
at org.testng.remote.RemoteTestNG.initAndRun(RemoteTestNG.java:293)
at org.testng.remote.RemoteTestNG.main(RemoteTestNG.java:91)
]]>
    </error>
  </testcase> <!-- setup -->
  <system-out/>
  <testcase classname="co.ai4lyf.Testcases.OnBoardingInhalerTestcases" name="LogoVerification" time="14.191"/>
  <system-out/>
  <testcase classname="co.ai4lyf.Testcases.OnBoardingInhalerTestcases" name="HeadText" time="11.752"/>
  <system-out/>
  <testcase classname="co.ai4lyf.Testcases.OnBoardingInhalerTestcases" name="ParaText1" time="1.374"/>
  <system-out/>
  <testcase classname="co.ai4lyf.Testcases.OnBoardingInhalerTestcases" name="ParaText2" time="0.000">
    <skipped/>
  </testcase> <!-- ParaText2 -->
  <system-out/>
  <testcase classname="co.ai4lyf.Testcases.OnBoardingInhalerTestcases" name="SkipText" time="0.000">
    <skipped/>
  </testcase> <!-- SkipText -->
  <system-out/>
  <testcase classname="co.ai4lyf.Testcases.OnBoardingInhalerTestcases" name="NextText" time="0.000">
    <skipped/>
  </testcase> <!-- NextText -->
  <system-out/>
  <testcase classname="co.ai4lyf.Testcases.OnBoardingInhalerTestcases" name="ClickSkipText" time="0.000">
    <skipped/>
  </testcase> <!-- ClickSkipText -->
  <system-out/>
  <testcase classname="co.ai4lyf.Testcases.OnBoardingInhalerTestcases" name="ClickNextText" time="0.000">
    <skipped/>
  </testcase> <!-- ClickNextText -->
  <system-out/>
</testsuite> <!-- co.ai4lyf.Testcases.OnBoardingInhalerTestcases -->
