<?xml version="1.0" encoding="UTF-8"?>
<!-- Generated by org.testng.reporters.JUnitXMLReporter -->
<testsuite ignored="0" hostname="Alis-MacBook-Pro.local" failures="1" tests="94" name="Regression Testing 1.0" time="1444.509" errors="0" timestamp="2024-12-24T19:02:35 PKT">
  <testcase classname="co.ai4lyf.Testcases.OnBoardingInhalerTestcases" name="@BeforeMethod setup" time="31.204">
    <failure type="java.lang.NullPointerException" message="Cannot invoke &amp;quot;org.openqa.selenium.SearchContext.findElement(org.openqa.selenium.By)&amp;quot; because &amp;quot;this.searchContext&amp;quot; is null">
      <![CDATA[java.lang.NullPointerException: Cannot invoke "org.openqa.selenium.SearchContext.findElement(org.openqa.selenium.By)" because "this.searchContext" is null
at org.openqa.selenium.support.pagefactory.DefaultElementLocator.findElement(DefaultElementLocator.java:68)
at org.openqa.selenium.support.pagefactory.internal.LocatingElementHandler.invoke(LocatingElementHandler.java:38)
at jdk.proxy2/jdk.proxy2.$Proxy13.isDisplayed(Unknown Source)
at org.openqa.selenium.support.ui.ExpectedConditions.elementIfVisible(ExpectedConditions.java:304)
at org.openqa.selenium.support.ui.ExpectedConditions$10.apply(ExpectedConditions.java:290)
at org.openqa.selenium.support.ui.ExpectedConditions$10.apply(ExpectedConditions.java:287)
at org.openqa.selenium.support.ui.ExpectedConditions$23.apply(ExpectedConditions.java:656)
at org.openqa.selenium.support.ui.ExpectedConditions$23.apply(ExpectedConditions.java:652)
at org.openqa.selenium.support.ui.FluentWait.until(FluentWait.java:203)
at co.Ai4Lyf.Objects.WelcomeScreenObjects.ClickContinueBtn(WelcomeScreenObjects.java:60)
at co.ai4lyf.Testcases.OnBoardingInhalerTestcases.setup(OnBoardingInhalerTestcases.java:36)
at java.base/java.util.ArrayList.forEach(ArrayList.java:1597)
... Removed 29 stack frames]]>
    </failure>
  </testcase> <!-- @BeforeMethod setup -->
  <testcase classname="co.ai4lyf.Testcases.OnBoardingInhalerTestcases" name="@AfterMethod tearDown" time="-1.73504775376E9">
    <skipped/>
  </testcase> <!-- @AfterMethod tearDown -->
  <testcase classname="co.ai4lyf.Testcases.OnBoardingInhalerTestcases" name="@BeforeMethod setup" time="-1.735047753761E9">
    <skipped/>
  </testcase> <!-- @BeforeMethod setup -->
  <testcase classname="co.ai4lyf.Testcases.OnBoardingInhalerTestcases" name="@AfterMethod tearDown" time="-1.735047753764E9">
    <skipped/>
  </testcase> <!-- @AfterMethod tearDown -->
  <testcase classname="co.ai4lyf.Testcases.OnBoardingInhalerTestcases" name="@BeforeMethod setup" time="-1.735047753765E9">
    <skipped/>
  </testcase> <!-- @BeforeMethod setup -->
  <testcase classname="co.ai4lyf.Testcases.OnBoardingInhalerTestcases" name="@AfterMethod tearDown" time="-1.735047753767E9">
    <skipped/>
  </testcase> <!-- @AfterMethod tearDown -->
  <testcase classname="co.ai4lyf.Testcases.OnBoardingInhalerTestcases" name="@BeforeMethod setup" time="-1.735047753768E9">
    <skipped/>
  </testcase> <!-- @BeforeMethod setup -->
  <testcase classname="co.ai4lyf.Testcases.OnBoardingInhalerTestcases" name="@AfterMethod tearDown" time="-1.735047753771E9">
    <skipped/>
  </testcase> <!-- @AfterMethod tearDown -->
  <testcase classname="co.ai4lyf.Testcases.OnBoardingInhalerTestcases" name="@BeforeMethod setup" time="-1.735047753772E9">
    <skipped/>
  </testcase> <!-- @BeforeMethod setup -->
  <testcase classname="co.ai4lyf.Testcases.OnBoardingInhalerTestcases" name="@AfterMethod tearDown" time="-1.735047753774E9">
    <skipped/>
  </testcase> <!-- @AfterMethod tearDown -->
  <testcase classname="co.ai4lyf.Testcases.OnBoardingMedLogTestcases" name="@BeforeMethod setup" time="39.499">
    <failure type="java.lang.NullPointerException" message="Cannot invoke &amp;quot;org.openqa.selenium.SearchContext.findElement(org.openqa.selenium.By)&amp;quot; because &amp;quot;this.searchContext&amp;quot; is null">
      <![CDATA[java.lang.NullPointerException: Cannot invoke "org.openqa.selenium.SearchContext.findElement(org.openqa.selenium.By)" because "this.searchContext" is null
at org.openqa.selenium.support.pagefactory.DefaultElementLocator.findElement(DefaultElementLocator.java:68)
at org.openqa.selenium.support.pagefactory.internal.LocatingElementHandler.invoke(LocatingElementHandler.java:38)
at jdk.proxy2/jdk.proxy2.$Proxy13.isDisplayed(Unknown Source)
at org.openqa.selenium.support.ui.ExpectedConditions.elementIfVisible(ExpectedConditions.java:304)
at org.openqa.selenium.support.ui.ExpectedConditions$10.apply(ExpectedConditions.java:290)
at org.openqa.selenium.support.ui.ExpectedConditions$10.apply(ExpectedConditions.java:287)
at org.openqa.selenium.support.ui.ExpectedConditions$23.apply(ExpectedConditions.java:656)
at org.openqa.selenium.support.ui.ExpectedConditions$23.apply(ExpectedConditions.java:652)
at org.openqa.selenium.support.ui.FluentWait.until(FluentWait.java:203)
at co.Ai4Lyf.Objects.WelcomeScreenObjects.ClickContinueBtn(WelcomeScreenObjects.java:60)
at co.ai4lyf.Testcases.OnBoardingMedLogTestcases.setup(OnBoardingMedLogTestcases.java:43)
at java.base/java.util.ArrayList.forEach(ArrayList.java:1597)
... Removed 29 stack frames]]>
    </failure>
  </testcase> <!-- @BeforeMethod setup -->
  <testcase classname="co.ai4lyf.Testcases.OnBoardingMedLogTestcases" name="@AfterMethod tearDown" time="-1.735048246782E9">
    <skipped/>
  </testcase> <!-- @AfterMethod tearDown -->
  <testcase classname="co.ai4lyf.Testcases.OnBoardingMedLogTestcases" name="@BeforeMethod setup" time="-1.735048246783E9">
    <skipped/>
  </testcase> <!-- @BeforeMethod setup -->
  <testcase classname="co.ai4lyf.Testcases.OnBoardingMedLogTestcases" name="@AfterMethod tearDown" time="-1.735048246784E9">
    <skipped/>
  </testcase> <!-- @AfterMethod tearDown -->
  <testcase classname="co.ai4lyf.Testcases.OnBoardingMedLogTestcases" name="@BeforeMethod setup" time="-1.735048246785E9">
    <skipped/>
  </testcase> <!-- @BeforeMethod setup -->
  <testcase classname="co.ai4lyf.Testcases.OnBoardingMedLogTestcases" name="@AfterMethod tearDown" time="-1.735048246787E9">
    <skipped/>
  </testcase> <!-- @AfterMethod tearDown -->
  <testcase classname="co.ai4lyf.Testcases.SplashTestcases" name="LogoVerification" time="20.07">
    <failure type="org.openqa.selenium.NoSuchElementException" message="An element could not be located on the page using the given search parameters.
For documentation on this error, please visit: https://www.selenium.dev/documentation/webdriver/troubleshooting/errors#no-such-element-exception
Build info: version: &amp;apos;4.25.0&amp;apos;, revision: &amp;apos;8a8aea2337&amp;apos;
System info: os.name: &amp;apos;Mac OS X&amp;apos;, os.arch: &amp;apos;x86_64&amp;apos;, os.version: &amp;apos;14.7.1&amp;apos;, java.version: &amp;apos;23&amp;apos;
Driver info: io.appium.java_client.android.AndroidDriver
Command: [2ae38acd-3020-4941-b7e0-25db2c73af67, findElement {using=xpath, value=//android.widget.ImageView[@resource-id=&amp;apos;com.lyf.suite.lyfsuite:id/inhaler&amp;apos;]}]
Capabilities {appium:appActivity: com.lyf.suite.lyfsuite.lyf_..., appium:appPackage: com.lyf.suite.lyfsuite, appium:automationName: UiAutomator2, appium:databaseEnabled: false, appium:desired: {appActivity: com.lyf.suite.lyfsuite.lyf_..., appPackage: com.lyf.suite.lyfsuite, automationName: UiAutomator2, deviceName: Pixel 7, newCommandTimeout: 1800, platformName: ANDROID, platformVersion: 11.0, udid: emulator-5554, uiautomator2ServerInstallTimeout: 180000}, appium:deviceApiLevel: 30, appium:deviceManufacturer: Google, appium:deviceModel: sdk_gphone_x86, appium:deviceName: emulator-5554, appium:deviceScreenDensity: 420, appium:deviceScreenSize: 1080x2400, appium:deviceUDID: emulator-5554, appium:javascriptEnabled: true, appium:locationContextEnabled: false, appium:networkConnectionEnabled: true, appium:newCommandTimeout: 1800, appium:pixelRatio: 2.625, appium:platformVersion: 11, appium:statBarHeight: 136, appium:takesScreenshot: true, appium:udid: emulator-5554, appium:uiautomator2ServerInstallTimeout: 180000, appium:viewportRect: {height: 2264, left: 0, top: 136, width: 1080}, appium:warnings: {}, appium:webStorageEnabled: false, platformName: ANDROID}
Session ID: 2ae38acd-3020-4941-b7e0-25db2c73af67">
      <![CDATA[org.openqa.selenium.NoSuchElementException: An element could not be located on the page using the given search parameters.
For documentation on this error, please visit: https://www.selenium.dev/documentation/webdriver/troubleshooting/errors#no-such-element-exception
Build info: version: '4.25.0', revision: '8a8aea2337'
System info: os.name: 'Mac OS X', os.arch: 'x86_64', os.version: '14.7.1', java.version: '23'
Driver info: io.appium.java_client.android.AndroidDriver
Command: [2ae38acd-3020-4941-b7e0-25db2c73af67, findElement {using=xpath, value=//android.widget.ImageView[@resource-id='com.lyf.suite.lyfsuite:id/inhaler']}]
Capabilities {appium:appActivity: com.lyf.suite.lyfsuite.lyf_..., appium:appPackage: com.lyf.suite.lyfsuite, appium:automationName: UiAutomator2, appium:databaseEnabled: false, appium:desired: {appActivity: com.lyf.suite.lyfsuite.lyf_..., appPackage: com.lyf.suite.lyfsuite, automationName: UiAutomator2, deviceName: Pixel 7, newCommandTimeout: 1800, platformName: ANDROID, platformVersion: 11.0, udid: emulator-5554, uiautomator2ServerInstallTimeout: 180000}, appium:deviceApiLevel: 30, appium:deviceManufacturer: Google, appium:deviceModel: sdk_gphone_x86, appium:deviceName: emulator-5554, appium:deviceScreenDensity: 420, appium:deviceScreenSize: 1080x2400, appium:deviceUDID: emulator-5554, appium:javascriptEnabled: true, appium:locationContextEnabled: false, appium:networkConnectionEnabled: true, appium:newCommandTimeout: 1800, appium:pixelRatio: 2.625, appium:platformVersion: 11, appium:statBarHeight: 136, appium:takesScreenshot: true, appium:udid: emulator-5554, appium:uiautomator2ServerInstallTimeout: 180000, appium:viewportRect: {height: 2264, left: 0, top: 136, width: 1080}, appium:warnings: {}, appium:webStorageEnabled: false, platformName: ANDROID}
Session ID: 2ae38acd-3020-4941-b7e0-25db2c73af67
at org.openqa.selenium.remote.ErrorCodec.decode(ErrorCodec.java:167)
at org.openqa.selenium.remote.codec.w3c.W3CHttpResponseCodec.decode(W3CHttpResponseCodec.java:138)
at org.openqa.selenium.remote.codec.w3c.W3CHttpResponseCodec.decode(W3CHttpResponseCodec.java:50)
at org.openqa.selenium.remote.HttpCommandExecutor.execute(HttpCommandExecutor.java:190)
at io.appium.java_client.remote.AppiumCommandExecutor.execute(AppiumCommandExecutor.java:237)
at org.openqa.selenium.remote.RemoteWebDriver.execute(RemoteWebDriver.java:545)
at org.openqa.selenium.remote.ElementLocation$ElementFinder$2.findElement(ElementLocation.java:165)
at org.openqa.selenium.remote.ElementLocation.findElement(ElementLocation.java:59)
at org.openqa.selenium.remote.RemoteWebDriver.findElement(RemoteWebDriver.java:368)
at org.openqa.selenium.remote.RemoteWebDriver.findElement(RemoteWebDriver.java:362)
at org.openqa.selenium.support.pagefactory.DefaultElementLocator.findElement(DefaultElementLocator.java:68)
at org.openqa.selenium.support.pagefactory.internal.LocatingElementHandler.invoke(LocatingElementHandler.java:38)
at jdk.proxy2/jdk.proxy2.$Proxy13.isDisplayed(Unknown Source)
at co.Ai4Lyf.Objects.SplashObjects.SplashLogo(SplashObjects.java:26)
at co.ai4lyf.Testcases.SplashTestcases.LogoVerification(SplashTestcases.java:30)
at java.base/java.util.ArrayList.forEach(ArrayList.java:1597)
... Removed 28 stack frames]]>
    </failure>
  </testcase> <!-- LogoVerification -->
  <testcase classname="co.ai4lyf.Testcases.SplashTestcases" name="HeadText" time="1.0"/>
  <testcase classname="co.ai4lyf.Testcases.SplashTestcases" name="ParagraphText" time="1.036"/>
  <testcase classname="co.ai4lyf.Testcases.WelComeTestcases" name="LogoVerification" time="0.896"/>
  <testcase classname="co.ai4lyf.Testcases.WelComeTestcases" name="HeadText" time="2.71"/>
  <testcase classname="co.ai4lyf.Testcases.WelComeTestcases" name="ParagraphText" time="4.806"/>
  <testcase classname="co.ai4lyf.Testcases.WelComeTestcases" name="GetContinueBtn" time="4.148"/>
  <testcase classname="co.ai4lyf.Testcases.OnBoardingWaterLogTestcases" name="WaterLogoVerification" time="1.01"/>
  <testcase classname="co.ai4lyf.Testcases.OnBoardingWaterLogTestcases" name="HeadText" time="1.144"/>
  <testcase classname="co.ai4lyf.Testcases.OnBoardingWaterLogTestcases" name="ParaText1" time="1.111"/>
  <testcase classname="co.ai4lyf.Testcases.OnBoardingWaterLogTestcases" name="ParaText2" time="0.118"/>
  <testcase classname="co.ai4lyf.Testcases.OnBoardingWaterLogTestcases" name="Skiptext" time="0.982"/>
  <testcase classname="co.ai4lyf.Testcases.OnBoardingWaterLogTestcases" name="Nexttext" time="1.011"/>
  <testcase classname="co.ai4lyf.Testcases.OnBoardingWaterLogTestcases" name="ClickSkip" time="5.511"/>
  <testcase classname="co.ai4lyf.Testcases.OnBoardingWaterLogTestcases" name="ClickNext" time="2.741"/>
  <testcase classname="co.ai4lyf.Testcases.OnBoardingInhalerTestcases" name="LogoVerification" time="1.225"/>
  <testcase classname="co.ai4lyf.Testcases.OnBoardingInhalerTestcases" name="HeadText" time="1.446"/>
  <testcase classname="co.ai4lyf.Testcases.OnBoardingInhalerTestcases" name="ParaText1" time="1.374"/>
  <testcase classname="co.ai4lyf.Testcases.OnBoardingInhalerTestcases" name="ParaText2" time="0.0">
    <skipped/>
  </testcase> <!-- ParaText2 -->
  <testcase classname="co.ai4lyf.Testcases.OnBoardingInhalerTestcases" name="SkipText" time="0.0">
    <skipped/>
  </testcase> <!-- SkipText -->
  <testcase classname="co.ai4lyf.Testcases.OnBoardingInhalerTestcases" name="NextText" time="0.0">
    <skipped/>
  </testcase> <!-- NextText -->
  <testcase classname="co.ai4lyf.Testcases.OnBoardingInhalerTestcases" name="ClickSkipText" time="0.0">
    <skipped/>
  </testcase> <!-- ClickSkipText -->
  <testcase classname="co.ai4lyf.Testcases.OnBoardingInhalerTestcases" name="ClickNextText" time="0.0">
    <skipped/>
  </testcase> <!-- ClickNextText -->
  <testcase classname="co.ai4lyf.Testcases.OnBoardingCoughTrackerTestcases" name="LogoVerification" time="1.374"/>
  <testcase classname="co.ai4lyf.Testcases.OnBoardingCoughTrackerTestcases" name="HeadText" time="1.342"/>
  <testcase classname="co.ai4lyf.Testcases.OnBoardingCoughTrackerTestcases" name="ParaText1" time="1.718"/>
  <testcase classname="co.ai4lyf.Testcases.OnBoardingCoughTrackerTestcases" name="ParaText2" time="0.188"/>
  <testcase classname="co.ai4lyf.Testcases.OnBoardingCoughTrackerTestcases" name="SkipText" time="1.253"/>
  <testcase classname="co.ai4lyf.Testcases.OnBoardingCoughTrackerTestcases" name="NextText" time="1.302"/>
  <testcase classname="co.ai4lyf.Testcases.OnBoardingCoughTrackerTestcases" name="ClickSkipText" time="2.317"/>
  <testcase classname="co.ai4lyf.Testcases.OnBoardingCoughTrackerTestcases" name="ClickNextText" time="2.856"/>
  <testcase classname="co.ai4lyf.Testcases.OnBoardingHealLyfTestcases" name="LogoVerification" time="1.366"/>
  <testcase classname="co.ai4lyf.Testcases.OnBoardingHealLyfTestcases" name="HeadingVerification" time="1.419"/>
  <testcase classname="co.ai4lyf.Testcases.OnBoardingHealLyfTestcases" name="ParaVerification" time="1.365"/>
  <testcase classname="co.ai4lyf.Testcases.OnBoardingHealLyfTestcases" name="SkipTextVerification" time="1.448"/>
  <testcase classname="co.ai4lyf.Testcases.OnBoardingHealLyfTestcases" name="NextTextVerification" time="1.312"/>
  <testcase classname="co.ai4lyf.Testcases.OnBoardingHealLyfTestcases" name="ClickSkip" time="2.5"/>
  <testcase classname="co.ai4lyf.Testcases.OnBoardingHealLyfTestcases" name="ClickNext" time="2.762"/>
  <testcase classname="co.ai4lyf.Testcases.OnBoardingNutriTestcases" name="LogoVerification" time="1.398"/>
  <testcase classname="co.ai4lyf.Testcases.OnBoardingNutriTestcases" name="HeadingVerification" time="1.206"/>
  <testcase classname="co.ai4lyf.Testcases.OnBoardingNutriTestcases" name="ParaText1Verification" time="0.201"/>
  <testcase classname="co.ai4lyf.Testcases.OnBoardingNutriTestcases" name="ParaText2Verification" time="1.262"/>
  <testcase classname="co.ai4lyf.Testcases.OnBoardingNutriTestcases" name="SkipTextVerification" time="1.356"/>
  <testcase classname="co.ai4lyf.Testcases.OnBoardingNutriTestcases" name="NextTextVerification" time="1.254"/>
  <testcase classname="co.ai4lyf.Testcases.OnBoardingNutriTestcases" name="ClickSkip" time="2.499"/>
  <testcase classname="co.ai4lyf.Testcases.OnBoardingNutriTestcases" name="ClickNext" time="2.609"/>
  <testcase classname="co.ai4lyf.Testcases.OnBoardingMedLogTestcases" name="LogoVerification" time="0.159"/>
  <testcase classname="co.ai4lyf.Testcases.OnBoardingMedLogTestcases" name="HeadingVerification" time="0.165"/>
  <testcase classname="co.ai4lyf.Testcases.OnBoardingMedLogTestcases" name="GetParaText1" time="1.265"/>
  <testcase classname="co.ai4lyf.Testcases.OnBoardingMedLogTestcases" name="GetParaText2" time="1.166"/>
  <testcase classname="co.ai4lyf.Testcases.OnBoardingMedLogTestcases" name="SkipTextVerification" time="0.152"/>
  <testcase classname="co.ai4lyf.Testcases.OnBoardingMedLogTestcases" name="NextTextVerification" time="0.0">
    <skipped/>
  </testcase> <!-- NextTextVerification -->
  <testcase classname="co.ai4lyf.Testcases.OnBoardingMedLogTestcases" name="ClickSkip" time="0.0">
    <skipped/>
  </testcase> <!-- ClickSkip -->
  <testcase classname="co.ai4lyf.Testcases.OnBoardingMedLogTestcases" name="ClickNext" time="0.0">
    <skipped/>
  </testcase> <!-- ClickNext -->
  <testcase classname="co.ai4lyf.Testcases.LoginTestcases" name="BackLogoClick" time="2.868"/>
  <testcase classname="co.ai4lyf.Testcases.LoginTestcases" name="BackLogoVerification" time="1.408"/>
  <testcase classname="co.ai4lyf.Testcases.LoginTestcases" name="LyfSuiteLogoVerification" time="1.081"/>
  <testcase classname="co.ai4lyf.Testcases.LoginTestcases" name="VerifyHeadingText" time="0.986"/>
  <testcase classname="co.ai4lyf.Testcases.LoginTestcases" name="VerifyParaText" time="1.185"/>
  <testcase classname="co.ai4lyf.Testcases.LoginTestcases" name="VerifyEmailLabelText" time="0.164"/>
  <testcase classname="co.ai4lyf.Testcases.LoginTestcases" name="VerifyEmailPlaceHolderText" time="2.335"/>
  <testcase classname="co.ai4lyf.Testcases.LoginTestcases" name="ValidEmail" time="13.09"/>
  <testcase classname="co.ai4lyf.Testcases.LoginTestcases" name="EmailWithoutDomain1" time="3.798"/>
  <testcase classname="co.ai4lyf.Testcases.LoginTestcases" name="EmailWithoutDomain2" time="4.227"/>
  <testcase classname="co.ai4lyf.Testcases.LoginTestcases" name="EmailWithoutDomain3" time="3.766"/>
  <testcase classname="co.ai4lyf.Testcases.LoginTestcases" name="EmailWithDomain1" time="3.552"/>
  <testcase classname="co.ai4lyf.Testcases.LoginTestcases" name="EmailWithOutDomain4" time="2.779"/>
  <testcase classname="co.ai4lyf.Testcases.LoginTestcases" name="EmailWithOutDomain5" time="3.687"/>
  <testcase classname="co.ai4lyf.Testcases.LoginTestcases" name="EmailWithOutDomain6" time="7.601"/>
  <testcase classname="co.ai4lyf.Testcases.LoginTestcases" name="EmailWithServer" time="4.691"/>
  <testcase classname="co.ai4lyf.Testcases.LoginTestcases" name="EmailWithDoubleDomain1" time="3.909"/>
  <testcase classname="co.ai4lyf.Testcases.LoginTestcases" name="EmailWithDoubleDomain2" time="5.041"/>
  <testcase classname="co.ai4lyf.Testcases.LoginTestcases" name="EmailWithPlus" time="5.624"/>
  <testcase classname="co.ai4lyf.Testcases.LoginTestcases" name="EmailWithSpecialch1" time="6.401"/>
  <testcase classname="co.ai4lyf.Testcases.LoginTestcases" name="EmailWithSpecialch2" time="3.937"/>
  <testcase classname="co.ai4lyf.Testcases.LoginTestcases" name="BottomTextVerification" time="2.212"/>
  <testcase classname="co.ai4lyf.Testcases.LoginTestcases" name="EmptyEmail" time="2.233"/>
  <testcase classname="co.ai4lyf.Testcases.LoginTestcases" name="GetPrivacyPolicy" time="3.207"/>
  <testcase classname="co.ai4lyf.Testcases.LoginTestcases" name="GetTermsConditition" time="5.71"/>
  <testcase classname="co.ai4lyf.Testcases.SignUpTestcases" name="HeadingVerification" time="1.885"/>
  <testcase classname="co.ai4lyf.Testcases.SignUpTestcases" name="NameLabelVerification" time="1.985"/>
  <testcase classname="co.ai4lyf.Testcases.SignUpTestcases" name="NamePlaceHolderVerification" time="1.829"/>
  <testcase classname="co.ai4lyf.Testcases.SignUpTestcases" name="EthnicityLabelVerification" time="2.534"/>
  <testcase classname="co.ai4lyf.Testcases.SignUpTestcases" name="EthnicityPlaceHolderVerification" time="1.937"/>
  <testcase classname="co.ai4lyf.Testcases.SignUpTestcases" name="EthnicityInformativeLogoVerification" time="1.83"/>
  <testcase classname="co.ai4lyf.Testcases.SignUpTestcases" name="MedicalConditionLabelVerification" time="1.724"/>
  <testcase classname="co.ai4lyf.Testcases.SignUpTestcases" name="MedicalConditionPlaceHolderVerification" time="1.891"/>
  <testcase classname="co.ai4lyf.Testcases.SignUpTestcases" name="MedicalConditionInformativeLogoVerification" time="2.186"/>
  <testcase classname="co.ai4lyf.Testcases.SignUpTestcases" name="EmptyName" time="2.634"/>
  <testcase classname="co.ai4lyf.Testcases.SignUpTestcases" name="EnterName" time="5.53"/>
  <testcase classname="co.ai4lyf.Testcases.SignUpTestcases" name="NumericName" time="5.61"/>
  <testcase classname="co.ai4lyf.Testcases.SignUpTestcases" name="SpecialCharaterName" time="6.479"/>
  <testcase classname="co.ai4lyf.Testcases.SignUpTestcases" name="NameMinValidation" time="5.047"/>
  <testcase classname="co.ai4lyf.Testcases.SignUpTestcases" name="NameMaxValidation" time="4.741"/>
</testsuite> <!-- Regression Testing 1.0 -->
