<?xml version="1.0" encoding="UTF-8"?>
<!-- Generated by org.testng.reporters.JUnitXMLReporter -->
<testsuite ignored="0" hostname="Alis-MacBook-Pro.local" failures="2" tests="31" name="SplashScreen" time="286.79" errors="0" timestamp="2024-12-03T20:23:30 PKT">
  <testcase classname="co.ai4lyf.Testcases.SpalshTestcases" name="LogoVerification" time="0.861"/>
  <testcase classname="co.ai4lyf.Testcases.SpalshTestcases" name="HeadText" time="0.853"/>
  <testcase classname="co.ai4lyf.Testcases.SpalshTestcases" name="ParagraphText" time="0.949"/>
  <testcase classname="co.ai4lyf.Testcases.WelComeTestcases" name="LogoVerification" time="0.815"/>
  <testcase classname="co.ai4lyf.Testcases.WelComeTestcases" name="HeadText" time="2.707"/>
  <testcase classname="co.ai4lyf.Testcases.WelComeTestcases" name="ParagraphText" time="3.309"/>
  <testcase classname="co.ai4lyf.Testcases.WelComeTestcases" name="GetContinueBtn" time="4.007">
    <failure type="java.lang.AssertionError" message="The text does not match the expected value. expected [Water Log] but found [HydrationTracker]">
      <![CDATA[java.lang.AssertionError: The text does not match the expected value. expected [Water Log] but found [HydrationTracker]
at co.ai4lyf.Testcases.WelComeTestcases.GetContinueBtn(WelComeTestcases.java:57)
at java.base/java.util.ArrayList.forEach(ArrayList.java:1597)
... Removed 30 stack frames]]>
    </failure>
  </testcase> <!-- GetContinueBtn -->
  <testcase classname="co.ai4lyf.Testcases.OnBoardingWaterLogTestcases" name="WaterLogoVerification" time="0.203"/>
  <testcase classname="co.ai4lyf.Testcases.OnBoardingWaterLogTestcases" name="HeadText" time="0.075"/>
  <testcase classname="co.ai4lyf.Testcases.OnBoardingWaterLogTestcases" name="ParaText1" time="0.13"/>
  <testcase classname="co.ai4lyf.Testcases.OnBoardingWaterLogTestcases" name="ParaText2" time="0.957"/>
  <testcase classname="co.ai4lyf.Testcases.OnBoardingWaterLogTestcases" name="Skiptext" time="0.068"/>
  <testcase classname="co.ai4lyf.Testcases.OnBoardingWaterLogTestcases" name="Nexttext" time="0.077"/>
  <testcase classname="co.ai4lyf.Testcases.OnBoardingWaterLogTestcases" name="ClickSkip" time="1.348"/>
  <testcase classname="co.ai4lyf.Testcases.OnBoardingWaterLogTestcases" name="ClickNext" time="1.547"/>
  <testcase classname="co.ai4lyf.Testcases.OnBoardingInhalerTestcases" name="LogoVerification" time="1.187"/>
  <testcase classname="co.ai4lyf.Testcases.OnBoardingInhalerTestcases" name="HeadText" time="1.26"/>
  <testcase classname="co.ai4lyf.Testcases.OnBoardingInhalerTestcases" name="ParaText1" time="0.198"/>
  <testcase classname="co.ai4lyf.Testcases.OnBoardingInhalerTestcases" name="ParaText2" time="1.32"/>
  <testcase classname="co.ai4lyf.Testcases.OnBoardingInhalerTestcases" name="SkipText" time="1.264"/>
  <testcase classname="co.ai4lyf.Testcases.OnBoardingInhalerTestcases" name="NextText" time="1.26"/>
  <testcase classname="co.ai4lyf.Testcases.OnBoardingInhalerTestcases" name="ClickSkipText" time="3.253"/>
  <testcase classname="co.ai4lyf.Testcases.OnBoardingInhalerTestcases" name="ClickNextText" time="2.456">
    <failure type="org.openqa.selenium.StaleElementReferenceException" message="The element &amp;apos;By.xpath: //android.widget.TextView[@resource-id=&amp;apos;com.lyf.suite.lyfsuite:id/tv1&amp;apos;]&amp;apos; is not linked to the same object in DOM anymore
For documentation on this error, please visit: https://www.selenium.dev/documentation/webdriver/troubleshooting/errors#stale-element-reference-exception
Build info: version: &amp;apos;4.25.0&amp;apos;, revision: &amp;apos;8a8aea2337&amp;apos;
System info: os.name: &amp;apos;Mac OS X&amp;apos;, os.arch: &amp;apos;x86_64&amp;apos;, os.version: &amp;apos;14.7.1&amp;apos;, java.version: &amp;apos;23&amp;apos;
Driver info: io.appium.java_client.android.AndroidDriver
Command: [4c4e5be7-13f5-4c7c-b3f5-94074cc33c42, isElementDisplayed {id=00000000-0000-01e3-ffff-ffff00000045}]
Capabilities {appium:appActivity: com.lyf.suite.lyfsuite.lyf_..., appium:appPackage: com.lyf.suite.lyfsuite, appium:automationName: UiAutomator2, appium:databaseEnabled: false, appium:desired: {appActivity: com.lyf.suite.lyfsuite.lyf_..., appPackage: com.lyf.suite.lyfsuite, automationName: UiAutomator2, deviceName: Pixel 7, newCommandTimeout: 1800, platformName: ANDROID, platformVersion: 11.0, udid: emulator-5554, uiautomator2ServerInstallTimeout: 180000}, appium:deviceApiLevel: 30, appium:deviceManufacturer: Google, appium:deviceModel: sdk_gphone_x86, appium:deviceName: emulator-5554, appium:deviceScreenDensity: 420, appium:deviceScreenSize: 1080x2400, appium:deviceUDID: emulator-5554, appium:javascriptEnabled: true, appium:locationContextEnabled: false, appium:networkConnectionEnabled: true, appium:newCommandTimeout: 1800, appium:pixelRatio: 2.625, appium:platformVersion: 11, appium:statBarHeight: 136, appium:takesScreenshot: true, appium:udid: emulator-5554, appium:uiautomator2ServerInstallTimeout: 180000, appium:viewportRect: {height: 2264, left: 0, top: 136, width: 1080}, appium:warnings: {}, appium:webStorageEnabled: false, platformName: ANDROID}
Element: [[AndroidDriver:  on ANDROID (4c4e5be7-13f5-4c7c-b3f5-94074cc33c42)] -&amp;gt; xpath: //android.widget.TextView[@resource-id=&amp;apos;com.lyf.suite.lyfsuite:id/tv1&amp;apos;]]
Session ID: 4c4e5be7-13f5-4c7c-b3f5-94074cc33c42">
      <![CDATA[org.openqa.selenium.StaleElementReferenceException: The element 'By.xpath: //android.widget.TextView[@resource-id='com.lyf.suite.lyfsuite:id/tv1']' is not linked to the same object in DOM anymore
For documentation on this error, please visit: https://www.selenium.dev/documentation/webdriver/troubleshooting/errors#stale-element-reference-exception
Build info: version: '4.25.0', revision: '8a8aea2337'
System info: os.name: 'Mac OS X', os.arch: 'x86_64', os.version: '14.7.1', java.version: '23'
Driver info: io.appium.java_client.android.AndroidDriver
Command: [4c4e5be7-13f5-4c7c-b3f5-94074cc33c42, isElementDisplayed {id=00000000-0000-01e3-ffff-ffff00000045}]
Capabilities {appium:appActivity: com.lyf.suite.lyfsuite.lyf_..., appium:appPackage: com.lyf.suite.lyfsuite, appium:automationName: UiAutomator2, appium:databaseEnabled: false, appium:desired: {appActivity: com.lyf.suite.lyfsuite.lyf_..., appPackage: com.lyf.suite.lyfsuite, automationName: UiAutomator2, deviceName: Pixel 7, newCommandTimeout: 1800, platformName: ANDROID, platformVersion: 11.0, udid: emulator-5554, uiautomator2ServerInstallTimeout: 180000}, appium:deviceApiLevel: 30, appium:deviceManufacturer: Google, appium:deviceModel: sdk_gphone_x86, appium:deviceName: emulator-5554, appium:deviceScreenDensity: 420, appium:deviceScreenSize: 1080x2400, appium:deviceUDID: emulator-5554, appium:javascriptEnabled: true, appium:locationContextEnabled: false, appium:networkConnectionEnabled: true, appium:newCommandTimeout: 1800, appium:pixelRatio: 2.625, appium:platformVersion: 11, appium:statBarHeight: 136, appium:takesScreenshot: true, appium:udid: emulator-5554, appium:uiautomator2ServerInstallTimeout: 180000, appium:viewportRect: {height: 2264, left: 0, top: 136, width: 1080}, appium:warnings: {}, appium:webStorageEnabled: false, platformName: ANDROID}
Element: [[AndroidDriver:  on ANDROID (4c4e5be7-13f5-4c7c-b3f5-94074cc33c42)] -> xpath: //android.widget.TextView[@resource-id='com.lyf.suite.lyfsuite:id/tv1']]
Session ID: 4c4e5be7-13f5-4c7c-b3f5-94074cc33c42
at org.openqa.selenium.remote.ErrorCodec.decode(ErrorCodec.java:167)
at org.openqa.selenium.remote.codec.w3c.W3CHttpResponseCodec.decode(W3CHttpResponseCodec.java:138)
at org.openqa.selenium.remote.codec.w3c.W3CHttpResponseCodec.decode(W3CHttpResponseCodec.java:50)
at org.openqa.selenium.remote.HttpCommandExecutor.execute(HttpCommandExecutor.java:190)
at io.appium.java_client.remote.AppiumCommandExecutor.execute(AppiumCommandExecutor.java:237)
at org.openqa.selenium.remote.RemoteWebDriver.execute(RemoteWebDriver.java:545)
at org.openqa.selenium.remote.RemoteWebElement.execute(RemoteWebElement.java:223)
at org.openqa.selenium.remote.RemoteWebElement.isDisplayed(RemoteWebElement.java:282)
at org.openqa.selenium.support.pagefactory.internal.LocatingElementHandler.invoke(LocatingElementHandler.java:51)
at jdk.proxy2/jdk.proxy2.$Proxy12.isDisplayed(Unknown Source)
at org.openqa.selenium.support.ui.ExpectedConditions.elementIfVisible(ExpectedConditions.java:304)
at org.openqa.selenium.support.ui.ExpectedConditions$10.apply(ExpectedConditions.java:290)
at org.openqa.selenium.support.ui.ExpectedConditions$10.apply(ExpectedConditions.java:287)
at org.openqa.selenium.support.ui.FluentWait.until(FluentWait.java:203)
at co.Ai4Lyf.Objects.OnBoardingCoughTracker.GetHeadingText(OnBoardingCoughTracker.java:48)
at co.ai4lyf.Testcases.OnBoardingInhalerTestcases.ClickNextText(OnBoardingInhalerTestcases.java:91)
at java.base/java.util.ArrayList.forEach(ArrayList.java:1597)
... Removed 30 stack frames]]>
    </failure>
  </testcase> <!-- ClickNextText -->
  <testcase classname="co.ai4lyf.Testcases.OnBoardingCoughTrackerTestcases" name="LogoVerification" time="0.127"/>
  <testcase classname="co.ai4lyf.Testcases.OnBoardingCoughTrackerTestcases" name="HeadText" time="0.108"/>
  <testcase classname="co.ai4lyf.Testcases.OnBoardingCoughTrackerTestcases" name="ParaText1" time="1.262"/>
  <testcase classname="co.ai4lyf.Testcases.OnBoardingCoughTrackerTestcases" name="ParaText2" time="1.265"/>
  <testcase classname="co.ai4lyf.Testcases.OnBoardingCoughTrackerTestcases" name="SkipText" time="1.217"/>
  <testcase classname="co.ai4lyf.Testcases.OnBoardingCoughTrackerTestcases" name="NextText" time="1.251"/>
  <testcase classname="co.ai4lyf.Testcases.OnBoardingCoughTrackerTestcases" name="ClickSkipText" time="2.16"/>
  <testcase classname="co.ai4lyf.Testcases.OnBoardingCoughTrackerTestcases" name="ClickNextText" time="2.491"/>
</testsuite> <!-- SplashScreen -->
